#
# There is insufficient memory for the Java Runtime Environment to continue.
# Native memory allocation (mmap) failed to map 15728640 bytes for G1 virtual space
# Possible reasons:
#   The system is out of physical RAM or swap space
#   The process is running with CompressedOops enabled, and the Java Heap may be blocking the growth of the native heap
# Possible solutions:
#   Reduce memory load on the system
#   Increase physical memory or swap space
#   Check if swap backing store is full
#   Decrease Java heap size (-Xmx/-Xms)
#   Decrease number of Java threads
#   Decrease Java thread stack sizes (-Xss)
#   Set larger code cache with -XX:ReservedCodeCacheSize=
#   JVM is running with Unscaled Compressed Oops mode in which the Java heap is
#     placed in the first 4GB address space. The Java Heap base address is the
#     maximum limit for the native heap growth. Please use -XX:HeapBaseMinAddress
#     to set the Java Heap base and to place the Java Heap above 4GB virtual address.
# This output file may be truncated or incomplete.
#
#  Out of Memory Error (os_windows.cpp:3771), pid=6864, tid=12824
#
# JRE version: OpenJDK Runtime Environment (17.0.7) (build 17.0.7+0-b2043.56-10550314)
# Java VM: OpenJDK 64-Bit Server VM (17.0.7+0-b2043.56-10550314, mixed mode, tiered, compressed oops, compressed class ptrs, g1 gc, windows-amd64)
# No core dump will be written. Minidumps are not enabled by default on client versions of Windows
#

---------------  S U M M A R Y ------------

Command Line: --add-opens=java.base/java.util=ALL-UNNAMED --add-opens=java.base/java.lang=ALL-UNNAMED --add-opens=java.base/java.lang.invoke=ALL-UNNAMED --add-opens=java.prefs/java.util.prefs=ALL-UNNAMED --add-opens=java.base/java.nio.charset=ALL-UNNAMED --add-opens=java.base/java.net=ALL-UNNAMED --add-opens=java.base/java.util.concurrent.atomic=ALL-UNNAMED -Xmx2048m -Dfile.encoding=UTF-8 -Duser.country=US -Duser.language=en -Duser.variant -javaagent:C:\Users\Anas\.gradle\wrapper\dists\gradle-8.2-bin\bbg7u40eoinfdyxsxr3z4i7ta\gradle-8.2\lib\agents\gradle-instrumentation-agent-8.2.jar org.gradle.launcher.daemon.bootstrap.GradleDaemon 8.2

Host: 11th Gen Intel(R) Core(TM) i5-1135G7 @ 2.40GHz, 8 cores, 11G,  Windows 10 , 64 bit Build 19041 (10.0.19041.3636)
Time: Thu Jan 11 18:28:13 2024 Pakistan Standard Time elapsed time: 6.025845 seconds (0d 0h 0m 6s)

---------------  T H R E A D  ---------------

Current thread (0x0000028cb7009750):  VMThread "VM Thread" [stack: 0x000000d062b00000,0x000000d062c00000] [id=12824]

Stack: [0x000000d062b00000,0x000000d062c00000]
Native frames: (J=compiled Java code, j=interpreted, Vv=VM code, C=native code)
V  [jvm.dll+0x683bfa]
V  [jvm.dll+0x8430a4]
V  [jvm.dll+0x8449be]
V  [jvm.dll+0x845023]
V  [jvm.dll+0x24ad2f]
V  [jvm.dll+0x680ac9]
V  [jvm.dll+0x67519a]
V  [jvm.dll+0x30b3cb]
V  [jvm.dll+0x312876]
V  [jvm.dll+0x36221e]
V  [jvm.dll+0x36244f]
V  [jvm.dll+0x2e14a8]
V  [jvm.dll+0x2e4596]
V  [jvm.dll+0x2eed58]
V  [jvm.dll+0x323a40]
V  [jvm.dll+0x8496eb]
V  [jvm.dll+0x84a424]
V  [jvm.dll+0x84a93d]
V  [jvm.dll+0x84ad14]
V  [jvm.dll+0x84ade0]
V  [jvm.dll+0x7f2aea]
V  [jvm.dll+0x682a35]
C  [ucrtbase.dll+0x21bb2]
C  [KERNEL32.DLL+0x17344]
C  [ntdll.dll+0x526b1]

VM_Operation (0x000000d0627ff840): G1Concurrent, mode: safepoint, requested by thread 0x0000028c9d41c5d0


---------------  P R O C E S S  ---------------

Threads class SMR info:
_java_thread_list=0x0000028cbe5303b0, length=44, elements={
0x0000028c9d3b12d0, 0x0000028cb73d2260, 0x0000028cb73d2e10, 0x0000028cb700e570,
0x0000028cb73baa70, 0x0000028cb73bb940, 0x0000028cb73bc2f0, 0x0000028cb7401350,
0x0000028cb74052f0, 0x0000028cb74060f0, 0x0000028cb74a9be0, 0x0000028cb7693370,
0x0000028cbd87c020, 0x0000028cbd10a480, 0x0000028cbc17cc40, 0x0000028cbe8bef60,
0x0000028cbe314ed0, 0x0000028cbc2fb5d0, 0x0000028cbc2fbaa0, 0x0000028cbd027450,
0x0000028cbd026110, 0x0000028cbd029130, 0x0000028cbd0282c0, 0x0000028cbd026ab0,
0x0000028cbd027df0, 0x0000028cbd026f80, 0x0000028cbd028c60, 0x0000028cbd025770,
0x0000028cbd025c40, 0x0000028cbd0265e0, 0x0000028cbe4ebc20, 0x0000028cbe4f0450,
0x0000028cbe4efab0, 0x0000028cbe4ef110, 0x0000028cbe4ed900, 0x0000028cbe4eddd0,
0x0000028cbe4eadb0, 0x0000028cbe4f1790, 0x0000028cbe4ec0f0, 0x0000028cbe4ea8e0,
0x0000028cbe4f12c0, 0x0000028cbe4eca90, 0x0000028cc0509120, 0x0000028cc050a560
}

Java Threads: ( => current thread )
  0x0000028c9d3b12d0 JavaThread "main" [_thread_blocked, id=14932, stack(0x000000d062500000,0x000000d062600000)]
  0x0000028cb73d2260 JavaThread "Reference Handler" daemon [_thread_blocked, id=14516, stack(0x000000d062c00000,0x000000d062d00000)]
  0x0000028cb73d2e10 JavaThread "Finalizer" daemon [_thread_blocked, id=14084, stack(0x000000d062d00000,0x000000d062e00000)]
  0x0000028cb700e570 JavaThread "Signal Dispatcher" daemon [_thread_blocked, id=15784, stack(0x000000d062e00000,0x000000d062f00000)]
  0x0000028cb73baa70 JavaThread "Attach Listener" daemon [_thread_blocked, id=3428, stack(0x000000d062f00000,0x000000d063000000)]
  0x0000028cb73bb940 JavaThread "Service Thread" daemon [_thread_blocked, id=14972, stack(0x000000d063000000,0x000000d063100000)]
  0x0000028cb73bc2f0 JavaThread "Monitor Deflation Thread" daemon [_thread_blocked, id=15204, stack(0x000000d063100000,0x000000d063200000)]
  0x0000028cb7401350 JavaThread "C2 CompilerThread0" daemon [_thread_blocked, id=9512, stack(0x000000d063200000,0x000000d063300000)]
  0x0000028cb74052f0 JavaThread "C1 CompilerThread0" daemon [_thread_blocked, id=14804, stack(0x000000d063300000,0x000000d063400000)]
  0x0000028cb74060f0 JavaThread "Sweeper thread" daemon [_thread_blocked, id=8220, stack(0x000000d063400000,0x000000d063500000)]
  0x0000028cb74a9be0 JavaThread "Common-Cleaner" daemon [_thread_blocked, id=15040, stack(0x000000d063500000,0x000000d063600000)]
  0x0000028cb7693370 JavaThread "Notification Thread" daemon [_thread_blocked, id=15332, stack(0x000000d063600000,0x000000d063700000)]
  0x0000028cbd87c020 JavaThread "Daemon health stats" [_thread_blocked, id=10000, stack(0x000000d063e00000,0x000000d063f00000)]
  0x0000028cbd10a480 JavaThread "Incoming local TCP Connector on port 52182" [_thread_in_native, id=14432, stack(0x000000d063900000,0x000000d063a00000)]
  0x0000028cbc17cc40 JavaThread "Daemon periodic checks" [_thread_blocked, id=12380, stack(0x000000d063f00000,0x000000d064000000)]
  0x0000028cbe8bef60 JavaThread "Daemon" [_thread_blocked, id=14652, stack(0x000000d064000000,0x000000d064100000)]
  0x0000028cbe314ed0 JavaThread "Handler for socket connection from /127.0.0.1:52182 to /127.0.0.1:52183" [_thread_in_native, id=15408, stack(0x000000d064100000,0x000000d064200000)]
  0x0000028cbc2fb5d0 JavaThread "Cancel handler" [_thread_blocked, id=4600, stack(0x000000d064200000,0x000000d064300000)]
  0x0000028cbc2fbaa0 JavaThread "Daemon worker" [_thread_blocked, id=12972, stack(0x000000d064300000,0x000000d064400000)]
  0x0000028cbd027450 JavaThread "Asynchronous log dispatcher for DefaultDaemonConnection: socket connection from /127.0.0.1:52182 to /127.0.0.1:52183" [_thread_blocked, id=8312, stack(0x000000d064400000,0x000000d064500000)]
  0x0000028cbd026110 JavaThread "Stdin handler" [_thread_blocked, id=11664, stack(0x000000d064500000,0x000000d064600000)]
  0x0000028cbd029130 JavaThread "Daemon client event forwarder" [_thread_blocked, id=12048, stack(0x000000d064600000,0x000000d064700000)]
  0x0000028cbd0282c0 JavaThread "Cache worker for journal cache (C:\Users\Anas\.gradle\caches\journal-1)" [_thread_blocked, id=15928, stack(0x000000d064b00000,0x000000d064c00000)]
  0x0000028cbd026ab0 JavaThread "File lock request listener" [_thread_in_native, id=16216, stack(0x000000d064c00000,0x000000d064d00000)]
  0x0000028cbd027df0 JavaThread "Cache worker for file hash cache (C:\Users\Anas\.gradle\caches\8.2\fileHashes)" [_thread_blocked, id=15232, stack(0x000000d064d00000,0x000000d064e00000)]
  0x0000028cbd026f80 JavaThread "File watcher server" daemon [_thread_in_native, id=9288, stack(0x000000d064f00000,0x000000d065000000)]
  0x0000028cbd028c60 JavaThread "File watcher consumer" daemon [_thread_blocked, id=4692, stack(0x000000d065000000,0x000000d065100000)]
  0x0000028cbd025770 JavaThread "jar transforms" [_thread_blocked, id=14076, stack(0x000000d065100000,0x000000d065200000)]
  0x0000028cbd025c40 JavaThread "jar transforms Thread 2" [_thread_blocked, id=14296, stack(0x000000d065200000,0x000000d065300000)]
  0x0000028cbd0265e0 JavaThread "jar transforms Thread 3" [_thread_blocked, id=13700, stack(0x000000d065300000,0x000000d065400000)]
  0x0000028cbe4ebc20 JavaThread "jar transforms Thread 4" [_thread_blocked, id=13104, stack(0x000000d065400000,0x000000d065500000)]
  0x0000028cbe4f0450 JavaThread "jar transforms Thread 5" [_thread_blocked, id=11056, stack(0x000000d065500000,0x000000d065600000)]
  0x0000028cbe4efab0 JavaThread "jar transforms Thread 6" [_thread_blocked, id=16156, stack(0x000000d065600000,0x000000d065700000)]
  0x0000028cbe4ef110 JavaThread "jar transforms Thread 7" [_thread_blocked, id=16228, stack(0x000000d065700000,0x000000d065800000)]
  0x0000028cbe4ed900 JavaThread "jar transforms Thread 8" [_thread_blocked, id=6996, stack(0x000000d065800000,0x000000d065900000)]
  0x0000028cbe4eddd0 JavaThread "Cache worker for checksums cache (C:\Users\Anas\AndroidStudioProjects\Samaan\.gradle\8.2\checksums)" [_thread_blocked, id=8848, stack(0x000000d065900000,0x000000d065a00000)]
  0x0000028cbe4eadb0 JavaThread "Cache worker for cache directory md-rule (C:\Users\Anas\.gradle\caches\8.2\md-rule)" [_thread_blocked, id=1556, stack(0x000000d065a00000,0x000000d065b00000)]
  0x0000028cbe4f1790 JavaThread "Cache worker for file content cache (C:\Users\Anas\.gradle\caches\8.2\fileContent)" [_thread_blocked, id=2128, stack(0x000000d065b00000,0x000000d065c00000)]
  0x0000028cbe4ec0f0 JavaThread "Cache worker for file hash cache (C:\Users\Anas\AndroidStudioProjects\Samaan\.gradle\8.2\fileHashes)" [_thread_blocked, id=9728, stack(0x000000d065c00000,0x000000d065d00000)]
  0x0000028cbe4ea8e0 JavaThread "Cache worker for cache directory md-supplier (C:\Users\Anas\.gradle\caches\8.2\md-supplier)" [_thread_blocked, id=1256, stack(0x000000d065d00000,0x000000d065e00000)]
  0x0000028cbe4f12c0 JavaThread "Cache worker for execution history cache (C:\Users\Anas\.gradle\caches\8.2\executionHistory)" [_thread_blocked, id=13944, stack(0x000000d065e00000,0x000000d065f00000)]
  0x0000028cbe4eca90 JavaThread "Cache worker for kotlin-dsl (C:\Users\Anas\.gradle\caches\8.2\kotlin-dsl)" [_thread_blocked, id=16044, stack(0x000000d065f00000,0x000000d066000000)]
  0x0000028cc0509120 JavaThread "C2 CompilerThread1" daemon [_thread_blocked, id=9212, stack(0x000000d063800000,0x000000d063900000)]
  0x0000028cc050a560 JavaThread "C2 CompilerThread2" daemon [_thread_blocked, id=14392, stack(0x000000d064e00000,0x000000d064f00000)]

Other Threads:
=>0x0000028cb7009750 VMThread "VM Thread" [stack: 0x000000d062b00000,0x000000d062c00000] [id=12824]
  0x0000028c9d439990 WatcherThread [stack: 0x000000d063700000,0x000000d063800000] [id=1776]
  0x0000028c9d40b690 GCTaskThread "GC Thread#0" [stack: 0x000000d062600000,0x000000d062700000] [id=14364]
  0x0000028cbc168850 GCTaskThread "GC Thread#1" [stack: 0x000000d063a00000,0x000000d063b00000] [id=15280]
  0x0000028cbcd74910 GCTaskThread "GC Thread#2" [stack: 0x000000d063b00000,0x000000d063c00000] [id=9832]
  0x0000028cbcd74bc0 GCTaskThread "GC Thread#3" [stack: 0x000000d063c00000,0x000000d063d00000] [id=7756]
  0x0000028cbd2fb900 GCTaskThread "GC Thread#4" [stack: 0x000000d063d00000,0x000000d063e00000] [id=13988]
  0x0000028cbc0f01a0 GCTaskThread "GC Thread#5" [stack: 0x000000d064700000,0x000000d064800000] [id=15004]
  0x0000028cbe315bc0 GCTaskThread "GC Thread#6" [stack: 0x000000d064800000,0x000000d064900000] [id=12548]
  0x0000028cbe5d2680 GCTaskThread "GC Thread#7" [stack: 0x000000d064900000,0x000000d064a00000] [id=15600]
  0x0000028c9d41c5d0 ConcurrentGCThread "G1 Main Marker" [stack: 0x000000d062700000,0x000000d062800000] [id=7680]
  0x0000028c9d41cfe0 ConcurrentGCThread "G1 Conc#0" [stack: 0x000000d062800000,0x000000d062900000] [id=12948]
  0x0000028cbd62a6a0 ConcurrentGCThread "G1 Conc#1" [stack: 0x000000d064a00000,0x000000d064b00000] [id=10704]
  0x0000028cb6eadfc0 ConcurrentGCThread "G1 Refine#0" [stack: 0x000000d062900000,0x000000d062a00000] [id=15988]
  0x0000028cbfd2cf30 ConcurrentGCThread "G1 Refine#1" [stack: 0x000000d066000000,0x000000d066100000] [id=15244]
  0x0000028cbfd29890 ConcurrentGCThread "G1 Refine#2" [stack: 0x000000d066100000,0x000000d066200000] [id=15460]
  0x0000028cbfd2c0d0 ConcurrentGCThread "G1 Refine#3" [stack: 0x000000d066200000,0x000000d066300000] [id=12752]
  0x0000028cbfd2b550 ConcurrentGCThread "G1 Refine#4" [stack: 0x000000d066300000,0x000000d066400000] [id=1204]
  0x0000028cb6eae9e0 ConcurrentGCThread "G1 Service" [stack: 0x000000d062a00000,0x000000d062b00000] [id=13308]

Threads with active compile tasks:
C2 CompilerThread0     6035 5568       4       org.jetbrains.kotlin.protobuf.CodedOutputStream::newInstance (12 bytes)
C1 CompilerThread0     6035 5576       3       org.jetbrains.kotlin.protobuf.LiteralByteString::isValidUtf8 (20 bytes)
C2 CompilerThread1     6035 5563       4       org.jetbrains.kotlin.protobuf.CodedInputStream::readTag (41 bytes)
C2 CompilerThread2     6035 5565       4       org.jetbrains.kotlin.protobuf.CodedInputStream::isAtEnd (25 bytes)

VM state: at safepoint (normal execution)

VM Mutex/Monitor currently owned by a thread:  ([mutex/lock_event])
[0x0000028c9d3acd10] Threads_lock - owner thread: 0x0000028cb7009750
[0x0000028c9d3acad0] Heap_lock - owner thread: 0x0000028c9d41c5d0

Heap address: 0x0000000080000000, size: 2048 MB, Compressed Oops mode: 32-bit

CDS archive(s) not mapped
Compressed class space mapped at: 0x0000000100000000-0x0000000140000000, reserved size: 1073741824
Narrow klass base: 0x0000000000000000, Narrow klass shift: 3, Narrow klass range: 0x140000000

GC Precious Log:
 CPUs: 8 total, 8 available
 Memory: 11930M
 Large Page Support: Disabled
 NUMA Support: Disabled
 Compressed Oops: Enabled (32-bit)
 Heap Region Size: 1M
 Heap Min Capacity: 8M
 Heap Initial Capacity: 188M
 Heap Max Capacity: 2G
 Pre-touch: Disabled
 Parallel Workers: 8
 Concurrent Workers: 2
 Concurrent Refinement Workers: 8
 Periodic GC: Disabled

Heap:
 garbage-first heap   total 147456K, used 95171K [0x0000000080000000, 0x0000000100000000)
  region size 1024K, 5 young (5120K), 3 survivors (3072K)
 Metaspace       used 74176K, committed 74880K, reserved 1114112K
  class space    used 10165K, committed 10496K, reserved 1048576K

Heap Regions: E=young(eden), S=young(survivor), O=old, HS=humongous(starts), HC=humongous(continues), CS=collection set, F=free, OA=open archive, CA=closed archive, TAMS=top-at-mark-start (previous, next)
|   0|0x0000000080000000, 0x0000000080100000, 0x0000000080100000|100%|HS|  |TAMS 0x0000000080100000, 0x0000000080000000| Complete 
|   1|0x0000000080100000, 0x0000000080200000, 0x0000000080200000|100%|HC|  |TAMS 0x0000000080200000, 0x0000000080100000| Complete 
|   2|0x0000000080200000, 0x0000000080300000, 0x0000000080300000|100%|HC|  |TAMS 0x0000000080300000, 0x0000000080200000| Complete 
|   3|0x0000000080300000, 0x0000000080400000, 0x0000000080400000|100%|HC|  |TAMS 0x0000000080400000, 0x0000000080300000| Complete 
|   4|0x0000000080400000, 0x0000000080500000, 0x0000000080500000|100%| O|  |TAMS 0x0000000080500000, 0x0000000080400000| Untracked 
|   5|0x0000000080500000, 0x0000000080600000, 0x0000000080600000|100%| O|  |TAMS 0x0000000080600000, 0x0000000080500000| Untracked 
|   6|0x0000000080600000, 0x0000000080700000, 0x0000000080700000|100%| O|  |TAMS 0x0000000080700000, 0x0000000080600000| Untracked 
|   7|0x0000000080700000, 0x0000000080800000, 0x0000000080800000|100%| O|  |TAMS 0x0000000080800000, 0x0000000080700000| Untracked 
|   8|0x0000000080800000, 0x0000000080900000, 0x0000000080900000|100%| O|  |TAMS 0x0000000080900000, 0x0000000080800000| Untracked 
|   9|0x0000000080900000, 0x0000000080a00000, 0x0000000080a00000|100%| O|  |TAMS 0x0000000080a00000, 0x0000000080900000| Untracked 
|  10|0x0000000080a00000, 0x0000000080b00000, 0x0000000080b00000|100%| O|  |TAMS 0x0000000080b00000, 0x0000000080a00000| Untracked 
|  11|0x0000000080b00000, 0x0000000080c00000, 0x0000000080c00000|100%| O|  |TAMS 0x0000000080c00000, 0x0000000080b00000| Untracked 
|  12|0x0000000080c00000, 0x0000000080d00000, 0x0000000080d00000|100%| O|  |TAMS 0x0000000080d00000, 0x0000000080c00000| Untracked 
|  13|0x0000000080d00000, 0x0000000080e00000, 0x0000000080e00000|100%| O|  |TAMS 0x0000000080e00000, 0x0000000080d00000| Untracked 
|  14|0x0000000080e00000, 0x0000000080f00000, 0x0000000080f00000|100%| O|  |TAMS 0x0000000080f00000, 0x0000000080e00000| Updating 
|  15|0x0000000080f00000, 0x0000000081000000, 0x0000000081000000|100%| O|  |TAMS 0x0000000081000000, 0x0000000080f00000| Untracked 
|  16|0x0000000081000000, 0x0000000081100000, 0x0000000081100000|100%| O|  |TAMS 0x0000000081100000, 0x0000000081000000| Untracked 
|  17|0x0000000081100000, 0x0000000081200000, 0x0000000081200000|100%| O|  |TAMS 0x0000000081200000, 0x0000000081100000| Untracked 
|  18|0x0000000081200000, 0x0000000081300000, 0x0000000081300000|100%| O|  |TAMS 0x0000000081300000, 0x0000000081200000| Untracked 
|  19|0x0000000081300000, 0x0000000081400000, 0x0000000081400000|100%| O|  |TAMS 0x0000000081400000, 0x0000000081300000| Untracked 
|  20|0x0000000081400000, 0x0000000081500000, 0x0000000081500000|100%| O|  |TAMS 0x0000000081500000, 0x0000000081400000| Updating 
|  21|0x0000000081500000, 0x0000000081600000, 0x0000000081600000|100%|HS|  |TAMS 0x0000000081600000, 0x0000000081500000| Complete 
|  22|0x0000000081600000, 0x0000000081700000, 0x0000000081700000|100%|HC|  |TAMS 0x0000000081700000, 0x0000000081600000| Complete 
|  23|0x0000000081700000, 0x0000000081800000, 0x0000000081800000|100%|HS|  |TAMS 0x0000000081800000, 0x0000000081700000| Complete 
|  24|0x0000000081800000, 0x0000000081900000, 0x0000000081900000|100%|HC|  |TAMS 0x0000000081900000, 0x0000000081800000| Complete 
|  25|0x0000000081900000, 0x0000000081a00000, 0x0000000081a00000|100%|HC|  |TAMS 0x0000000081a00000, 0x0000000081900000| Complete 
|  26|0x0000000081a00000, 0x0000000081b00000, 0x0000000081b00000|100%|HS|  |TAMS 0x0000000081b00000, 0x0000000081a00000| Complete 
|  27|0x0000000081b00000, 0x0000000081c00000, 0x0000000081c00000|100%|HC|  |TAMS 0x0000000081c00000, 0x0000000081b00000| Complete 
|  28|0x0000000081c00000, 0x0000000081d00000, 0x0000000081d00000|100%| O|  |TAMS 0x0000000081d00000, 0x0000000081c00000| Untracked 
|  29|0x0000000081d00000, 0x0000000081e00000, 0x0000000081e00000|100%| O|  |TAMS 0x0000000081e00000, 0x0000000081d00000| Untracked 
|  30|0x0000000081e00000, 0x0000000081f00000, 0x0000000081f00000|100%|HS|  |TAMS 0x0000000081f00000, 0x0000000081e00000| Complete 
|  31|0x0000000081f00000, 0x0000000082000000, 0x0000000082000000|100%|HC|  |TAMS 0x0000000082000000, 0x0000000081f00000| Complete 
|  32|0x0000000082000000, 0x0000000082100000, 0x0000000082100000|100%|HC|  |TAMS 0x0000000082100000, 0x0000000082000000| Complete 
|  33|0x0000000082100000, 0x0000000082200000, 0x0000000082200000|100%|HC|  |TAMS 0x0000000082200000, 0x0000000082100000| Complete 
|  34|0x0000000082200000, 0x0000000082300000, 0x0000000082300000|100%|HC|  |TAMS 0x0000000082300000, 0x0000000082200000| Complete 
|  35|0x0000000082300000, 0x0000000082400000, 0x0000000082400000|100%|HC|  |TAMS 0x0000000082400000, 0x0000000082300000| Complete 
|  36|0x0000000082400000, 0x0000000082500000, 0x0000000082500000|100%|HC|  |TAMS 0x0000000082500000, 0x0000000082400000| Complete 
|  37|0x0000000082500000, 0x0000000082600000, 0x0000000082600000|100%|HC|  |TAMS 0x0000000082600000, 0x0000000082500000| Complete 
|  38|0x0000000082600000, 0x0000000082700000, 0x0000000082700000|100%|HC|  |TAMS 0x0000000082700000, 0x0000000082600000| Complete 
|  39|0x0000000082700000, 0x0000000082800000, 0x0000000082800000|100%|HC|  |TAMS 0x0000000082800000, 0x0000000082700000| Complete 
|  40|0x0000000082800000, 0x0000000082900000, 0x0000000082900000|100%|HC|  |TAMS 0x0000000082900000, 0x0000000082800000| Complete 
|  41|0x0000000082900000, 0x0000000082a00000, 0x0000000082a00000|100%|HC|  |TAMS 0x0000000082a00000, 0x0000000082900000| Complete 
|  42|0x0000000082a00000, 0x0000000082b00000, 0x0000000082b00000|100%|HS|  |TAMS 0x0000000082b00000, 0x0000000082a00000| Complete 
|  43|0x0000000082b00000, 0x0000000082c00000, 0x0000000082c00000|100%|HC|  |TAMS 0x0000000082c00000, 0x0000000082b00000| Complete 
|  44|0x0000000082c00000, 0x0000000082d00000, 0x0000000082d00000|100%| O|  |TAMS 0x0000000082d00000, 0x0000000082c00000| Untracked 
|  45|0x0000000082d00000, 0x0000000082e00000, 0x0000000082e00000|100%| O|  |TAMS 0x0000000082e00000, 0x0000000082d00000| Untracked 
|  46|0x0000000082e00000, 0x0000000082f00000, 0x0000000082f00000|100%| O|  |TAMS 0x0000000082f00000, 0x0000000082e00000| Untracked 
|  47|0x0000000082f00000, 0x0000000083000000, 0x0000000083000000|100%| O|  |TAMS 0x0000000083000000, 0x0000000082f00000| Untracked 
|  48|0x0000000083000000, 0x0000000083100000, 0x0000000083100000|100%| O|  |TAMS 0x0000000083100000, 0x0000000083000000| Updating 
|  49|0x0000000083100000, 0x0000000083200000, 0x0000000083200000|100%| O|  |TAMS 0x0000000083200000, 0x0000000083100000| Updating 
|  50|0x0000000083200000, 0x0000000083300000, 0x0000000083300000|100%| O|  |TAMS 0x0000000083300000, 0x0000000083200000| Untracked 
|  51|0x0000000083300000, 0x0000000083400000, 0x0000000083400000|100%| O|  |TAMS 0x0000000083400000, 0x0000000083300000| Untracked 
|  52|0x0000000083400000, 0x0000000083500000, 0x0000000083500000|100%| O|  |TAMS 0x0000000083500000, 0x0000000083400000| Untracked 
|  53|0x0000000083500000, 0x0000000083600000, 0x0000000083600000|100%|HS|  |TAMS 0x0000000083600000, 0x0000000083500000| Complete 
|  54|0x0000000083600000, 0x0000000083700000, 0x0000000083700000|100%|HC|  |TAMS 0x0000000083700000, 0x0000000083600000| Complete 
|  55|0x0000000083700000, 0x0000000083800000, 0x0000000083800000|100%|HC|  |TAMS 0x0000000083800000, 0x0000000083700000| Complete 
|  56|0x0000000083800000, 0x0000000083900000, 0x0000000083900000|100%| O|  |TAMS 0x0000000083900000, 0x0000000083800000| Untracked 
|  57|0x0000000083900000, 0x0000000083a00000, 0x0000000083a00000|100%| O|  |TAMS 0x0000000083a00000, 0x0000000083900000| Untracked 
|  58|0x0000000083a00000, 0x0000000083b00000, 0x0000000083b00000|100%| O|  |TAMS 0x0000000083b00000, 0x0000000083a00000| Untracked 
|  59|0x0000000083b00000, 0x0000000083c00000, 0x0000000083c00000|100%| O|  |TAMS 0x0000000083c00000, 0x0000000083b00000| Untracked 
|  60|0x0000000083c00000, 0x0000000083d00000, 0x0000000083d00000|100%| O|  |TAMS 0x0000000083d00000, 0x0000000083c00000| Untracked 
|  61|0x0000000083d00000, 0x0000000083e00000, 0x0000000083e00000|100%| O|  |TAMS 0x0000000083e00000, 0x0000000083d00000| Untracked 
|  62|0x0000000083e00000, 0x0000000083f00000, 0x0000000083f00000|100%| O|  |TAMS 0x0000000083f00000, 0x0000000083e00000| Untracked 
|  63|0x0000000083f00000, 0x0000000084000000, 0x0000000084000000|100%| O|  |TAMS 0x0000000084000000, 0x0000000083f00000| Untracked 
|  64|0x0000000084000000, 0x0000000084100000, 0x0000000084100000|100%| O|  |TAMS 0x0000000084100000, 0x0000000084000000| Updating 
|  65|0x0000000084100000, 0x0000000084200000, 0x0000000084200000|100%|HS|  |TAMS 0x0000000084200000, 0x0000000084100000| Complete 
|  66|0x0000000084200000, 0x0000000084300000, 0x0000000084300000|100%|HC|  |TAMS 0x0000000084300000, 0x0000000084200000| Complete 
|  67|0x0000000084300000, 0x0000000084400000, 0x0000000084400000|100%|HC|  |TAMS 0x0000000084400000, 0x0000000084300000| Complete 
|  68|0x0000000084400000, 0x0000000084500000, 0x0000000084500000|100%|HC|  |TAMS 0x0000000084500000, 0x0000000084400000| Complete 
|  69|0x0000000084500000, 0x0000000084600000, 0x0000000084600000|100%| O|  |TAMS 0x0000000084500000, 0x0000000084500000| Untracked 
|  70|0x0000000084600000, 0x0000000084700000, 0x0000000084700000|100%| O|  |TAMS 0x0000000084600000, 0x0000000084600000| Untracked 
|  71|0x0000000084700000, 0x0000000084800000, 0x0000000084800000|100%| O|  |TAMS 0x0000000084700000, 0x0000000084700000| Untracked 
|  72|0x0000000084800000, 0x0000000084900000, 0x0000000084900000|100%| O|  |TAMS 0x0000000084800000, 0x0000000084800000| Untracked 
|  73|0x0000000084900000, 0x0000000084a00000, 0x0000000084a00000|100%| O|  |TAMS 0x0000000084900000, 0x0000000084900000| Untracked 
|  74|0x0000000084a00000, 0x0000000084a74600, 0x0000000084b00000| 45%| O|  |TAMS 0x0000000084a00000, 0x0000000084a00000| Updating 
|  75|0x0000000084b00000, 0x0000000084c00000, 0x0000000084c00000|100%|HS|  |TAMS 0x0000000084b00000, 0x0000000084b00000| Complete 
|  76|0x0000000084c00000, 0x0000000084d00000, 0x0000000084d00000|100%| O|  |TAMS 0x0000000084d00000, 0x0000000084c00000| Untracked 
|  77|0x0000000084d00000, 0x0000000084e00000, 0x0000000084e00000|100%| O|  |TAMS 0x0000000084e00000, 0x0000000084d00000| Untracked 
|  78|0x0000000084e00000, 0x0000000084f00000, 0x0000000084f00000|100%| O|  |TAMS 0x0000000084f00000, 0x0000000084e00000| Untracked 
|  79|0x0000000084f00000, 0x0000000085000000, 0x0000000085000000|100%| O|  |TAMS 0x0000000085000000, 0x0000000084f00000| Untracked 
|  80|0x0000000085000000, 0x0000000085100000, 0x0000000085100000|100%| O|  |TAMS 0x0000000085100000, 0x0000000085000000| Untracked 
|  81|0x0000000085100000, 0x0000000085200000, 0x0000000085200000|100%| O|  |TAMS 0x0000000085200000, 0x0000000085100000| Untracked 
|  82|0x0000000085200000, 0x0000000085300000, 0x0000000085300000|100%| O|  |TAMS 0x0000000085300000, 0x0000000085200000| Untracked 
|  83|0x0000000085300000, 0x0000000085400000, 0x0000000085400000|100%| O|  |TAMS 0x0000000085306200, 0x0000000085300000| Untracked 
|  84|0x0000000085400000, 0x0000000085500000, 0x0000000085500000|100%|HS|  |TAMS 0x0000000085400000, 0x0000000085400000| Complete 
|  85|0x0000000085500000, 0x0000000085600000, 0x0000000085600000|100%|HC|  |TAMS 0x0000000085500000, 0x0000000085500000| Complete 
|  86|0x0000000085600000, 0x0000000085700000, 0x0000000085700000|100%|HC|  |TAMS 0x0000000085600000, 0x0000000085600000| Complete 
|  87|0x0000000085700000, 0x0000000085800000, 0x0000000085800000|100%|HC|  |TAMS 0x0000000085700000, 0x0000000085700000| Complete 
|  88|0x0000000085800000, 0x0000000085900000, 0x0000000085900000|100%|HC|  |TAMS 0x0000000085800000, 0x0000000085800000| Complete 
|  89|0x0000000085900000, 0x0000000085a00000, 0x0000000085a00000|100%|HC|  |TAMS 0x0000000085900000, 0x0000000085900000| Complete 
|  90|0x0000000085a00000, 0x0000000085a00000, 0x0000000085b00000|  0%| F|  |TAMS 0x0000000085a00000, 0x0000000085a00000| Untracked 
|  91|0x0000000085b00000, 0x0000000085b00000, 0x0000000085c00000|  0%| F|  |TAMS 0x0000000085b00000, 0x0000000085b00000| Untracked 
|  92|0x0000000085c00000, 0x0000000085c00000, 0x0000000085d00000|  0%| F|  |TAMS 0x0000000085c00000, 0x0000000085c00000| Untracked 
|  93|0x0000000085d00000, 0x0000000085d00000, 0x0000000085e00000|  0%| F|  |TAMS 0x0000000085d00000, 0x0000000085d00000| Untracked 
|  94|0x0000000085e00000, 0x0000000085e00000, 0x0000000085f00000|  0%| F|  |TAMS 0x0000000085e00000, 0x0000000085e00000| Untracked 
|  95|0x0000000085f00000, 0x0000000085f00000, 0x0000000086000000|  0%| F|  |TAMS 0x0000000085f00000, 0x0000000085f00000| Untracked 
|  96|0x0000000086000000, 0x0000000086000000, 0x0000000086100000|  0%| F|  |TAMS 0x0000000086000000, 0x0000000086000000| Untracked 
|  97|0x0000000086100000, 0x0000000086100000, 0x0000000086200000|  0%| F|  |TAMS 0x0000000086100000, 0x0000000086100000| Untracked 
|  98|0x0000000086200000, 0x0000000086200000, 0x0000000086300000|  0%| F|  |TAMS 0x0000000086200000, 0x0000000086200000| Untracked 
|  99|0x0000000086300000, 0x0000000086300000, 0x0000000086400000|  0%| F|  |TAMS 0x0000000086300000, 0x0000000086300000| Untracked 
| 100|0x0000000086400000, 0x0000000086400000, 0x0000000086500000|  0%| F|  |TAMS 0x0000000086400000, 0x0000000086400000| Untracked 
| 101|0x0000000086500000, 0x0000000086500000, 0x0000000086600000|  0%| F|  |TAMS 0x0000000086500000, 0x0000000086500000| Untracked 
| 102|0x0000000086600000, 0x0000000086600000, 0x0000000086700000|  0%| F|  |TAMS 0x0000000086600000, 0x0000000086600000| Untracked 
| 103|0x0000000086700000, 0x0000000086700000, 0x0000000086800000|  0%| F|  |TAMS 0x0000000086700000, 0x0000000086700000| Untracked 
| 104|0x0000000086800000, 0x0000000086800000, 0x0000000086900000|  0%| F|  |TAMS 0x0000000086800000, 0x0000000086800000| Untracked 
| 105|0x0000000086900000, 0x0000000086900000, 0x0000000086a00000|  0%| F|  |TAMS 0x0000000086900000, 0x0000000086900000| Untracked 
| 106|0x0000000086a00000, 0x0000000086a7c840, 0x0000000086b00000| 48%| S|CS|TAMS 0x0000000086a00000, 0x0000000086a00000| Complete 
| 107|0x0000000086b00000, 0x0000000086c00000, 0x0000000086c00000|100%| S|CS|TAMS 0x0000000086b00000, 0x0000000086b00000| Complete 
| 108|0x0000000086c00000, 0x0000000086d00000, 0x0000000086d00000|100%| S|CS|TAMS 0x0000000086c00000, 0x0000000086c00000| Complete 
| 109|0x0000000086d00000, 0x0000000086d00000, 0x0000000086e00000|  0%| F|  |TAMS 0x0000000086d00000, 0x0000000086d00000| Untracked 
| 110|0x0000000086e00000, 0x0000000086e00000, 0x0000000086f00000|  0%| F|  |TAMS 0x0000000086e00000, 0x0000000086e00000| Untracked 
| 111|0x0000000086f00000, 0x0000000086f00000, 0x0000000087000000|  0%| F|  |TAMS 0x0000000086f00000, 0x0000000086f00000| Untracked 
| 112|0x0000000087000000, 0x0000000087000000, 0x0000000087100000|  0%| F|  |TAMS 0x0000000087000000, 0x0000000087000000| Untracked 
| 113|0x0000000087100000, 0x0000000087100000, 0x0000000087200000|  0%| F|  |TAMS 0x0000000087100000, 0x0000000087100000| Untracked 
| 114|0x0000000087200000, 0x0000000087200000, 0x0000000087300000|  0%| F|  |TAMS 0x0000000087200000, 0x0000000087200000| Untracked 
| 115|0x0000000087300000, 0x0000000087300000, 0x0000000087400000|  0%| F|  |TAMS 0x0000000087300000, 0x0000000087300000| Untracked 
| 116|0x0000000087400000, 0x0000000087400000, 0x0000000087500000|  0%| F|  |TAMS 0x0000000087400000, 0x0000000087400000| Untracked 
| 117|0x0000000087500000, 0x0000000087500000, 0x0000000087600000|  0%| F|  |TAMS 0x0000000087500000, 0x0000000087500000| Untracked 
| 118|0x0000000087600000, 0x0000000087600000, 0x0000000087700000|  0%| F|  |TAMS 0x0000000087600000, 0x0000000087600000| Untracked 
| 119|0x0000000087700000, 0x0000000087700000, 0x0000000087800000|  0%| F|  |TAMS 0x0000000087700000, 0x0000000087700000| Untracked 
| 120|0x0000000087800000, 0x0000000087800000, 0x0000000087900000|  0%| F|  |TAMS 0x0000000087800000, 0x0000000087800000| Untracked 
| 121|0x0000000087900000, 0x0000000087900000, 0x0000000087a00000|  0%| F|  |TAMS 0x0000000087900000, 0x0000000087900000| Untracked 
| 122|0x0000000087a00000, 0x0000000087a00000, 0x0000000087b00000|  0%| F|  |TAMS 0x0000000087a00000, 0x0000000087a00000| Untracked 
| 123|0x0000000087b00000, 0x0000000087b00000, 0x0000000087c00000|  0%| F|  |TAMS 0x0000000087b00000, 0x0000000087b00000| Untracked 
| 124|0x0000000087c00000, 0x0000000087c00000, 0x0000000087d00000|  0%| F|  |TAMS 0x0000000087c00000, 0x0000000087c00000| Untracked 
| 125|0x0000000087d00000, 0x0000000087d00000, 0x0000000087e00000|  0%| F|  |TAMS 0x0000000087d00000, 0x0000000087d00000| Untracked 
| 126|0x0000000087e00000, 0x0000000087e00000, 0x0000000087f00000|  0%| F|  |TAMS 0x0000000087e00000, 0x0000000087e00000| Untracked 
| 127|0x0000000087f00000, 0x0000000087f00000, 0x0000000088000000|  0%| F|  |TAMS 0x0000000087f00000, 0x0000000087f00000| Untracked 
| 128|0x0000000088000000, 0x0000000088000000, 0x0000000088100000|  0%| F|  |TAMS 0x0000000088000000, 0x0000000088000000| Untracked 
| 129|0x0000000088100000, 0x0000000088100000, 0x0000000088200000|  0%| F|  |TAMS 0x0000000088100000, 0x0000000088100000| Untracked 
| 130|0x0000000088200000, 0x0000000088200000, 0x0000000088300000|  0%| F|  |TAMS 0x0000000088200000, 0x0000000088200000| Untracked 
| 131|0x0000000088300000, 0x0000000088300000, 0x0000000088400000|  0%| F|  |TAMS 0x0000000088300000, 0x0000000088300000| Untracked 
| 132|0x0000000088400000, 0x0000000088400000, 0x0000000088500000|  0%| F|  |TAMS 0x0000000088400000, 0x0000000088400000| Untracked 
| 133|0x0000000088500000, 0x0000000088500000, 0x0000000088600000|  0%| F|  |TAMS 0x0000000088500000, 0x0000000088500000| Untracked 
| 134|0x0000000088600000, 0x0000000088600000, 0x0000000088700000|  0%| F|  |TAMS 0x0000000088600000, 0x0000000088600000| Untracked 
| 135|0x0000000088700000, 0x0000000088700000, 0x0000000088800000|  0%| F|  |TAMS 0x0000000088700000, 0x0000000088700000| Untracked 
| 136|0x0000000088800000, 0x0000000088800000, 0x0000000088900000|  0%| F|  |TAMS 0x0000000088800000, 0x0000000088800000| Untracked 
| 137|0x0000000088900000, 0x0000000088900000, 0x0000000088a00000|  0%| F|  |TAMS 0x0000000088900000, 0x0000000088900000| Untracked 
| 138|0x0000000088a00000, 0x0000000088a00000, 0x0000000088b00000|  0%| F|  |TAMS 0x0000000088a00000, 0x0000000088a00000| Untracked 
| 139|0x0000000088b00000, 0x0000000088b00000, 0x0000000088c00000|  0%| F|  |TAMS 0x0000000088b00000, 0x0000000088b00000| Untracked 
| 140|0x0000000088c00000, 0x0000000088c00000, 0x0000000088d00000|  0%| F|  |TAMS 0x0000000088c00000, 0x0000000088c00000| Untracked 
| 141|0x0000000088d00000, 0x0000000088d00000, 0x0000000088e00000|  0%| F|  |TAMS 0x0000000088d00000, 0x0000000088d00000| Untracked 
| 142|0x0000000088e00000, 0x0000000088f00000, 0x0000000088f00000|100%| E|  |TAMS 0x0000000088e00000, 0x0000000088e00000| Complete 
| 187|0x000000008bb00000, 0x000000008bc00000, 0x000000008bc00000|100%| E|CS|TAMS 0x000000008bb00000, 0x000000008bb00000| Complete 

Card table byte_map: [0x0000028caffb0000,0x0000028cb03b0000] _byte_map_base: 0x0000028cafbb0000

Marking Bits (Prev, Next): (CMBitMap*) 0x0000028c9d40bce0, (CMBitMap*) 0x0000028c9d40bca0
 Prev Bits: [0x0000028cb27b0000, 0x0000028cb47b0000)
 Next Bits: [0x0000028cb07b0000, 0x0000028cb27b0000)

Polling page: 0x0000028c9cb70000

Metaspace:

Usage:
  Non-class:     62.51 MB used.
      Class:      9.93 MB used.
       Both:     72.44 MB used.

Virtual space:
  Non-class space:       64.00 MB reserved,      62.88 MB ( 98%) committed,  1 nodes.
      Class space:        1.00 GB reserved,      10.25 MB (  1%) committed,  1 nodes.
             Both:        1.06 GB reserved,      73.12 MB (  7%) committed. 

Chunk freelists:
   Non-Class:  192.00 KB
       Class:  5.80 MB
        Both:  5.98 MB

MaxMetaspaceSize: unlimited
CompressedClassSpaceSize: 1.00 GB
Initial GC threshold: 21.00 MB
Current GC threshold: 114.62 MB
CDS: off
MetaspaceReclaimPolicy: balanced
 - commit_granule_bytes: 65536.
 - commit_granule_words: 8192.
 - virtual_space_node_default_size: 8388608.
 - enlarge_chunks_in_place: 1.
 - new_chunks_are_fully_committed: 0.
 - uncommit_free_chunks: 1.
 - use_allocation_guard: 0.
 - handle_deallocations: 1.


Internal statistics:

num_allocs_failed_limit: 3.
num_arena_births: 722.
num_arena_deaths: 0.
num_vsnodes_births: 2.
num_vsnodes_deaths: 0.
num_space_committed: 1169.
num_space_uncommitted: 0.
num_chunks_returned_to_freelist: 3.
num_chunks_taken_from_freelist: 3134.
num_chunk_merges: 3.
num_chunk_splits: 2246.
num_chunks_enlarged: 1713.
num_inconsistent_stats: 0.

CodeHeap 'non-profiled nmethods': size=120000Kb used=2895Kb max_used=3110Kb free=117104Kb
 bounds [0x0000028ca8350000, 0x0000028ca8660000, 0x0000028caf880000]
CodeHeap 'profiled nmethods': size=120000Kb used=9237Kb max_used=9736Kb free=110763Kb
 bounds [0x0000028ca0880000, 0x0000028ca1210000, 0x0000028ca7db0000]
CodeHeap 'non-nmethods': size=5760Kb used=2374Kb max_used=2416Kb free=3385Kb
 bounds [0x0000028ca7db0000, 0x0000028ca8020000, 0x0000028ca8350000]
 total_blobs=5709 nmethods=4821 adapters=799
 compilation: enabled
              stopped_count=0, restarted_count=0
 full_count=0

Compilation events (20 events):
Event: 6.016 Thread 0x0000028cb74052f0 5561       3       java.nio.charset.Charset::lookup (44 bytes)
Event: 6.016 Thread 0x0000028cb74052f0 nmethod 5561 0x0000028ca095c590 code [0x0000028ca095c780, 0x0000028ca095cbc8]
Event: 6.016 Thread 0x0000028cc050a560 5562       4       java.lang.String::endsWith (15 bytes)
Event: 6.017 Thread 0x0000028cc0509120 5563       4       org.jetbrains.kotlin.protobuf.CodedInputStream::readTag (41 bytes)
Event: 6.017 Thread 0x0000028cb7401350 5564       4       org.jetbrains.kotlin.protobuf.CodedInputStream::tryRefillBuffer (295 bytes)
Event: 6.018 Thread 0x0000028cb74052f0 5569   !   3       org.jetbrains.kotlin.metadata.ProtoBuf$Type::<init> (875 bytes)
Event: 6.022 Thread 0x0000028cb7401350 nmethod 5564 0x0000028ca84ca290 code [0x0000028ca84ca440, 0x0000028ca84ca808]
Event: 6.022 Thread 0x0000028cb74052f0 nmethod 5569 0x0000028ca097e690 code [0x0000028ca097ede0, 0x0000028ca09839b8]
Event: 6.022 Thread 0x0000028cb74052f0 5571       3       java.lang.String::<init> (13 bytes)
Event: 6.022 Thread 0x0000028cc050a560 nmethod 5562 0x0000028ca84c9c10 code [0x0000028ca84c9da0, 0x0000028ca84ca078]
Event: 6.022 Thread 0x0000028cc050a560 5565       4       org.jetbrains.kotlin.protobuf.CodedInputStream::isAtEnd (25 bytes)
Event: 6.022 Thread 0x0000028cb74052f0 nmethod 5571 0x0000028ca095ba10 code [0x0000028ca095bc20, 0x0000028ca095c268]
Event: 6.022 Thread 0x0000028cb74052f0 5572   !   3       java.lang.String::lookupCharset (20 bytes)
Event: 6.023 Thread 0x0000028cb74052f0 nmethod 5572 0x0000028ca095b090 code [0x0000028ca095b280, 0x0000028ca095b798]
Event: 6.023 Thread 0x0000028cb74052f0 5570   !   3       org.jetbrains.kotlin.protobuf.ByteString::toStringUtf8 (19 bytes)
Event: 6.023 Thread 0x0000028cb74052f0 nmethod 5570 0x0000028ca097e010 code [0x0000028ca097e1c0, 0x0000028ca097e478]
Event: 6.023 Thread 0x0000028cb74052f0 5573       3       org.jetbrains.kotlin.protobuf.LiteralByteString::toString (21 bytes)
Event: 6.023 Thread 0x0000028cb7401350 5568       4       org.jetbrains.kotlin.protobuf.CodedOutputStream::newInstance (12 bytes)
Event: 6.023 Thread 0x0000028cb74052f0 nmethod 5573 0x0000028ca095aa10 code [0x0000028ca095abc0, 0x0000028ca095af28]
Event: 6.023 Thread 0x0000028cb74052f0 5576       3       org.jetbrains.kotlin.protobuf.LiteralByteString::isValidUtf8 (20 bytes)

GC Heap History (20 events):
Event: 3.020 GC heap before
{Heap before GC invocations=14 (full 0):
 garbage-first heap   total 86016K, used 67921K [0x0000000080000000, 0x0000000100000000)
  region size 1024K, 20 young (20480K), 2 survivors (2048K)
 Metaspace       used 38052K, committed 38464K, reserved 1114112K
  class space    used 5256K, committed 5440K, reserved 1048576K
}
Event: 3.023 GC heap after
{Heap after GC invocations=15 (full 0):
 garbage-first heap   total 86016K, used 50829K [0x0000000080000000, 0x0000000100000000)
  region size 1024K, 3 young (3072K), 3 survivors (3072K)
 Metaspace       used 38052K, committed 38464K, reserved 1114112K
  class space    used 5256K, committed 5440K, reserved 1048576K
}
Event: 3.250 GC heap before
{Heap before GC invocations=16 (full 0):
 garbage-first heap   total 89088K, used 68237K [0x0000000080000000, 0x0000000100000000)
  region size 1024K, 21 young (21504K), 3 survivors (3072K)
 Metaspace       used 42437K, committed 42880K, reserved 1114112K
  class space    used 5702K, committed 5888K, reserved 1048576K
}
Event: 3.253 GC heap after
{Heap after GC invocations=17 (full 0):
 garbage-first heap   total 89088K, used 53720K [0x0000000080000000, 0x0000000100000000)
  region size 1024K, 3 young (3072K), 3 survivors (3072K)
 Metaspace       used 42437K, committed 42880K, reserved 1114112K
  class space    used 5702K, committed 5888K, reserved 1048576K
}
Event: 3.326 GC heap before
{Heap before GC invocations=17 (full 0):
 garbage-first heap   total 89088K, used 72152K [0x0000000080000000, 0x0000000100000000)
  region size 1024K, 21 young (21504K), 3 survivors (3072K)
 Metaspace       used 42732K, committed 43136K, reserved 1114112K
  class space    used 5732K, committed 5888K, reserved 1048576K
}
Event: 3.329 GC heap after
{Heap after GC invocations=18 (full 0):
 garbage-first heap   total 137216K, used 55528K [0x0000000080000000, 0x0000000100000000)
  region size 1024K, 2 young (2048K), 2 survivors (2048K)
 Metaspace       used 42732K, committed 43136K, reserved 1114112K
  class space    used 5732K, committed 5888K, reserved 1048576K
}
Event: 3.871 GC heap before
{Heap before GC invocations=19 (full 0):
 garbage-first heap   total 137216K, used 106728K [0x0000000080000000, 0x0000000100000000)
  region size 1024K, 49 young (50176K), 2 survivors (2048K)
 Metaspace       used 48005K, committed 48512K, reserved 1114112K
  class space    used 6407K, committed 6656K, reserved 1048576K
}
Event: 3.875 GC heap after
{Heap after GC invocations=20 (full 0):
 garbage-first heap   total 137216K, used 59976K [0x0000000080000000, 0x0000000100000000)
  region size 1024K, 7 young (7168K), 7 survivors (7168K)
 Metaspace       used 48005K, committed 48512K, reserved 1114112K
  class space    used 6407K, committed 6656K, reserved 1048576K
}
Event: 4.373 GC heap before
{Heap before GC invocations=20 (full 0):
 garbage-first heap   total 137216K, used 110152K [0x0000000080000000, 0x0000000100000000)
  region size 1024K, 52 young (53248K), 7 survivors (7168K)
 Metaspace       used 52126K, committed 52736K, reserved 1114112K
  class space    used 6907K, committed 7168K, reserved 1048576K
}
Event: 4.379 GC heap after
{Heap after GC invocations=21 (full 0):
 garbage-first heap   total 137216K, used 66674K [0x0000000080000000, 0x0000000100000000)
  region size 1024K, 4 young (4096K), 4 survivors (4096K)
 Metaspace       used 52126K, committed 52736K, reserved 1114112K
  class space    used 6907K, committed 7168K, reserved 1048576K
}
Event: 4.727 GC heap before
{Heap before GC invocations=21 (full 0):
 garbage-first heap   total 137216K, used 109682K [0x0000000080000000, 0x0000000100000000)
  region size 1024K, 46 young (47104K), 4 survivors (4096K)
 Metaspace       used 58449K, committed 59072K, reserved 1114112K
  class space    used 8196K, committed 8448K, reserved 1048576K
}
Event: 4.731 GC heap after
{Heap after GC invocations=22 (full 0):
 garbage-first heap   total 137216K, used 68467K [0x0000000080000000, 0x0000000100000000)
  region size 1024K, 2 young (2048K), 2 survivors (2048K)
 Metaspace       used 58449K, committed 59072K, reserved 1114112K
  class space    used 8196K, committed 8448K, reserved 1048576K
}
Event: 5.040 GC heap before
{Heap before GC invocations=23 (full 0):
 garbage-first heap   total 137216K, used 105331K [0x0000000080000000, 0x0000000100000000)
  region size 1024K, 39 young (39936K), 2 survivors (2048K)
 Metaspace       used 63464K, committed 64064K, reserved 1114112K
  class space    used 8853K, committed 9088K, reserved 1048576K
}
Event: 5.043 GC heap after
{Heap after GC invocations=24 (full 0):
 garbage-first heap   total 137216K, used 69274K [0x0000000080000000, 0x0000000100000000)
  region size 1024K, 3 young (3072K), 3 survivors (3072K)
 Metaspace       used 63464K, committed 64064K, reserved 1114112K
  class space    used 8853K, committed 9088K, reserved 1048576K
}
Event: 5.501 GC heap before
{Heap before GC invocations=25 (full 0):
 garbage-first heap   total 137216K, used 116378K [0x0000000080000000, 0x0000000100000000)
  region size 1024K, 46 young (47104K), 3 survivors (3072K)
 Metaspace       used 69698K, committed 70336K, reserved 1114112K
  class space    used 9643K, committed 9920K, reserved 1048576K
}
Event: 5.504 GC heap after
{Heap after GC invocations=26 (full 0):
 garbage-first heap   total 137216K, used 74375K [0x0000000080000000, 0x0000000100000000)
  region size 1024K, 4 young (4096K), 4 survivors (4096K)
 Metaspace       used 69698K, committed 70336K, reserved 1114112K
  class space    used 9643K, committed 9920K, reserved 1048576K
}
Event: 5.698 GC heap before
{Heap before GC invocations=27 (full 0):
 garbage-first heap   total 143360K, used 122503K [0x0000000080000000, 0x0000000100000000)
  region size 1024K, 44 young (45056K), 4 survivors (4096K)
 Metaspace       used 70188K, committed 70848K, reserved 1114112K
  class space    used 9689K, committed 9984K, reserved 1048576K
}
Event: 5.707 GC heap after
{Heap after GC invocations=28 (full 0):
 garbage-first heap   total 143360K, used 83992K [0x0000000080000000, 0x0000000100000000)
  region size 1024K, 6 young (6144K), 6 survivors (6144K)
 Metaspace       used 70188K, committed 70848K, reserved 1114112K
  class space    used 9689K, committed 9984K, reserved 1048576K
}
Event: 5.987 GC heap before
{Heap before GC invocations=28 (full 0):
 garbage-first heap   total 143360K, used 115736K [0x0000000080000000, 0x0000000100000000)
  region size 1024K, 37 young (37888K), 6 survivors (6144K)
 Metaspace       used 73997K, committed 74688K, reserved 1114112K
  class space    used 10148K, committed 10432K, reserved 1048576K
}
Event: 5.992 GC heap after
{Heap after GC invocations=29 (full 0):
 garbage-first heap   total 143360K, used 86979K [0x0000000080000000, 0x0000000100000000)
  region size 1024K, 3 young (3072K), 3 survivors (3072K)
 Metaspace       used 73997K, committed 74688K, reserved 1114112K
  class space    used 10148K, committed 10432K, reserved 1048576K
}

Dll operation events (3 events):
Event: 0.004 Loaded shared library C:\Program Files\Android\Android Studio\jbr\bin\java.dll
Event: 0.120 Loaded shared library C:\Program Files\Android\Android Studio\jbr\bin\zip.dll
Event: 0.353 Loaded shared library C:\Program Files\Android\Android Studio\jbr\bin\verify.dll

Deoptimization events (20 events):
Event: 6.011 Thread 0x0000028cbc2fbaa0 DEOPT PACKING pc=0x0000028ca855deb0 sp=0x000000d0643f5230
Event: 6.011 Thread 0x0000028cbc2fbaa0 DEOPT UNPACKING pc=0x0000028ca7e0a1a3 sp=0x000000d0643f5118 mode 2
Event: 6.012 Thread 0x0000028cbc2fbaa0 Uncommon trap: trap_request=0xffffffde fr.pc=0x0000028ca855deb0 relative=0x0000000000000550
Event: 6.012 Thread 0x0000028cbc2fbaa0 Uncommon trap: reason=class_check action=maybe_recompile pc=0x0000028ca855deb0 method=org.jetbrains.kotlin.protobuf.CodedInputStream.tryRefillBuffer(I)Z @ 177 c2
Event: 6.012 Thread 0x0000028cbc2fbaa0 DEOPT PACKING pc=0x0000028ca855deb0 sp=0x000000d0643f5230
Event: 6.012 Thread 0x0000028cbc2fbaa0 DEOPT UNPACKING pc=0x0000028ca7e0a1a3 sp=0x000000d0643f5118 mode 2
Event: 6.016 Thread 0x0000028cbc2fbaa0 Uncommon trap: trap_request=0xffffffde fr.pc=0x0000028ca855deb0 relative=0x0000000000000550
Event: 6.016 Thread 0x0000028cbc2fbaa0 Uncommon trap: reason=class_check action=maybe_recompile pc=0x0000028ca855deb0 method=org.jetbrains.kotlin.protobuf.CodedInputStream.tryRefillBuffer(I)Z @ 177 c2
Event: 6.016 Thread 0x0000028cbc2fbaa0 DEOPT PACKING pc=0x0000028ca855deb0 sp=0x000000d0643f5230
Event: 6.016 Thread 0x0000028cbc2fbaa0 DEOPT UNPACKING pc=0x0000028ca7e0a1a3 sp=0x000000d0643f5118 mode 2
Event: 6.016 Thread 0x0000028cbc2fbaa0 Uncommon trap: trap_request=0xffffffde fr.pc=0x0000028ca855deb0 relative=0x0000000000000550
Event: 6.016 Thread 0x0000028cbc2fbaa0 Uncommon trap: reason=class_check action=maybe_recompile pc=0x0000028ca855deb0 method=org.jetbrains.kotlin.protobuf.CodedInputStream.tryRefillBuffer(I)Z @ 177 c2
Event: 6.016 Thread 0x0000028cbc2fbaa0 DEOPT PACKING pc=0x0000028ca855deb0 sp=0x000000d0643f5230
Event: 6.016 Thread 0x0000028cbc2fbaa0 DEOPT UNPACKING pc=0x0000028ca7e0a1a3 sp=0x000000d0643f5118 mode 2
Event: 6.016 Thread 0x0000028cbc2fbaa0 Uncommon trap: trap_request=0xffffffde fr.pc=0x0000028ca855cadc relative=0x000000000000029c
Event: 6.016 Thread 0x0000028cbc2fbaa0 Uncommon trap: reason=class_check action=maybe_recompile pc=0x0000028ca855cadc method=org.jetbrains.kotlin.protobuf.CodedInputStream.tryRefillBuffer(I)Z @ 177 c2
Event: 6.016 Thread 0x0000028cbc2fbaa0 DEOPT PACKING pc=0x0000028ca855cadc sp=0x000000d0643f51a0
Event: 6.016 Thread 0x0000028cbc2fbaa0 DEOPT UNPACKING pc=0x0000028ca7e0a1a3 sp=0x000000d0643f5130 mode 2
Event: 6.019 Thread 0x0000028cbc2fbaa0 DEOPT PACKING pc=0x0000028ca0c663d4 sp=0x000000d0643f4fa0
Event: 6.019 Thread 0x0000028cbc2fbaa0 DEOPT UNPACKING pc=0x0000028ca7e0ace3 sp=0x000000d0643f44f8 mode 0

Classes unloaded (0 events):
No events

Classes redefined (0 events):
No events

Internal exceptions (20 events):
Event: 4.267 Thread 0x0000028cbc2fbaa0 Exception <a 'java/lang/NoSuchMethodError'{0x00000000860ce2d0}: 'void java.lang.invoke.DirectMethodHandle$Holder.invokeStatic(java.lang.Object, java.lang.Object, java.lang.Object, java.lang.Object, java.lang.Object, java.lang.Object)'> (0x00000000860ce2d0) 
thrown [s\src\hotspot\share\interpreter\linkResolver.cpp, line 771]
Event: 4.308 Thread 0x0000028cbc2fbaa0 Exception <a 'java/lang/NoSuchMethodError'{0x0000000085d93688}: 'java.lang.Object java.lang.invoke.DirectMethodHandle$Holder.invokeStaticInit(java.lang.Object, int)'> (0x0000000085d93688) 
thrown [s\src\hotspot\share\interpreter\linkResolver.cpp, line 771]
Event: 4.331 Thread 0x0000028cbc2fbaa0 Exception <a 'java/lang/NoSuchMethodError'{0x0000000085ceb4b8}: 'int java.lang.invoke.DelegatingMethodHandle$Holder.reinvoke_L(java.lang.Object, java.lang.Object, java.lang.Object, long, int, int)'> (0x0000000085ceb4b8) 
thrown [s\src\hotspot\share\interpreter\linkResolver.cpp, line 771]
Event: 4.332 Thread 0x0000028cbc2fbaa0 Exception <a 'java/lang/NoSuchMethodError'{0x0000000085cfb088}: 'int java.lang.invoke.DelegatingMethodHandle$Holder.reinvoke_L(java.lang.Object, java.lang.Object, java.lang.Object, long, long, long)'> (0x0000000085cfb088) 
thrown [s\src\hotspot\share\interpreter\linkResolver.cpp, line 771]
Event: 4.332 Thread 0x0000028cbc2fbaa0 Exception <a 'java/lang/NoSuchMethodError'{0x0000000085b0b7f8}: 'int java.lang.invoke.DelegatingMethodHandle$Holder.reinvoke_L(java.lang.Object, java.lang.Object, java.lang.Object, long, java.lang.Object, java.lang.Object)'> (0x0000000085b0b7f8) 
thrown [s\src\hotspot\share\interpreter\linkResolver.cpp, line 771]
Event: 4.333 Thread 0x0000028cbc2fbaa0 Exception <a 'java/lang/NoSuchMethodError'{0x0000000085b1b518}: 'void java.lang.invoke.DelegatingMethodHandle$Holder.reinvoke_L(java.lang.Object, java.lang.Object, java.lang.Object, long, java.lang.Object)'> (0x0000000085b1b518) 
thrown [s\src\hotspot\share\interpreter\linkResolver.cpp, line 771]
Event: 4.334 Thread 0x0000028cbc2fbaa0 Exception <a 'java/lang/NoSuchMethodError'{0x0000000085b23ba0}: 'java.lang.Object java.lang.invoke.DirectMethodHandle$Holder.invokeSpecial(java.lang.Object, java.lang.Object, java.lang.Object, java.lang.Object, long)'> (0x0000000085b23ba0) 
thrown [s\src\hotspot\share\interpreter\linkResolver.cpp, line 771]
Event: 4.336 Thread 0x0000028cbc2fbaa0 Exception <a 'java/lang/NoSuchMethodError'{0x0000000085b4c268}: 'long java.lang.invoke.Invokers$Holder.invoke_MT(java.lang.Object, java.lang.Object, java.lang.Object, java.lang.Object)'> (0x0000000085b4c268) 
thrown [s\src\hotspot\share\interpreter\linkResolver.cpp, line 771]
Event: 4.336 Thread 0x0000028cbc2fbaa0 Exception <a 'java/lang/NoSuchMethodError'{0x0000000085b55368}: 'int java.lang.invoke.Invokers$Holder.invoke_MT(java.lang.Object, java.lang.Object, java.lang.Object, java.lang.Object)'> (0x0000000085b55368) 
thrown [s\src\hotspot\share\interpreter\linkResolver.cpp, line 771]
Event: 4.337 Thread 0x0000028cbc2fbaa0 Exception <a 'java/lang/NoSuchMethodError'{0x0000000085b663b0}: 'int java.lang.invoke.DelegatingMethodHandle$Holder.reinvoke_L(java.lang.Object, java.lang.Object, java.lang.Object, long, int)'> (0x0000000085b663b0) 
thrown [s\src\hotspot\share\interpreter\linkResolver.cpp, line 771]
Event: 4.339 Thread 0x0000028cbc2fbaa0 Exception <a 'java/lang/NoSuchMethodError'{0x0000000085b7a7c8}: 'java.lang.Object java.lang.invoke.Invokers$Holder.invokeExact_MT(java.lang.Object, java.lang.Object, long, java.lang.Object)'> (0x0000000085b7a7c8) 
thrown [s\src\hotspot\share\interpreter\linkResolver.cpp, line 771]
Event: 4.920 Thread 0x0000028cbc2fbaa0 Exception <a 'java/lang/NoSuchMethodError'{0x0000000086d539e8}: 'long java.lang.invoke.DirectMethodHandle$Holder.invokeStatic(java.lang.Object)'> (0x0000000086d539e8) 
thrown [s\src\hotspot\share\interpreter\linkResolver.cpp, line 771]
Event: 4.921 Thread 0x0000028cbc2fbaa0 Exception <a 'java/lang/NoSuchMethodError'{0x0000000086d585d0}: 'long java.lang.invoke.DirectMethodHandle$Holder.invokeStaticInit(java.lang.Object)'> (0x0000000086d585d0) 
thrown [s\src\hotspot\share\interpreter\linkResolver.cpp, line 771]
Event: 5.039 Thread 0x0000028cbc2fbaa0 Implicit null exception at 0x0000028ca857288c to 0x0000028ca85729be
Event: 5.341 Thread 0x0000028cbc2fbaa0 Exception <a 'java/lang/NoSuchMethodError'{0x0000000086dbc0d8}: 'void java.lang.invoke.DirectMethodHandle$Holder.invokeVirtual(java.lang.Object, java.lang.Object)'> (0x0000000086dbc0d8) 
thrown [s\src\hotspot\share\interpreter\linkResolver.cpp, line 771]
Event: 5.487 Thread 0x0000028cbc2fbaa0 Exception <a 'java/lang/NoSuchMethodError'{0x000000008594a658}: 'java.lang.Object java.lang.invoke.Invokers$Holder.invoke_MT(java.lang.Object, java.lang.Object, java.lang.Object)'> (0x000000008594a658) 
thrown [s\src\hotspot\share\interpreter\linkResolver.cpp, line 771]
Event: 5.607 Thread 0x0000028cbc2fbaa0 Implicit null exception at 0x0000028ca839e6e8 to 0x0000028ca83a0518
Event: 5.607 Thread 0x0000028cbc2fbaa0 Implicit null exception at 0x0000028ca83da2f6 to 0x0000028ca83db2a0
Event: 5.618 Thread 0x0000028cbc2fbaa0 Implicit null exception at 0x0000028ca856939b to 0x0000028ca856a8c4
Event: 5.626 Thread 0x0000028cbc2fbaa0 Implicit null exception at 0x0000028ca8382e80 to 0x0000028ca8382f39

VM Operations (20 events):
Event: 5.043 Executing VM operation: G1TryInitiateConcMark done
Event: 5.067 Executing VM operation: G1Concurrent
Event: 5.068 Executing VM operation: G1Concurrent done
Event: 5.077 Executing VM operation: G1Concurrent
Event: 5.078 Executing VM operation: G1Concurrent done
Event: 5.100 Executing VM operation: HandshakeAllThreads
Event: 5.100 Executing VM operation: HandshakeAllThreads done
Event: 5.408 Executing VM operation: HandshakeAllThreads
Event: 5.408 Executing VM operation: HandshakeAllThreads done
Event: 5.501 Executing VM operation: G1TryInitiateConcMark
Event: 5.504 Executing VM operation: G1TryInitiateConcMark done
Event: 5.524 Executing VM operation: G1Concurrent
Event: 5.526 Executing VM operation: G1Concurrent done
Event: 5.539 Executing VM operation: G1Concurrent
Event: 5.539 Executing VM operation: G1Concurrent done
Event: 5.698 Executing VM operation: G1CollectForAllocation
Event: 5.707 Executing VM operation: G1CollectForAllocation done
Event: 5.987 Executing VM operation: G1CollectForAllocation
Event: 5.992 Executing VM operation: G1CollectForAllocation done
Event: 6.023 Executing VM operation: G1Concurrent

Events (20 events):
Event: 5.487 loading class sun/nio/ch/FileChannelImpl$Unmapper done
Event: 5.487 loading class sun/nio/ch/FileChannelImpl$DefaultUnmapper done
Event: 5.487 loading class sun/nio/ch/Util$4
Event: 5.488 loading class sun/nio/ch/Util$4 done
Event: 5.488 loading class jdk/internal/access/foreign/MemorySegmentProxy
Event: 5.488 loading class jdk/internal/access/foreign/MemorySegmentProxy done
Event: 5.488 loading class java/io/UTFDataFormatException
Event: 5.488 loading class java/io/UTFDataFormatException done
Event: 5.498 loading class java/util/DualPivotQuicksort
Event: 5.499 loading class java/util/DualPivotQuicksort done
Event: 5.500 loading class java/nio/file/attribute/DosFileAttributeView
Event: 5.500 loading class java/nio/file/attribute/DosFileAttributeView done
Event: 5.500 loading class sun/nio/fs/WindowsFileAttributeViews$Dos
Event: 5.500 loading class sun/nio/fs/WindowsFileAttributeViews$Dos done
Event: 5.526 Thread 0x0000028cc0509120 Thread added: 0x0000028cc0509120
Event: 5.526 Thread 0x0000028cc050a560 Thread added: 0x0000028cc050a560
Event: 5.642 loading class java/nio/channels/Channels$ReadableByteChannelImpl
Event: 5.642 loading class java/nio/channels/Channels$ReadableByteChannelImpl done
Event: 5.642 loading class java/nio/channels/NonWritableChannelException
Event: 5.642 loading class java/nio/channels/NonWritableChannelException done


Dynamic libraries:
0x00007ff663d30000 - 0x00007ff663d3a000 	C:\Program Files\Android\Android Studio\jbr\bin\java.exe
0x00007ffec5610000 - 0x00007ffec5808000 	C:\Windows\SYSTEM32\ntdll.dll
0x00007ffec47a0000 - 0x00007ffec485d000 	C:\Windows\System32\KERNEL32.DLL
0x00007ffec2d40000 - 0x00007ffec3036000 	C:\Windows\System32\KERNELBASE.dll
0x00007ffec00f0000 - 0x00007ffec0180000 	C:\Windows\SYSTEM32\apphelp.dll
0x00007ffec30e0000 - 0x00007ffec31e0000 	C:\Windows\System32\ucrtbase.dll
0x00007ffe97930000 - 0x00007ffe97947000 	C:\Program Files\Android\Android Studio\jbr\bin\jli.dll
0x00007ffebf700000 - 0x00007ffebf71b000 	C:\Program Files\Android\Android Studio\jbr\bin\VCRUNTIME140.dll
0x00007ffec53b0000 - 0x00007ffec554e000 	C:\Windows\System32\USER32.dll
0x00007ffea5fa0000 - 0x00007ffea623a000 	C:\Windows\WinSxS\amd64_microsoft.windows.common-controls_6595b64144ccf1df_6.0.19041.3636_none_60b6a03d71f818d5\COMCTL32.dll
0x00007ffec2ce0000 - 0x00007ffec2d02000 	C:\Windows\System32\win32u.dll
0x00007ffec46d0000 - 0x00007ffec476e000 	C:\Windows\System32\msvcrt.dll
0x00007ffec3a20000 - 0x00007ffec3a4c000 	C:\Windows\System32\GDI32.dll
0x00007ffec34f0000 - 0x00007ffec360a000 	C:\Windows\System32\gdi32full.dll
0x00007ffec3040000 - 0x00007ffec30dd000 	C:\Windows\System32\msvcp_win.dll
0x00007ffec4770000 - 0x00007ffec47a0000 	C:\Windows\System32\IMM32.DLL
0x00007ffebf730000 - 0x00007ffebf73c000 	C:\Program Files\Android\Android Studio\jbr\bin\vcruntime140_1.dll
0x00007ffea33c0000 - 0x00007ffea344d000 	C:\Program Files\Android\Android Studio\jbr\bin\msvcp140.dll
0x00007ffe63e70000 - 0x00007ffe64af0000 	C:\Program Files\Android\Android Studio\jbr\bin\server\jvm.dll
0x00007ffec3800000 - 0x00007ffec38b3000 	C:\Windows\System32\ADVAPI32.dll
0x00007ffec3970000 - 0x00007ffec3a0f000 	C:\Windows\System32\sechost.dll
0x00007ffec3c40000 - 0x00007ffec3d66000 	C:\Windows\System32\RPCRT4.dll
0x00007ffec2d10000 - 0x00007ffec2d37000 	C:\Windows\System32\bcrypt.dll
0x00007ffea5020000 - 0x00007ffea5047000 	C:\Windows\SYSTEM32\WINMM.dll
0x00007ffebc5d0000 - 0x00007ffebc5da000 	C:\Windows\SYSTEM32\VERSION.dll
0x00007ffea7130000 - 0x00007ffea7139000 	C:\Windows\SYSTEM32\WSOCK32.dll
0x00007ffec3790000 - 0x00007ffec37fb000 	C:\Windows\System32\WS2_32.dll
0x00007ffec1520000 - 0x00007ffec1532000 	C:\Windows\SYSTEM32\kernel.appcore.dll
0x00007ffebf780000 - 0x00007ffebf78a000 	C:\Program Files\Android\Android Studio\jbr\bin\jimage.dll
0x00007ffec0a70000 - 0x00007ffec0c54000 	C:\Windows\SYSTEM32\DBGHELP.DLL
0x00007ffea7b80000 - 0x00007ffea7bb4000 	C:\Windows\SYSTEM32\dbgcore.DLL
0x00007ffec31e0000 - 0x00007ffec3262000 	C:\Windows\System32\bcryptPrimitives.dll
0x00007ffea7270000 - 0x00007ffea727e000 	C:\Program Files\Android\Android Studio\jbr\bin\instrument.dll
0x00007ffea71e0000 - 0x00007ffea7205000 	C:\Program Files\Android\Android Studio\jbr\bin\java.dll
0x00007ffea71c0000 - 0x00007ffea71d8000 	C:\Program Files\Android\Android Studio\jbr\bin\zip.dll
0x00007ffec48c0000 - 0x00007ffec5005000 	C:\Windows\System32\SHELL32.dll
0x00007ffec0d70000 - 0x00007ffec150b000 	C:\Windows\SYSTEM32\windows.storage.dll
0x00007ffec4280000 - 0x00007ffec45d4000 	C:\Windows\System32\combase.dll
0x00007ffec2710000 - 0x00007ffec273d000 	C:\Windows\SYSTEM32\Wldp.dll
0x00007ffec3660000 - 0x00007ffec370d000 	C:\Windows\System32\SHCORE.dll
0x00007ffec3ab0000 - 0x00007ffec3b05000 	C:\Windows\System32\shlwapi.dll
0x00007ffec2c10000 - 0x00007ffec2c35000 	C:\Windows\SYSTEM32\profapi.dll
0x00007ffe97bf0000 - 0x00007ffe97c09000 	C:\Program Files\Android\Android Studio\jbr\bin\net.dll
0x00007ffebdc00000 - 0x00007ffebdd0a000 	C:\Windows\SYSTEM32\WINHTTP.dll
0x00007ffec2470000 - 0x00007ffec24da000 	C:\Windows\system32\mswsock.dll
0x00007ffe97bd0000 - 0x00007ffe97be6000 	C:\Program Files\Android\Android Studio\jbr\bin\nio.dll
0x00007ffebe430000 - 0x00007ffebe440000 	C:\Program Files\Android\Android Studio\jbr\bin\verify.dll
0x00007ffe97d30000 - 0x00007ffe97d57000 	C:\Users\Anas\.gradle\native\68d5fa5c4cc2d200863cafc0d521ce42e7d3e7ee720ec0a83991735586a16f82\windows-amd64\native-platform.dll
0x00007ffe83a90000 - 0x00007ffe83bd4000 	C:\Users\Anas\.gradle\native\e376f236ea51e6404a007f0833ffe2c6e607c4080706a723a18a27aeea778392\windows-amd64\native-platform-file-events.dll
0x00007ffea7670000 - 0x00007ffea7679000 	C:\Program Files\Android\Android Studio\jbr\bin\management.dll
0x00007ffea71b0000 - 0x00007ffea71bb000 	C:\Program Files\Android\Android Studio\jbr\bin\management_ext.dll
0x00007ffec46c0000 - 0x00007ffec46c8000 	C:\Windows\System32\PSAPI.DLL
0x00007ffec2660000 - 0x00007ffec2678000 	C:\Windows\SYSTEM32\CRYPTSP.dll
0x00007ffec1d30000 - 0x00007ffec1d64000 	C:\Windows\system32\rsaenh.dll
0x00007ffec2bd0000 - 0x00007ffec2bfe000 	C:\Windows\SYSTEM32\USERENV.dll
0x00007ffec2680000 - 0x00007ffec268c000 	C:\Windows\SYSTEM32\CRYPTBASE.dll
0x00007ffec2110000 - 0x00007ffec214b000 	C:\Windows\SYSTEM32\IPHLPAPI.DLL
0x00007ffec3a10000 - 0x00007ffec3a18000 	C:\Windows\System32\NSI.dll
0x00007ffebc3e0000 - 0x00007ffebc3f7000 	C:\Windows\SYSTEM32\dhcpcsvc6.DLL
0x00007ffebc420000 - 0x00007ffebc43d000 	C:\Windows\SYSTEM32\dhcpcsvc.DLL
0x00007ffec2150000 - 0x00007ffec221a000 	C:\Windows\SYSTEM32\DNSAPI.dll
0x00007ffea78d0000 - 0x00007ffea78d7000 	C:\Windows\system32\wshunix.dll

dbghelp: loaded successfully - version: 4.0.5 - missing functions: none
symbol engine: initialized successfully - sym options: 0x614 - pdb path: .;C:\Program Files\Android\Android Studio\jbr\bin;C:\Windows\SYSTEM32;C:\Windows\WinSxS\amd64_microsoft.windows.common-controls_6595b64144ccf1df_6.0.19041.3636_none_60b6a03d71f818d5;C:\Program Files\Android\Android Studio\jbr\bin\server;C:\Users\Anas\.gradle\native\68d5fa5c4cc2d200863cafc0d521ce42e7d3e7ee720ec0a83991735586a16f82\windows-amd64;C:\Users\Anas\.gradle\native\e376f236ea51e6404a007f0833ffe2c6e607c4080706a723a18a27aeea778392\windows-amd64

VM Arguments:
jvm_args: --add-opens=java.base/java.util=ALL-UNNAMED --add-opens=java.base/java.lang=ALL-UNNAMED --add-opens=java.base/java.lang.invoke=ALL-UNNAMED --add-opens=java.prefs/java.util.prefs=ALL-UNNAMED --add-opens=java.base/java.nio.charset=ALL-UNNAMED --add-opens=java.base/java.net=ALL-UNNAMED --add-opens=java.base/java.util.concurrent.atomic=ALL-UNNAMED -Xmx2048m -Dfile.encoding=UTF-8 -Duser.country=US -Duser.language=en -Duser.variant -javaagent:C:\Users\Anas\.gradle\wrapper\dists\gradle-8.2-bin\bbg7u40eoinfdyxsxr3z4i7ta\gradle-8.2\lib\agents\gradle-instrumentation-agent-8.2.jar 
java_command: org.gradle.launcher.daemon.bootstrap.GradleDaemon 8.2
java_class_path (initial): C:\Users\Anas\.gradle\wrapper\dists\gradle-8.2-bin\bbg7u40eoinfdyxsxr3z4i7ta\gradle-8.2\lib\gradle-launcher-8.2.jar
Launcher Type: SUN_STANDARD

[Global flags]
     intx CICompilerCount                          = 4                                         {product} {ergonomic}
     uint ConcGCThreads                            = 2                                         {product} {ergonomic}
     uint G1ConcRefinementThreads                  = 8                                         {product} {ergonomic}
   size_t G1HeapRegionSize                         = 1048576                                   {product} {ergonomic}
    uintx GCDrainStackTargetSize                   = 64                                        {product} {ergonomic}
   size_t InitialHeapSize                          = 197132288                                 {product} {ergonomic}
   size_t MarkStackSize                            = 4194304                                   {product} {ergonomic}
   size_t MaxHeapSize                              = 2147483648                                {product} {command line}
   size_t MaxNewSize                               = 1287651328                                {product} {ergonomic}
   size_t MinHeapDeltaBytes                        = 1048576                                   {product} {ergonomic}
   size_t MinHeapSize                              = 8388608                                   {product} {ergonomic}
    uintx NonNMethodCodeHeapSize                   = 5839372                                {pd product} {ergonomic}
    uintx NonProfiledCodeHeapSize                  = 122909434                              {pd product} {ergonomic}
    uintx ProfiledCodeHeapSize                     = 122909434                              {pd product} {ergonomic}
    uintx ReservedCodeCacheSize                    = 251658240                              {pd product} {ergonomic}
     bool SegmentedCodeCache                       = true                                      {product} {ergonomic}
   size_t SoftMaxHeapSize                          = 2147483648                             {manageable} {ergonomic}
     bool UseCompressedClassPointers               = true                           {product lp64_product} {ergonomic}
     bool UseCompressedOops                        = true                           {product lp64_product} {ergonomic}
     bool UseG1GC                                  = true                                      {product} {ergonomic}
     bool UseLargePagesIndividualAllocation        = false                                  {pd product} {ergonomic}

Logging:
Log output configuration:
 #0: stdout all=warning uptime,level,tags
 #1: stderr all=off uptime,level,tags

Environment Variables:
PATH=C:\Program Files\Microsoft MPI\Bin\;C:\Program Files\Common Files\Oracle\Java\javapath;C:\Windows\system32;C:\Windows;C:\Windows\System32\Wbem;C:\Windows\System32\WindowsPowerShell\v1.0\;C:\Windows\System32\OpenSSH\;C:\Program Files\nodejs\;C:\Program Files\Git\cmd;C:\Program Files\Cloudflare\Cloudflare WARP\;C:\Program Files\PostgreSQL\15\bin;C:\Program Files (x86)\Microsoft SQL Server\160\Tools\Binn\;C:\Program Files\Microsoft SQL Server\160\Tools\Binn\;C:\Program Files\Microsoft SQL Server\Client SDK\ODBC\170\Tools\Binn\;C:\Program Files\Microsoft SQL Server\160\DTS\Binn\;C:\Program Files (x86)\Microsoft SQL Server\160\DTS\Binn\;C:\Users\Anas\AppData\Local\Microsoft\WindowsApps;C:\Users\Anas\AppData\Local\Programs\Microsoft VS Code\bin;C:\Users\Anas\AppData\Local\GitHubDesktop\bin;C:\Users\Anas\AppData\Roaming\npm;C:\Users\Anas\AppData\Local\Android\Sdk\platform-tools\;C:\Program Files\PostgreSQL\15\bin;
USERNAME=Anas
OS=Windows_NT
PROCESSOR_IDENTIFIER=Intel64 Family 6 Model 140 Stepping 1, GenuineIntel
TMP=C:\Users\Anas\AppData\Local\Temp
TEMP=C:\Users\Anas\AppData\Local\Temp


JNI global refs:
JNI global refs: 29, weak refs: 7

JNI global refs memory usage: 843, weak refs: 841

OOME stack traces (most recent first):
Classloader memory used:
Loader org.gradle.internal.classloader.VisitableURLClassLoader                         : 5754K
Loader bootstrap                                                                       : 2531K
Loader org.gradle.initialization.MixInLegacyTypesClassLoader                           : 687K
Loader org.gradle.internal.classloader.VisitableURLClassLoader$InstrumentingVisitableURLClassLoader: 76621B
Loader jdk.internal.loader.ClassLoaders$PlatformClassLoader                            : 65496B
Loader org.gradle.internal.classloader.VisitableURLClassLoader                         : 52327B
Loader jdk.internal.jrtfs.JrtFileSystemProvider$JrtFsLoader                            : 38975B
Loader jdk.internal.loader.ClassLoaders$AppClassLoader                                 : 28359B
Loader jdk.internal.reflect.DelegatingClassLoader                                      : 25826B
Loader org.gradle.groovy.scripts.internal.DefaultScriptCompilationHandler$ScriptClassLoader: 11559B
Loader org.codehaus.groovy.runtime.callsite.CallSiteClassLoader                        : 6129B

Classes loaded by more than one classloader:
Class org.gradle.api.GradleException                                                  : loaded 3 times (x 80B)
Class org.gradle.util.GradleVersion                                                   : loaded 2 times (x 81B)
Class org.jetbrains.plugins.gradle.model.MavenRepositoryModel                         : loaded 2 times (x 68B)
Class sync_studio_tooling1_4n7szupc1iihhhdaw2pq0pym1                                  : loaded 2 times (x 177B)
Class org.gradle.internal.classpath.ClassPath                                         : loaded 2 times (x 68B)
Class org.gradle.api.internal.classpath.DefaultModuleRegistry                         : loaded 2 times (x 84B)
Class com.intellij.openapi.externalSystem.model.ExternalSystemException               : loaded 2 times (x 84B)
Class jdk.internal.jimage.BasicImageReader$1                                          : loaded 2 times (x 75B)
Class org.gradle.api.Action                                                           : loaded 2 times (x 68B)
Class org.jetbrains.plugins.gradle.model.ExternalProject                              : loaded 2 times (x 68B)
Class jdk.internal.jimage.ImageBufferCache$1                                          : loaded 2 times (x 78B)
Class jdk.internal.jimage.ImageBufferCache$2                                          : loaded 2 times (x 89B)
Class org.gradle.api.internal.DefaultClassPathProvider                                : loaded 2 times (x 74B)
Class org.gradle.internal.installation.GradleInstallation$1                           : loaded 2 times (x 73B)
Class jdk.internal.jrtfs.SystemImage$1                                                : loaded 2 times (x 76B)
Class jdk.internal.jrtfs.SystemImage$2                                                : loaded 2 times (x 74B)
Class org.gradle.internal.exceptions.DefaultMultiCauseException                       : loaded 2 times (x 85B)
Class org.gradle.internal.time.MonotonicClock                                         : loaded 2 times (x 75B)
Class org.gradle.internal.classloader.FilteringClassLoader                            : loaded 2 times (x 102B)
Class jdk.internal.jimage.ImageReader$Resource                                        : loaded 2 times (x 82B)
Class jdk.internal.jrtfs.SystemImage                                                  : loaded 2 times (x 72B)
Class org.gradle.tooling.model.Model                                                  : loaded 2 times (x 68B)
Class org.gradle.internal.classpath.DefaultClassPath$ImmutableUniqueList$Builder      : loaded 2 times (x 73B)
Class jdk.internal.jrtfs.JrtDirectoryStream$1                                         : loaded 2 times (x 81B)
Class org.gradle.internal.classloader.ClassLoaderVisitor                              : loaded 2 times (x 74B)
Class org.gradle.internal.time.DefaultCountdownTimer                                  : loaded 2 times (x 86B)
Class org.gradle.internal.service.DefaultServiceLocator                               : loaded 2 times (x 81B)
Class org.gradle.internal.service.UnknownServiceException                             : loaded 2 times (x 81B)
Class org.gradle.internal.classloader.DefaultClassLoaderFactory                       : loaded 2 times (x 80B)
Class jdk.internal.jimage.ImageReader$SharedImageReader                               : loaded 2 times (x 93B)
Class jdk.internal.jimage.decompressor.ZipDecompressorFactory                         : loaded 2 times (x 72B)
Class org.gradle.internal.classloader.VisitableURLClassLoader$Spec                    : loaded 2 times (x 72B)
Class org.gradle.tooling.model.ProjectModel                                           : loaded 2 times (x 68B)
Class org.gradle.internal.installation.GradleInstallation                             : loaded 2 times (x 73B)
Class org.gradle.api.internal.classpath.ModuleRegistry                                : loaded 2 times (x 68B)
Class org.jetbrains.plugins.gradle.model.RepositoriesModel                            : loaded 2 times (x 68B)
Class kotlin.jvm.internal.markers.KMappedMarker                                       : loaded 2 times (x 68B)
Class org.gradle.api.internal.ClassPathProvider                                       : loaded 2 times (x 68B)
Class org.gradle.internal.classloader.ClasspathUtil$1                                 : loaded 2 times (x 74B)
Class org.gradle.internal.classloader.ClassLoaderFactory                              : loaded 2 times (x 68B)
Class jdk.internal.jimage.ImageHeader                                                 : loaded 2 times (x 69B)
Class org.gradle.api.internal.classpath.ManifestUtil                                  : loaded 2 times (x 69B)
Class org.gradle.api.specs.Spec                                                       : loaded 2 times (x 68B)
Class org.gradle.internal.IoActions                                                   : loaded 2 times (x 69B)
Class jdk.internal.jimage.decompressor.StringSharingDecompressorFactory               : loaded 2 times (x 72B)
Class org.gradle.api.internal.classpath.EffectiveClassPath                            : loaded 2 times (x 88B)
Class kotlin.jvm.internal.DefaultConstructorMarker                                    : loaded 2 times (x 69B)
Class org.gradle.internal.installation.CurrentGradleInstallation                      : loaded 2 times (x 71B)
Class org.gradle.internal.agents.InstrumentingClassLoader                             : loaded 2 times (x 68B)
Class org.gradle.internal.installation.CurrentGradleInstallationLocator               : loaded 2 times (x 69B)
Class org.gradle.api.internal.classpath.Module                                        : loaded 2 times (x 68B)
Class org.gradle.internal.service.CachingServiceLocator                               : loaded 2 times (x 80B)
Class org.gradle.internal.time.Timer                                                  : loaded 2 times (x 68B)
Class org.gradle.internal.classpath.DefaultClassPath                                  : loaded 2 times (x 88B)
Class jdk.internal.jimage.BasicImageReader                                            : loaded 2 times (x 93B)
Class jdk.internal.jimage.ImageLocation                                               : loaded 2 times (x 88B)
Class kotlin.jvm.functions.Function1                                                  : loaded 2 times (x 68B)
Class jdk.internal.jimage.ImageReader$Node                                            : loaded 2 times (x 82B)
Class org.gradle.internal.time.Time                                                   : loaded 2 times (x 69B)
Class jdk.internal.jimage.decompressor.CompressedResourceHeader                       : loaded 2 times (x 69B)
Class org.gradle.internal.time.TimeSource$1                                           : loaded 2 times (x 75B)
Class jdk.internal.jrtfs.JrtPath                                                      : loaded 2 times (x 116B)
Class jdk.internal.jimage.ImageStrings                                                : loaded 2 times (x 68B)
Class jdk.internal.jrtfs.JrtFileAttributes                                            : loaded 2 times (x 81B)
Class org.gradle.internal.classloader.SystemClassLoaderSpec                           : loaded 2 times (x 69B)
Class jdk.internal.jimage.decompressor.ResourceDecompressorRepository                 : loaded 2 times (x 69B)
Class kotlin.Function                                                                 : loaded 2 times (x 68B)
Class org.gradle.api.UncheckedIOException                                             : loaded 2 times (x 80B)
Class sync_studio_tooling1_4n7szupc1iihhhdaw2pq0pym1$_run_closure1                    : loaded 2 times (x 134B)
Class jdk.internal.jimage.decompressor.ResourceDecompressor$StringsProvider           : loaded 2 times (x 68B)
Class jdk.internal.jimage.decompressor.Decompressor                                   : loaded 2 times (x 70B)
Class ijinit_58egk6e5rx62o8nuu1sqzvksc                                                : loaded 2 times (x 177B)
Class jdk.internal.jrtfs.JrtFileSystem                                                : loaded 2 times (x 100B)
Class jdk.internal.jrtfs.JrtFileSystemProvider                                        : loaded 2 times (x 97B)
Class org.gradle.internal.time.CountdownTimer                                         : loaded 2 times (x 68B)
Class org.gradle.internal.time.Clock                                                  : loaded 2 times (x 68B)
Class org.gradle.internal.classloader.ClasspathUtil                                   : loaded 2 times (x 69B)
Class jdk.internal.jrtfs.JrtDirectoryStream                                           : loaded 2 times (x 87B)
Class jdk.internal.jimage.decompressor.ResourceDecompressor                           : loaded 2 times (x 68B)
Class org.gradle.api.internal.DefaultClassPathRegistry                                : loaded 2 times (x 74B)
Class org.gradle.api.internal.classpath.DefaultModuleRegistry$DefaultModule           : loaded 2 times (x 84B)
Class org.gradle.internal.time.TimeSource                                             : loaded 2 times (x 68B)
Class org.gradle.api.internal.classpath.UnknownModuleException                        : loaded 2 times (x 80B)
Class org.gradle.internal.service.ServiceLookupException                              : loaded 2 times (x 80B)
Class jdk.internal.jimage.ImageStringsReader                                          : loaded 2 times (x 78B)
Class org.gradle.cache.GlobalCache                                                    : loaded 2 times (x 68B)
Class jdk.internal.jimage.decompressor.ResourceDecompressorFactory                    : loaded 2 times (x 72B)
Class [Lorg.gradle.api.internal.ClassPathProvider;                                    : loaded 2 times (x 67B)
Class jdk.internal.jimage.ImageReader$SharedImageReader$LocationVisitor               : loaded 2 times (x 68B)
Class org.gradle.internal.operations.MultipleBuildOperationFailures                   : loaded 2 times (x 85B)
Class org.gradle.util.internal.GUtil                                                  : loaded 2 times (x 69B)
Class jdk.internal.jimage.decompressor.ZipDecompressor                                : loaded 2 times (x 73B)
Class org.gradle.internal.classloader.ClassLoaderSpec                                 : loaded 2 times (x 69B)
Class org.gradle.internal.classloader.VisitableURLClassLoader                         : loaded 2 times (x 114B)
Class org.gradle.internal.Cast                                                        : loaded 2 times (x 69B)
Class org.gradle.api.internal.ClassPathRegistry                                       : loaded 2 times (x 68B)
Class org.gradle.internal.classloader.VisitableURLClassLoader$InstrumentingVisitableURLClassLoader: loaded 2 times (x 120B)
Class org.gradle.internal.classloader.ClassLoaderHierarchy                            : loaded 2 times (x 68B)
Class org.gradle.internal.exceptions.MultiCauseException                              : loaded 2 times (x 68B)
Class jdk.internal.jimage.ImageReader                                                 : loaded 2 times (x 73B)
Class org.gradle.internal.InternalTransformer                                         : loaded 2 times (x 68B)
Class org.gradle.internal.service.ServiceLocator                                      : loaded 2 times (x 68B)
Class org.gradle.internal.classpath.DefaultClassPath$ImmutableUniqueList              : loaded 2 times (x 159B)
Class jdk.internal.jimage.ImageBufferCache                                            : loaded 2 times (x 69B)
Class org.gradle.internal.time.DefaultTimer                                           : loaded 2 times (x 78B)
Class org.gradle.internal.classpath.TransformedClassPath                              : loaded 2 times (x 94B)
Class jdk.internal.jimage.ImageReader$Directory                                       : loaded 2 times (x 82B)


---------------  S Y S T E M  ---------------

OS:
 Windows 10 , 64 bit Build 19041 (10.0.19041.3636)
OS uptime: 0 days 1:22 hours

CPU: total 8 (initial active 8) (4 cores per cpu, 2 threads per core) family 6 model 140 stepping 1 microcode 0xa6, cx8, cmov, fxsr, ht, mmx, 3dnowpref, sse, sse2, sse3, ssse3, sse4.1, sse4.2, popcnt, lzcnt, tsc, tscinvbit, avx, avx2, aes, erms, clmul, bmi1, bmi2, adx, avx512f, avx512dq, avx512cd, avx512bw, avx512vl, sha, fma, vzeroupper, avx512_vpopcntdq, avx512_vpclmulqdq, avx512_vaes, avx512_vnni, clflush, clflushopt, clwb, avx512_vbmi2, avx512_vbmi

Memory: 4k page, system-wide physical 11930M (2076M free)
TotalPageFile size 13978M (AvailPageFile size 15M)
current process WorkingSet (physical memory assigned to process): 339M, peak: 343M
current process commit charge ("private bytes"): 377M, peak: 393M

vm_info: OpenJDK 64-Bit Server VM (17.0.7+0-b2043.56-10550314) for windows-amd64 JRE (17.0.7+0-b2043.56-10550314), built on Jul 24 2023 18:27:45 by "androidbuild" with MS VC++ 16.10 / 16.11 (VS2019)

END.
