#
# There is insufficient memory for the Java Runtime Environment to continue.
# Native memory allocation (mmap) failed to map 28311552 bytes for G1 virtual space
# Possible reasons:
#   The system is out of physical RAM or swap space
#   The process is running with CompressedOops enabled, and the Java Heap may be blocking the growth of the native heap
# Possible solutions:
#   Reduce memory load on the system
#   Increase physical memory or swap space
#   Check if swap backing store is full
#   Decrease Java heap size (-Xmx/-Xms)
#   Decrease number of Java threads
#   Decrease Java thread stack sizes (-Xss)
#   Set larger code cache with -XX:ReservedCodeCacheSize=
#   JVM is running with Unscaled Compressed Oops mode in which the Java heap is
#     placed in the first 4GB address space. The Java Heap base address is the
#     maximum limit for the native heap growth. Please use -XX:HeapBaseMinAddress
#     to set the Java Heap base and to place the Java Heap above 4GB virtual address.
# This output file may be truncated or incomplete.
#
#  Out of Memory Error (os_windows.cpp:3771), pid=15000, tid=6728
#
# JRE version: OpenJDK Runtime Environment (17.0.7) (build 17.0.7+0-b2043.56-10550314)
# Java VM: OpenJDK 64-Bit Server VM (17.0.7+0-b2043.56-10550314, mixed mode, tiered, compressed oops, compressed class ptrs, g1 gc, windows-amd64)
# No core dump will be written. Minidumps are not enabled by default on client versions of Windows
#

---------------  S U M M A R Y ------------

Command Line: --add-opens=java.base/java.util=ALL-UNNAMED --add-opens=java.base/java.lang=ALL-UNNAMED --add-opens=java.base/java.lang.invoke=ALL-UNNAMED --add-opens=java.prefs/java.util.prefs=ALL-UNNAMED --add-opens=java.base/java.nio.charset=ALL-UNNAMED --add-opens=java.base/java.net=ALL-UNNAMED --add-opens=java.base/java.util.concurrent.atomic=ALL-UNNAMED -Xmx2048m -Dfile.encoding=UTF-8 -Duser.country=US -Duser.language=en -Duser.variant -javaagent:C:\Users\Anas\.gradle\wrapper\dists\gradle-8.2-bin\bbg7u40eoinfdyxsxr3z4i7ta\gradle-8.2\lib\agents\gradle-instrumentation-agent-8.2.jar org.gradle.launcher.daemon.bootstrap.GradleDaemon 8.2

Host: 11th Gen Intel(R) Core(TM) i5-1135G7 @ 2.40GHz, 8 cores, 11G,  Windows 10 , 64 bit Build 19041 (10.0.19041.3636)
Time: Thu Jan 11 18:30:33 2024 Pakistan Standard Time elapsed time: 4.464992 seconds (0d 0h 0m 4s)

---------------  T H R E A D  ---------------

Current thread (0x000002861e44d660):  VMThread "VM Thread" [stack: 0x000000fd53d00000,0x000000fd53e00000] [id=6728]

Stack: [0x000000fd53d00000,0x000000fd53e00000]
Native frames: (J=compiled Java code, j=interpreted, Vv=VM code, C=native code)
V  [jvm.dll+0x683bfa]
V  [jvm.dll+0x8430a4]
V  [jvm.dll+0x8449be]
V  [jvm.dll+0x845023]
V  [jvm.dll+0x24ad2f]
V  [jvm.dll+0x680ac9]
V  [jvm.dll+0x67519a]
V  [jvm.dll+0x30b3cb]
V  [jvm.dll+0x312876]
V  [jvm.dll+0x36221e]
V  [jvm.dll+0x36244f]
V  [jvm.dll+0x2e14a8]
V  [jvm.dll+0x2df684]
V  [jvm.dll+0x2dec8c]
V  [jvm.dll+0x32382b]
V  [jvm.dll+0x8496eb]
V  [jvm.dll+0x84a424]
V  [jvm.dll+0x84a93d]
V  [jvm.dll+0x84ad14]
V  [jvm.dll+0x84ade0]
V  [jvm.dll+0x7f2aea]
V  [jvm.dll+0x682a35]
C  [ucrtbase.dll+0x21bb2]
C  [KERNEL32.DLL+0x17344]
C  [ntdll.dll+0x526b1]

VM_Operation (0x000000fd555ef690): G1CollectForAllocation, mode: safepoint, requested by thread 0x00000286245c51a0


---------------  P R O C E S S  ---------------

Threads class SMR info:
_java_thread_list=0x0000028625118f30, length=42, elements={
0x00000286045d3310, 0x000002861e597dd0, 0x000002861e598980, 0x000002861e5da3c0,
0x000002861e5dad70, 0x000002861e5dd730, 0x000002861e5de0e0, 0x000002861e5df5d0,
0x000002861e5dffc0, 0x000002861e5e29c0, 0x000002861e783860, 0x0000028623013020,
0x0000028624051d50, 0x0000028623bc78a0, 0x0000028624dda030, 0x00000286248fb610,
0x0000028624d3fa20, 0x00000286245c5b40, 0x00000286245c51a0, 0x00000286245c3e60,
0x00000286245c3990, 0x00000286245c4800, 0x00000286245c4330, 0x00000286245c4cd0,
0x00000286245c64e0, 0x00000286245c69b0, 0x00000286245c6e80, 0x00000286245c34c0,
0x0000028625447430, 0x0000028625447900, 0x00000286254482a0, 0x0000028625443f40,
0x0000028625449110, 0x0000028625447dd0, 0x00000286254430d0, 0x0000028625448770,
0x0000028625445c20, 0x00000286254435a0, 0x0000028625449f80, 0x0000028625444410,
0x0000028625444db0, 0x000002862544a920
}

Java Threads: ( => current thread )
  0x00000286045d3310 JavaThread "main" [_thread_blocked, id=12964, stack(0x000000fd53700000,0x000000fd53800000)]
  0x000002861e597dd0 JavaThread "Reference Handler" daemon [_thread_blocked, id=7524, stack(0x000000fd53e00000,0x000000fd53f00000)]
  0x000002861e598980 JavaThread "Finalizer" daemon [_thread_blocked, id=4268, stack(0x000000fd53f00000,0x000000fd54000000)]
  0x000002861e5da3c0 JavaThread "Signal Dispatcher" daemon [_thread_blocked, id=3056, stack(0x000000fd54000000,0x000000fd54100000)]
  0x000002861e5dad70 JavaThread "Attach Listener" daemon [_thread_blocked, id=9768, stack(0x000000fd54100000,0x000000fd54200000)]
  0x000002861e5dd730 JavaThread "Service Thread" daemon [_thread_blocked, id=13152, stack(0x000000fd54200000,0x000000fd54300000)]
  0x000002861e5de0e0 JavaThread "Monitor Deflation Thread" daemon [_thread_blocked, id=14288, stack(0x000000fd54300000,0x000000fd54400000)]
  0x000002861e5df5d0 JavaThread "C2 CompilerThread0" daemon [_thread_blocked, id=3848, stack(0x000000fd54400000,0x000000fd54500000)]
  0x000002861e5dffc0 JavaThread "C1 CompilerThread0" daemon [_thread_blocked, id=13088, stack(0x000000fd54500000,0x000000fd54600000)]
  0x000002861e5e29c0 JavaThread "Sweeper thread" daemon [_thread_blocked, id=12180, stack(0x000000fd54600000,0x000000fd54700000)]
  0x000002861e783860 JavaThread "Common-Cleaner" daemon [_thread_blocked, id=3800, stack(0x000000fd54700000,0x000000fd54800000)]
  0x0000028623013020 JavaThread "Notification Thread" daemon [_thread_blocked, id=9848, stack(0x000000fd54800000,0x000000fd54900000)]
  0x0000028624051d50 JavaThread "Daemon health stats" [_thread_blocked, id=15648, stack(0x000000fd55000000,0x000000fd55100000)]
  0x0000028623bc78a0 JavaThread "Incoming local TCP Connector on port 52253" [_thread_in_native, id=5800, stack(0x000000fd54b00000,0x000000fd54c00000)]
  0x0000028624dda030 JavaThread "Daemon periodic checks" [_thread_blocked, id=15152, stack(0x000000fd55100000,0x000000fd55200000)]
  0x00000286248fb610 JavaThread "Daemon" [_thread_blocked, id=12388, stack(0x000000fd55200000,0x000000fd55300000)]
  0x0000028624d3fa20 JavaThread "Handler for socket connection from /127.0.0.1:52253 to /127.0.0.1:52254" [_thread_in_native, id=16084, stack(0x000000fd55300000,0x000000fd55400000)]
  0x00000286245c5b40 JavaThread "Cancel handler" [_thread_blocked, id=8840, stack(0x000000fd55400000,0x000000fd55500000)]
  0x00000286245c51a0 JavaThread "Daemon worker" [_thread_blocked, id=14720, stack(0x000000fd55500000,0x000000fd55600000)]
  0x00000286245c3e60 JavaThread "Asynchronous log dispatcher for DefaultDaemonConnection: socket connection from /127.0.0.1:52253 to /127.0.0.1:52254" [_thread_blocked, id=16364, stack(0x000000fd55600000,0x000000fd55700000)]
  0x00000286245c3990 JavaThread "Stdin handler" [_thread_blocked, id=16368, stack(0x000000fd55700000,0x000000fd55800000)]
  0x00000286245c4800 JavaThread "Daemon client event forwarder" [_thread_blocked, id=16376, stack(0x000000fd55800000,0x000000fd55900000)]
  0x00000286245c4330 JavaThread "Cache worker for journal cache (C:\Users\Anas\.gradle\caches\journal-1)" [_thread_blocked, id=5848, stack(0x000000fd55d00000,0x000000fd55e00000)]
  0x00000286245c4cd0 JavaThread "File lock request listener" [_thread_in_native, id=16252, stack(0x000000fd55e00000,0x000000fd55f00000)]
  0x00000286245c64e0 JavaThread "Cache worker for file hash cache (C:\Users\Anas\.gradle\caches\8.2\fileHashes)" [_thread_blocked, id=14692, stack(0x000000fd55f00000,0x000000fd56000000)]
  0x00000286245c69b0 JavaThread "File watcher server" daemon [_thread_in_native, id=3512, stack(0x000000fd56100000,0x000000fd56200000)]
  0x00000286245c6e80 JavaThread "File watcher consumer" daemon [_thread_blocked, id=2768, stack(0x000000fd56200000,0x000000fd56300000)]
  0x00000286245c34c0 JavaThread "jar transforms" [_thread_blocked, id=7200, stack(0x000000fd56300000,0x000000fd56400000)]
  0x0000028625447430 JavaThread "jar transforms Thread 2" [_thread_blocked, id=16148, stack(0x000000fd56400000,0x000000fd56500000)]
  0x0000028625447900 JavaThread "jar transforms Thread 3" [_thread_blocked, id=9884, stack(0x000000fd56500000,0x000000fd56600000)]
  0x00000286254482a0 JavaThread "jar transforms Thread 4" [_thread_blocked, id=15924, stack(0x000000fd56600000,0x000000fd56700000)]
  0x0000028625443f40 JavaThread "jar transforms Thread 5" [_thread_blocked, id=15260, stack(0x000000fd56700000,0x000000fd56800000)]
  0x0000028625449110 JavaThread "jar transforms Thread 6" [_thread_blocked, id=15936, stack(0x000000fd56800000,0x000000fd56900000)]
  0x0000028625447dd0 JavaThread "jar transforms Thread 7" [_thread_blocked, id=15052, stack(0x000000fd56900000,0x000000fd56a00000)]
  0x00000286254430d0 JavaThread "jar transforms Thread 8" [_thread_blocked, id=9948, stack(0x000000fd56a00000,0x000000fd56b00000)]
  0x0000028625448770 JavaThread "Cache worker for checksums cache (C:\Users\Anas\AndroidStudioProjects\Samaan\.gradle\8.2\checksums)" [_thread_blocked, id=16220, stack(0x000000fd56b00000,0x000000fd56c00000)]
  0x0000028625445c20 JavaThread "Cache worker for cache directory md-rule (C:\Users\Anas\.gradle\caches\8.2\md-rule)" [_thread_blocked, id=15172, stack(0x000000fd56c00000,0x000000fd56d00000)]
  0x00000286254435a0 JavaThread "Cache worker for file content cache (C:\Users\Anas\.gradle\caches\8.2\fileContent)" [_thread_blocked, id=14364, stack(0x000000fd56d00000,0x000000fd56e00000)]
  0x0000028625449f80 JavaThread "Cache worker for file hash cache (C:\Users\Anas\AndroidStudioProjects\Samaan\.gradle\8.2\fileHashes)" [_thread_blocked, id=7680, stack(0x000000fd56e00000,0x000000fd56f00000)]
  0x0000028625444410 JavaThread "Cache worker for cache directory md-supplier (C:\Users\Anas\.gradle\caches\8.2\md-supplier)" [_thread_blocked, id=12948, stack(0x000000fd56f00000,0x000000fd57000000)]
  0x0000028625444db0 JavaThread "Cache worker for execution history cache (C:\Users\Anas\.gradle\caches\8.2\executionHistory)" [_thread_blocked, id=15988, stack(0x000000fd57000000,0x000000fd57100000)]
  0x000002862544a920 JavaThread "Cache worker for kotlin-dsl (C:\Users\Anas\.gradle\caches\8.2\kotlin-dsl)" [_thread_blocked, id=15784, stack(0x000000fd57100000,0x000000fd57200000)]

Other Threads:
=>0x000002861e44d660 VMThread "VM Thread" [stack: 0x000000fd53d00000,0x000000fd53e00000] [id=6728]
  0x00000286045d41d0 WatcherThread [stack: 0x000000fd54900000,0x000000fd54a00000] [id=2720]
  0x000002860462d5e0 GCTaskThread "GC Thread#0" [stack: 0x000000fd53800000,0x000000fd53900000] [id=15100]
  0x00000286241eac50 GCTaskThread "GC Thread#1" [stack: 0x000000fd54c00000,0x000000fd54d00000] [id=14304]
  0x0000028623194080 GCTaskThread "GC Thread#2" [stack: 0x000000fd54d00000,0x000000fd54e00000] [id=15148]
  0x0000028623194330 GCTaskThread "GC Thread#3" [stack: 0x000000fd54e00000,0x000000fd54f00000] [id=1184]
  0x00000286244c7a40 GCTaskThread "GC Thread#4" [stack: 0x000000fd54f00000,0x000000fd55000000] [id=4468]
  0x0000028624c83080 GCTaskThread "GC Thread#5" [stack: 0x000000fd55900000,0x000000fd55a00000] [id=14868]
  0x0000028624c84350 GCTaskThread "GC Thread#6" [stack: 0x000000fd55a00000,0x000000fd55b00000] [id=764]
  0x0000028624c848b0 GCTaskThread "GC Thread#7" [stack: 0x000000fd55b00000,0x000000fd55c00000] [id=6692]
  0x000002860463f530 ConcurrentGCThread "G1 Main Marker" [stack: 0x000000fd53900000,0x000000fd53a00000] [id=12976]
  0x000002860463ff40 ConcurrentGCThread "G1 Conc#0" [stack: 0x000000fd53a00000,0x000000fd53b00000] [id=6408]
  0x0000028624c83890 ConcurrentGCThread "G1 Conc#1" [stack: 0x000000fd55c00000,0x000000fd55d00000] [id=6168]
  0x000002860468dce0 ConcurrentGCThread "G1 Refine#0" [stack: 0x000000fd53b00000,0x000000fd53c00000] [id=16004]
  0x000002860468e700 ConcurrentGCThread "G1 Service" [stack: 0x000000fd53c00000,0x000000fd53d00000] [id=14560]

Threads with active compile tasks:
C2 CompilerThread0     4473 4785       4       sun.net.www.protocol.jar.Handler::parseContextSpec (150 bytes)

VM state: at safepoint (normal execution)

VM Mutex/Monitor currently owned by a thread:  ([mutex/lock_event])
[0x00000286045cf380] Threads_lock - owner thread: 0x000002861e44d660
[0x00000286045cfad0] Heap_lock - owner thread: 0x00000286245c51a0

Heap address: 0x0000000080000000, size: 2048 MB, Compressed Oops mode: 32-bit

CDS archive(s) not mapped
Compressed class space mapped at: 0x0000000100000000-0x0000000140000000, reserved size: 1073741824
Narrow klass base: 0x0000000000000000, Narrow klass shift: 3, Narrow klass range: 0x140000000

GC Precious Log:
 CPUs: 8 total, 8 available
 Memory: 11930M
 Large Page Support: Disabled
 NUMA Support: Disabled
 Compressed Oops: Enabled (32-bit)
 Heap Region Size: 1M
 Heap Min Capacity: 8M
 Heap Initial Capacity: 188M
 Heap Max Capacity: 2G
 Pre-touch: Disabled
 Parallel Workers: 8
 Concurrent Workers: 2
 Concurrent Refinement Workers: 8
 Periodic GC: Disabled

Heap:
 garbage-first heap   total 192512K, used 68668K [0x0000000080000000, 0x0000000100000000)
  region size 1024K, 2 young (2048K), 2 survivors (2048K)
 Metaspace       used 57730K, committed 58304K, reserved 1114112K
  class space    used 8121K, committed 8384K, reserved 1048576K

Heap Regions: E=young(eden), S=young(survivor), O=old, HS=humongous(starts), HC=humongous(continues), CS=collection set, F=free, OA=open archive, CA=closed archive, TAMS=top-at-mark-start (previous, next)
|   0|0x0000000080000000, 0x0000000080100000, 0x0000000080100000|100%|HS|  |TAMS 0x0000000080100000, 0x0000000080000000| Complete 
|   1|0x0000000080100000, 0x0000000080200000, 0x0000000080200000|100%|HC|  |TAMS 0x0000000080200000, 0x0000000080100000| Complete 
|   2|0x0000000080200000, 0x0000000080300000, 0x0000000080300000|100%|HC|  |TAMS 0x0000000080300000, 0x0000000080200000| Complete 
|   3|0x0000000080300000, 0x0000000080400000, 0x0000000080400000|100%|HC|  |TAMS 0x0000000080400000, 0x0000000080300000| Complete 
|   4|0x0000000080400000, 0x0000000080500000, 0x0000000080500000|100%| O|  |TAMS 0x0000000080500000, 0x0000000080400000| Untracked 
|   5|0x0000000080500000, 0x0000000080600000, 0x0000000080600000|100%| O|  |TAMS 0x0000000080600000, 0x0000000080500000| Untracked 
|   6|0x0000000080600000, 0x0000000080700000, 0x0000000080700000|100%| O|  |TAMS 0x0000000080700000, 0x0000000080600000| Untracked 
|   7|0x0000000080700000, 0x0000000080800000, 0x0000000080800000|100%| O|  |TAMS 0x0000000080800000, 0x0000000080700000| Untracked 
|   8|0x0000000080800000, 0x0000000080900000, 0x0000000080900000|100%| O|  |TAMS 0x0000000080900000, 0x0000000080800000| Untracked 
|   9|0x0000000080900000, 0x0000000080a00000, 0x0000000080a00000|100%| O|  |TAMS 0x0000000080a00000, 0x0000000080900000| Untracked 
|  10|0x0000000080a00000, 0x0000000080b00000, 0x0000000080b00000|100%| O|  |TAMS 0x0000000080b00000, 0x0000000080a00000| Untracked 
|  11|0x0000000080b00000, 0x0000000080b81400, 0x0000000080c00000| 50%| O|  |TAMS 0x0000000080b81400, 0x0000000080b00000| Complete 
|  12|0x0000000080c00000, 0x0000000080d00000, 0x0000000080d00000|100%| O|  |TAMS 0x0000000080d00000, 0x0000000080c00000| Untracked 
|  13|0x0000000080d00000, 0x0000000080e00000, 0x0000000080e00000|100%| O|  |TAMS 0x0000000080e00000, 0x0000000080d00000| Untracked 
|  14|0x0000000080e00000, 0x0000000080f00000, 0x0000000080f00000|100%| O|  |TAMS 0x0000000080f00000, 0x0000000080e00000| Untracked 
|  15|0x0000000080f00000, 0x0000000081000000, 0x0000000081000000|100%| O|  |TAMS 0x0000000081000000, 0x0000000080f00000| Untracked 
|  16|0x0000000081000000, 0x0000000081100000, 0x0000000081100000|100%| O|  |TAMS 0x0000000081100000, 0x0000000081000000| Untracked 
|  17|0x0000000081100000, 0x0000000081200000, 0x0000000081200000|100%| O|  |TAMS 0x0000000081200000, 0x0000000081100000| Untracked 
|  18|0x0000000081200000, 0x0000000081300000, 0x0000000081300000|100%| O|  |TAMS 0x0000000081300000, 0x0000000081200000| Untracked 
|  19|0x0000000081300000, 0x0000000081400000, 0x0000000081400000|100%|HS|  |TAMS 0x0000000081400000, 0x0000000081300000| Complete 
|  20|0x0000000081400000, 0x0000000081500000, 0x0000000081500000|100%|HC|  |TAMS 0x0000000081500000, 0x0000000081400000| Complete 
|  21|0x0000000081500000, 0x0000000081600000, 0x0000000081600000|100%|HS|  |TAMS 0x0000000081600000, 0x0000000081500000| Complete 
|  22|0x0000000081600000, 0x0000000081700000, 0x0000000081700000|100%|HC|  |TAMS 0x0000000081700000, 0x0000000081600000| Complete 
|  23|0x0000000081700000, 0x0000000081800000, 0x0000000081800000|100%|HC|  |TAMS 0x0000000081800000, 0x0000000081700000| Complete 
|  24|0x0000000081800000, 0x0000000081900000, 0x0000000081900000|100%|HS|  |TAMS 0x0000000081900000, 0x0000000081800000| Complete 
|  25|0x0000000081900000, 0x0000000081a00000, 0x0000000081a00000|100%|HC|  |TAMS 0x0000000081a00000, 0x0000000081900000| Complete 
|  26|0x0000000081a00000, 0x0000000081b00000, 0x0000000081b00000|100%| O|  |TAMS 0x0000000081b00000, 0x0000000081a00000| Untracked 
|  27|0x0000000081b00000, 0x0000000081c00000, 0x0000000081c00000|100%| O|  |TAMS 0x0000000081c00000, 0x0000000081b00000| Untracked 
|  28|0x0000000081c00000, 0x0000000081d00000, 0x0000000081d00000|100%| O|  |TAMS 0x0000000081d00000, 0x0000000081c00000| Untracked 
|  29|0x0000000081d00000, 0x0000000081e00000, 0x0000000081e00000|100%| O|  |TAMS 0x0000000081e00000, 0x0000000081d00000| Untracked 
|  30|0x0000000081e00000, 0x0000000081f00000, 0x0000000081f00000|100%|HS|  |TAMS 0x0000000081f00000, 0x0000000081e00000| Complete 
|  31|0x0000000081f00000, 0x0000000082000000, 0x0000000082000000|100%|HC|  |TAMS 0x0000000082000000, 0x0000000081f00000| Complete 
|  32|0x0000000082000000, 0x0000000082100000, 0x0000000082100000|100%|HC|  |TAMS 0x0000000082100000, 0x0000000082000000| Complete 
|  33|0x0000000082100000, 0x0000000082200000, 0x0000000082200000|100%|HC|  |TAMS 0x0000000082200000, 0x0000000082100000| Complete 
|  34|0x0000000082200000, 0x0000000082300000, 0x0000000082300000|100%|HC|  |TAMS 0x0000000082300000, 0x0000000082200000| Complete 
|  35|0x0000000082300000, 0x0000000082400000, 0x0000000082400000|100%|HC|  |TAMS 0x0000000082400000, 0x0000000082300000| Complete 
|  36|0x0000000082400000, 0x0000000082500000, 0x0000000082500000|100%|HC|  |TAMS 0x0000000082500000, 0x0000000082400000| Complete 
|  37|0x0000000082500000, 0x0000000082600000, 0x0000000082600000|100%|HC|  |TAMS 0x0000000082600000, 0x0000000082500000| Complete 
|  38|0x0000000082600000, 0x0000000082700000, 0x0000000082700000|100%|HC|  |TAMS 0x0000000082700000, 0x0000000082600000| Complete 
|  39|0x0000000082700000, 0x0000000082800000, 0x0000000082800000|100%|HC|  |TAMS 0x0000000082800000, 0x0000000082700000| Complete 
|  40|0x0000000082800000, 0x0000000082900000, 0x0000000082900000|100%|HC|  |TAMS 0x0000000082900000, 0x0000000082800000| Complete 
|  41|0x0000000082900000, 0x0000000082a00000, 0x0000000082a00000|100%|HC|  |TAMS 0x0000000082a00000, 0x0000000082900000| Complete 
|  42|0x0000000082a00000, 0x0000000082b00000, 0x0000000082b00000|100%| O|  |TAMS 0x0000000082b00000, 0x0000000082a00000| Untracked 
|  43|0x0000000082b00000, 0x0000000082c00000, 0x0000000082c00000|100%| O|  |TAMS 0x0000000082c00000, 0x0000000082b00000| Untracked 
|  44|0x0000000082c00000, 0x0000000082d00000, 0x0000000082d00000|100%|HS|  |TAMS 0x0000000082d00000, 0x0000000082c00000| Complete 
|  45|0x0000000082d00000, 0x0000000082e00000, 0x0000000082e00000|100%|HC|  |TAMS 0x0000000082e00000, 0x0000000082d00000| Complete 
|  46|0x0000000082e00000, 0x0000000082f00000, 0x0000000082f00000|100%| O|  |TAMS 0x0000000082f00000, 0x0000000082e00000| Untracked 
|  47|0x0000000082f00000, 0x0000000083000000, 0x0000000083000000|100%| O|  |TAMS 0x0000000083000000, 0x0000000082f00000| Untracked 
|  48|0x0000000083000000, 0x0000000083100000, 0x0000000083100000|100%| O|  |TAMS 0x0000000083100000, 0x0000000083000000| Untracked 
|  49|0x0000000083100000, 0x0000000083200000, 0x0000000083200000|100%| O|  |TAMS 0x0000000083200000, 0x0000000083100000| Untracked 
|  50|0x0000000083200000, 0x0000000083300000, 0x0000000083300000|100%| O|  |TAMS 0x0000000083300000, 0x0000000083200000| Untracked 
|  51|0x0000000083300000, 0x0000000083400000, 0x0000000083400000|100%| O|  |TAMS 0x0000000083400000, 0x0000000083300000| Untracked 
|  52|0x0000000083400000, 0x0000000083500000, 0x0000000083500000|100%| O|  |TAMS 0x0000000083500000, 0x0000000083400000| Untracked 
|  53|0x0000000083500000, 0x0000000083600000, 0x0000000083600000|100%| O|  |TAMS 0x0000000083600000, 0x0000000083500000| Untracked 
|  54|0x0000000083600000, 0x0000000083700000, 0x0000000083700000|100%|HS|  |TAMS 0x0000000083700000, 0x0000000083600000| Complete 
|  55|0x0000000083700000, 0x0000000083800000, 0x0000000083800000|100%|HC|  |TAMS 0x0000000083800000, 0x0000000083700000| Complete 
|  56|0x0000000083800000, 0x0000000083900000, 0x0000000083900000|100%|HC|  |TAMS 0x0000000083900000, 0x0000000083800000| Complete 
|  57|0x0000000083900000, 0x0000000083a00000, 0x0000000083a00000|100%| O|  |TAMS 0x0000000083a00000, 0x0000000083900000| Untracked 
|  58|0x0000000083a00000, 0x0000000083b00000, 0x0000000083b00000|100%| O|  |TAMS 0x0000000083b00000, 0x0000000083a00000| Untracked 
|  59|0x0000000083b00000, 0x0000000083c00000, 0x0000000083c00000|100%| O|  |TAMS 0x0000000083c00000, 0x0000000083b00000| Untracked 
|  60|0x0000000083c00000, 0x0000000083c00000, 0x0000000083d00000|  0%| F|  |TAMS 0x0000000083c00000, 0x0000000083c00000| Untracked 
|  61|0x0000000083d00000, 0x0000000083e00000, 0x0000000083e00000|100%| O|  |TAMS 0x0000000083e00000, 0x0000000083d00000| Untracked 
|  62|0x0000000083e00000, 0x0000000083f00000, 0x0000000083f00000|100%| O|  |TAMS 0x0000000083f00000, 0x0000000083e00000| Untracked 
|  63|0x0000000083f00000, 0x0000000084000000, 0x0000000084000000|100%| O|  |TAMS 0x0000000084000000, 0x0000000083f00000| Untracked 
|  64|0x0000000084000000, 0x0000000084100000, 0x0000000084100000|100%| O|  |TAMS 0x0000000084100000, 0x0000000084000000| Untracked 
|  65|0x0000000084100000, 0x0000000084200000, 0x0000000084200000|100%| O|  |TAMS 0x0000000084200000, 0x0000000084100000| Untracked 
|  66|0x0000000084200000, 0x0000000084295c00, 0x0000000084300000| 58%| O|  |TAMS 0x0000000084295c00, 0x0000000084200000| Untracked 
|  67|0x0000000084300000, 0x0000000084300000, 0x0000000084400000|  0%| F|  |TAMS 0x0000000084300000, 0x0000000084300000| Untracked 
|  68|0x0000000084400000, 0x0000000084400000, 0x0000000084500000|  0%| F|  |TAMS 0x0000000084400000, 0x0000000084400000| Untracked 
|  69|0x0000000084500000, 0x0000000084500000, 0x0000000084600000|  0%| F|  |TAMS 0x0000000084500000, 0x0000000084500000| Untracked 
|  70|0x0000000084600000, 0x0000000084600000, 0x0000000084700000|  0%| F|  |TAMS 0x0000000084600000, 0x0000000084600000| Untracked 
|  71|0x0000000084700000, 0x0000000084700000, 0x0000000084800000|  0%| F|  |TAMS 0x0000000084700000, 0x0000000084700000| Untracked 
|  72|0x0000000084800000, 0x0000000084800000, 0x0000000084900000|  0%| F|  |TAMS 0x0000000084800000, 0x0000000084800000| Untracked 
|  73|0x0000000084900000, 0x0000000084900000, 0x0000000084a00000|  0%| F|  |TAMS 0x0000000084900000, 0x0000000084900000| Untracked 
|  74|0x0000000084a00000, 0x0000000084a00000, 0x0000000084b00000|  0%| F|  |TAMS 0x0000000084a00000, 0x0000000084a00000| Untracked 
|  75|0x0000000084b00000, 0x0000000084b00000, 0x0000000084c00000|  0%| F|  |TAMS 0x0000000084b00000, 0x0000000084b00000| Untracked 
|  76|0x0000000084c00000, 0x0000000084c00000, 0x0000000084d00000|  0%| F|  |TAMS 0x0000000084c00000, 0x0000000084c00000| Untracked 
|  77|0x0000000084d00000, 0x0000000084d00000, 0x0000000084e00000|  0%| F|  |TAMS 0x0000000084d00000, 0x0000000084d00000| Untracked 
|  78|0x0000000084e00000, 0x0000000084e00000, 0x0000000084f00000|  0%| F|  |TAMS 0x0000000084e00000, 0x0000000084e00000| Untracked 
|  79|0x0000000084f00000, 0x0000000084f00000, 0x0000000085000000|  0%| F|  |TAMS 0x0000000084f00000, 0x0000000084f00000| Untracked 
|  80|0x0000000085000000, 0x0000000085000000, 0x0000000085100000|  0%| F|  |TAMS 0x0000000085000000, 0x0000000085000000| Untracked 
|  81|0x0000000085100000, 0x0000000085100000, 0x0000000085200000|  0%| F|  |TAMS 0x0000000085100000, 0x0000000085100000| Untracked 
|  82|0x0000000085200000, 0x0000000085200000, 0x0000000085300000|  0%| F|  |TAMS 0x0000000085200000, 0x0000000085200000| Untracked 
|  83|0x0000000085300000, 0x0000000085300000, 0x0000000085400000|  0%| F|  |TAMS 0x0000000085300000, 0x0000000085300000| Untracked 
|  84|0x0000000085400000, 0x0000000085400000, 0x0000000085500000|  0%| F|  |TAMS 0x0000000085400000, 0x0000000085400000| Untracked 
|  85|0x0000000085500000, 0x0000000085500000, 0x0000000085600000|  0%| F|  |TAMS 0x0000000085500000, 0x0000000085500000| Untracked 
|  86|0x0000000085600000, 0x00000000856f8180, 0x0000000085700000| 96%| S|CS|TAMS 0x0000000085600000, 0x0000000085600000| Complete 
|  87|0x0000000085700000, 0x0000000085800000, 0x0000000085800000|100%| S|CS|TAMS 0x0000000085700000, 0x0000000085700000| Complete 
|  88|0x0000000085800000, 0x0000000085800000, 0x0000000085900000|  0%| F|  |TAMS 0x0000000085800000, 0x0000000085800000| Untracked 
|  89|0x0000000085900000, 0x0000000085900000, 0x0000000085a00000|  0%| F|  |TAMS 0x0000000085900000, 0x0000000085900000| Untracked 
|  90|0x0000000085a00000, 0x0000000085a00000, 0x0000000085b00000|  0%| F|  |TAMS 0x0000000085a00000, 0x0000000085a00000| Untracked 
|  91|0x0000000085b00000, 0x0000000085b00000, 0x0000000085c00000|  0%| F|  |TAMS 0x0000000085b00000, 0x0000000085b00000| Untracked 
|  92|0x0000000085c00000, 0x0000000085c00000, 0x0000000085d00000|  0%| F|  |TAMS 0x0000000085c00000, 0x0000000085c00000| Untracked 
|  93|0x0000000085d00000, 0x0000000085d00000, 0x0000000085e00000|  0%| F|  |TAMS 0x0000000085d00000, 0x0000000085d00000| Untracked 
|  94|0x0000000085e00000, 0x0000000085e00000, 0x0000000085f00000|  0%| F|  |TAMS 0x0000000085e00000, 0x0000000085e00000| Untracked 
|  95|0x0000000085f00000, 0x0000000085f00000, 0x0000000086000000|  0%| F|  |TAMS 0x0000000085f00000, 0x0000000085f00000| Untracked 
|  96|0x0000000086000000, 0x0000000086000000, 0x0000000086100000|  0%| F|  |TAMS 0x0000000086000000, 0x0000000086000000| Untracked 
|  97|0x0000000086100000, 0x0000000086100000, 0x0000000086200000|  0%| F|  |TAMS 0x0000000086100000, 0x0000000086100000| Untracked 
|  98|0x0000000086200000, 0x0000000086200000, 0x0000000086300000|  0%| F|  |TAMS 0x0000000086200000, 0x0000000086200000| Untracked 
|  99|0x0000000086300000, 0x0000000086300000, 0x0000000086400000|  0%| F|  |TAMS 0x0000000086300000, 0x0000000086300000| Untracked 
| 100|0x0000000086400000, 0x0000000086400000, 0x0000000086500000|  0%| F|  |TAMS 0x0000000086400000, 0x0000000086400000| Untracked 
| 101|0x0000000086500000, 0x0000000086500000, 0x0000000086600000|  0%| F|  |TAMS 0x0000000086500000, 0x0000000086500000| Untracked 
| 102|0x0000000086600000, 0x0000000086600000, 0x0000000086700000|  0%| F|  |TAMS 0x0000000086600000, 0x0000000086600000| Untracked 
| 103|0x0000000086700000, 0x0000000086700000, 0x0000000086800000|  0%| F|  |TAMS 0x0000000086700000, 0x0000000086700000| Untracked 
| 104|0x0000000086800000, 0x0000000086800000, 0x0000000086900000|  0%| F|  |TAMS 0x0000000086800000, 0x0000000086800000| Untracked 
| 105|0x0000000086900000, 0x0000000086900000, 0x0000000086a00000|  0%| F|  |TAMS 0x0000000086900000, 0x0000000086900000| Untracked 
| 106|0x0000000086a00000, 0x0000000086a00000, 0x0000000086b00000|  0%| F|  |TAMS 0x0000000086a00000, 0x0000000086a00000| Untracked 
| 107|0x0000000086b00000, 0x0000000086b00000, 0x0000000086c00000|  0%| F|  |TAMS 0x0000000086b00000, 0x0000000086b00000| Untracked 
| 108|0x0000000086c00000, 0x0000000086c00000, 0x0000000086d00000|  0%| F|  |TAMS 0x0000000086c00000, 0x0000000086c00000| Untracked 
| 109|0x0000000086d00000, 0x0000000086d00000, 0x0000000086e00000|  0%| F|  |TAMS 0x0000000086d00000, 0x0000000086d00000| Untracked 
| 110|0x0000000086e00000, 0x0000000086e00000, 0x0000000086f00000|  0%| F|  |TAMS 0x0000000086e00000, 0x0000000086e00000| Untracked 
| 111|0x0000000086f00000, 0x0000000086f00000, 0x0000000087000000|  0%| F|  |TAMS 0x0000000086f00000, 0x0000000086f00000| Untracked 
| 112|0x0000000087000000, 0x0000000087000000, 0x0000000087100000|  0%| F|  |TAMS 0x0000000087000000, 0x0000000087000000| Untracked 
| 113|0x0000000087100000, 0x0000000087100000, 0x0000000087200000|  0%| F|  |TAMS 0x0000000087100000, 0x0000000087100000| Untracked 
| 114|0x0000000087200000, 0x0000000087200000, 0x0000000087300000|  0%| F|  |TAMS 0x0000000087200000, 0x0000000087200000| Untracked 
| 115|0x0000000087300000, 0x0000000087300000, 0x0000000087400000|  0%| F|  |TAMS 0x0000000087300000, 0x0000000087300000| Untracked 
| 116|0x0000000087400000, 0x0000000087400000, 0x0000000087500000|  0%| F|  |TAMS 0x0000000087400000, 0x0000000087400000| Untracked 
| 117|0x0000000087500000, 0x0000000087500000, 0x0000000087600000|  0%| F|  |TAMS 0x0000000087500000, 0x0000000087500000| Untracked 
| 118|0x0000000087600000, 0x0000000087600000, 0x0000000087700000|  0%| F|  |TAMS 0x0000000087600000, 0x0000000087600000| Untracked 
| 119|0x0000000087700000, 0x0000000087700000, 0x0000000087800000|  0%| F|  |TAMS 0x0000000087700000, 0x0000000087700000| Untracked 
| 120|0x0000000087800000, 0x0000000087800000, 0x0000000087900000|  0%| F|  |TAMS 0x0000000087800000, 0x0000000087800000| Untracked 
| 121|0x0000000087900000, 0x0000000087900000, 0x0000000087a00000|  0%| F|  |TAMS 0x0000000087900000, 0x0000000087900000| Untracked 
| 122|0x0000000087a00000, 0x0000000087a00000, 0x0000000087b00000|  0%| F|  |TAMS 0x0000000087a00000, 0x0000000087a00000| Untracked 
| 123|0x0000000087b00000, 0x0000000087b00000, 0x0000000087c00000|  0%| F|  |TAMS 0x0000000087b00000, 0x0000000087b00000| Untracked 
| 124|0x0000000087c00000, 0x0000000087c00000, 0x0000000087d00000|  0%| F|  |TAMS 0x0000000087c00000, 0x0000000087c00000| Untracked 
| 125|0x0000000087d00000, 0x0000000087d00000, 0x0000000087e00000|  0%| F|  |TAMS 0x0000000087d00000, 0x0000000087d00000| Untracked 
| 126|0x0000000087e00000, 0x0000000087e00000, 0x0000000087f00000|  0%| F|  |TAMS 0x0000000087e00000, 0x0000000087e00000| Untracked 
| 127|0x0000000087f00000, 0x0000000087f00000, 0x0000000088000000|  0%| F|  |TAMS 0x0000000087f00000, 0x0000000087f00000| Untracked 
| 128|0x0000000088000000, 0x0000000088000000, 0x0000000088100000|  0%| F|  |TAMS 0x0000000088000000, 0x0000000088000000| Untracked 
| 129|0x0000000088100000, 0x0000000088100000, 0x0000000088200000|  0%| F|  |TAMS 0x0000000088100000, 0x0000000088100000| Untracked 
| 130|0x0000000088200000, 0x0000000088200000, 0x0000000088300000|  0%| F|  |TAMS 0x0000000088200000, 0x0000000088200000| Untracked 
| 131|0x0000000088300000, 0x0000000088300000, 0x0000000088400000|  0%| F|  |TAMS 0x0000000088300000, 0x0000000088300000| Untracked 
| 132|0x0000000088400000, 0x0000000088400000, 0x0000000088500000|  0%| F|  |TAMS 0x0000000088400000, 0x0000000088400000| Untracked 
| 133|0x0000000088500000, 0x0000000088500000, 0x0000000088600000|  0%| F|  |TAMS 0x0000000088500000, 0x0000000088500000| Untracked 
| 134|0x0000000088600000, 0x0000000088600000, 0x0000000088700000|  0%| F|  |TAMS 0x0000000088600000, 0x0000000088600000| Untracked 
| 135|0x0000000088700000, 0x0000000088700000, 0x0000000088800000|  0%| F|  |TAMS 0x0000000088700000, 0x0000000088700000| Untracked 
| 136|0x0000000088800000, 0x0000000088800000, 0x0000000088900000|  0%| F|  |TAMS 0x0000000088800000, 0x0000000088800000| Untracked 
| 137|0x0000000088900000, 0x0000000088900000, 0x0000000088a00000|  0%| F|  |TAMS 0x0000000088900000, 0x0000000088900000| Untracked 
| 138|0x0000000088a00000, 0x0000000088a00000, 0x0000000088b00000|  0%| F|  |TAMS 0x0000000088a00000, 0x0000000088a00000| Untracked 
| 139|0x0000000088b00000, 0x0000000088b00000, 0x0000000088c00000|  0%| F|  |TAMS 0x0000000088b00000, 0x0000000088b00000| Untracked 
| 140|0x0000000088c00000, 0x0000000088c00000, 0x0000000088d00000|  0%| F|  |TAMS 0x0000000088c00000, 0x0000000088c00000| Untracked 
| 141|0x0000000088d00000, 0x0000000088d00000, 0x0000000088e00000|  0%| F|  |TAMS 0x0000000088d00000, 0x0000000088d00000| Untracked 
| 142|0x0000000088e00000, 0x0000000088e00000, 0x0000000088f00000|  0%| F|  |TAMS 0x0000000088e00000, 0x0000000088e00000| Untracked 
| 143|0x0000000088f00000, 0x0000000088f00000, 0x0000000089000000|  0%| F|  |TAMS 0x0000000088f00000, 0x0000000088f00000| Untracked 
| 144|0x0000000089000000, 0x0000000089000000, 0x0000000089100000|  0%| F|  |TAMS 0x0000000089000000, 0x0000000089000000| Untracked 
| 145|0x0000000089100000, 0x0000000089100000, 0x0000000089200000|  0%| F|  |TAMS 0x0000000089100000, 0x0000000089100000| Untracked 
| 146|0x0000000089200000, 0x0000000089200000, 0x0000000089300000|  0%| F|  |TAMS 0x0000000089200000, 0x0000000089200000| Untracked 
| 147|0x0000000089300000, 0x0000000089300000, 0x0000000089400000|  0%| F|  |TAMS 0x0000000089300000, 0x0000000089300000| Untracked 
| 148|0x0000000089400000, 0x0000000089400000, 0x0000000089500000|  0%| F|  |TAMS 0x0000000089400000, 0x0000000089400000| Untracked 
| 149|0x0000000089500000, 0x0000000089500000, 0x0000000089600000|  0%| F|  |TAMS 0x0000000089500000, 0x0000000089500000| Untracked 
| 150|0x0000000089600000, 0x0000000089600000, 0x0000000089700000|  0%| F|  |TAMS 0x0000000089600000, 0x0000000089600000| Untracked 
| 151|0x0000000089700000, 0x0000000089700000, 0x0000000089800000|  0%| F|  |TAMS 0x0000000089700000, 0x0000000089700000| Untracked 
| 152|0x0000000089800000, 0x0000000089800000, 0x0000000089900000|  0%| F|  |TAMS 0x0000000089800000, 0x0000000089800000| Untracked 
| 153|0x0000000089900000, 0x0000000089900000, 0x0000000089a00000|  0%| F|  |TAMS 0x0000000089900000, 0x0000000089900000| Untracked 
| 154|0x0000000089a00000, 0x0000000089a00000, 0x0000000089b00000|  0%| F|  |TAMS 0x0000000089a00000, 0x0000000089a00000| Untracked 
| 155|0x0000000089b00000, 0x0000000089b00000, 0x0000000089c00000|  0%| F|  |TAMS 0x0000000089b00000, 0x0000000089b00000| Untracked 
| 156|0x0000000089c00000, 0x0000000089c00000, 0x0000000089d00000|  0%| F|  |TAMS 0x0000000089c00000, 0x0000000089c00000| Untracked 
| 157|0x0000000089d00000, 0x0000000089d00000, 0x0000000089e00000|  0%| F|  |TAMS 0x0000000089d00000, 0x0000000089d00000| Untracked 
| 158|0x0000000089e00000, 0x0000000089e00000, 0x0000000089f00000|  0%| F|  |TAMS 0x0000000089e00000, 0x0000000089e00000| Untracked 
| 159|0x0000000089f00000, 0x0000000089f00000, 0x000000008a000000|  0%| F|  |TAMS 0x0000000089f00000, 0x0000000089f00000| Untracked 
| 160|0x000000008a000000, 0x000000008a000000, 0x000000008a100000|  0%| F|  |TAMS 0x000000008a000000, 0x000000008a000000| Untracked 
| 161|0x000000008a100000, 0x000000008a100000, 0x000000008a200000|  0%| F|  |TAMS 0x000000008a100000, 0x000000008a100000| Untracked 
| 162|0x000000008a200000, 0x000000008a200000, 0x000000008a300000|  0%| F|  |TAMS 0x000000008a200000, 0x000000008a200000| Untracked 
| 163|0x000000008a300000, 0x000000008a300000, 0x000000008a400000|  0%| F|  |TAMS 0x000000008a300000, 0x000000008a300000| Untracked 
| 164|0x000000008a400000, 0x000000008a400000, 0x000000008a500000|  0%| F|  |TAMS 0x000000008a400000, 0x000000008a400000| Untracked 
| 165|0x000000008a500000, 0x000000008a500000, 0x000000008a600000|  0%| F|  |TAMS 0x000000008a500000, 0x000000008a500000| Untracked 
| 166|0x000000008a600000, 0x000000008a600000, 0x000000008a700000|  0%| F|  |TAMS 0x000000008a600000, 0x000000008a600000| Untracked 
| 167|0x000000008a700000, 0x000000008a700000, 0x000000008a800000|  0%| F|  |TAMS 0x000000008a700000, 0x000000008a700000| Untracked 
| 168|0x000000008a800000, 0x000000008a800000, 0x000000008a900000|  0%| F|  |TAMS 0x000000008a800000, 0x000000008a800000| Untracked 
| 169|0x000000008a900000, 0x000000008a900000, 0x000000008aa00000|  0%| F|  |TAMS 0x000000008a900000, 0x000000008a900000| Untracked 
| 170|0x000000008aa00000, 0x000000008aa00000, 0x000000008ab00000|  0%| F|  |TAMS 0x000000008aa00000, 0x000000008aa00000| Untracked 
| 171|0x000000008ab00000, 0x000000008ab00000, 0x000000008ac00000|  0%| F|  |TAMS 0x000000008ab00000, 0x000000008ab00000| Untracked 
| 172|0x000000008ac00000, 0x000000008ac00000, 0x000000008ad00000|  0%| F|  |TAMS 0x000000008ac00000, 0x000000008ac00000| Untracked 
| 173|0x000000008ad00000, 0x000000008ad00000, 0x000000008ae00000|  0%| F|  |TAMS 0x000000008ad00000, 0x000000008ad00000| Untracked 
| 174|0x000000008ae00000, 0x000000008ae00000, 0x000000008af00000|  0%| F|  |TAMS 0x000000008ae00000, 0x000000008ae00000| Untracked 
| 175|0x000000008af00000, 0x000000008af00000, 0x000000008b000000|  0%| F|  |TAMS 0x000000008af00000, 0x000000008af00000| Untracked 
| 176|0x000000008b000000, 0x000000008b000000, 0x000000008b100000|  0%| F|  |TAMS 0x000000008b000000, 0x000000008b000000| Untracked 
| 177|0x000000008b100000, 0x000000008b100000, 0x000000008b200000|  0%| F|  |TAMS 0x000000008b100000, 0x000000008b100000| Untracked 
| 178|0x000000008b200000, 0x000000008b200000, 0x000000008b300000|  0%| F|  |TAMS 0x000000008b200000, 0x000000008b200000| Untracked 
| 179|0x000000008b300000, 0x000000008b300000, 0x000000008b400000|  0%| F|  |TAMS 0x000000008b300000, 0x000000008b300000| Untracked 
| 180|0x000000008b400000, 0x000000008b400000, 0x000000008b500000|  0%| F|  |TAMS 0x000000008b400000, 0x000000008b400000| Untracked 
| 181|0x000000008b500000, 0x000000008b500000, 0x000000008b600000|  0%| F|  |TAMS 0x000000008b500000, 0x000000008b500000| Untracked 
| 182|0x000000008b600000, 0x000000008b600000, 0x000000008b700000|  0%| F|  |TAMS 0x000000008b600000, 0x000000008b600000| Untracked 
| 183|0x000000008b700000, 0x000000008b700000, 0x000000008b800000|  0%| F|  |TAMS 0x000000008b700000, 0x000000008b700000| Untracked 
| 184|0x000000008b800000, 0x000000008b800000, 0x000000008b900000|  0%| F|  |TAMS 0x000000008b800000, 0x000000008b800000| Untracked 
| 185|0x000000008b900000, 0x000000008b900000, 0x000000008ba00000|  0%| F|  |TAMS 0x000000008b900000, 0x000000008b900000| Untracked 
| 186|0x000000008ba00000, 0x000000008ba00000, 0x000000008bb00000|  0%| F|  |TAMS 0x000000008ba00000, 0x000000008ba00000| Untracked 
| 187|0x000000008bb00000, 0x000000008bb00000, 0x000000008bc00000|  0%| F|  |TAMS 0x000000008bb00000, 0x000000008bb00000| Untracked 

Card table byte_map: [0x00000286171d0000,0x00000286175d0000] _byte_map_base: 0x0000028616dd0000

Marking Bits (Prev, Next): (CMBitMap*) 0x000002860462ec00, (CMBitMap*) 0x000002860462ec40
 Prev Bits: [0x00000286179d0000, 0x00000286199d0000)
 Next Bits: [0x00000286199d0000, 0x000002861b9d0000)

Polling page: 0x0000028603d90000

Metaspace:

Usage:
  Non-class:     48.45 MB used.
      Class:      7.93 MB used.
       Both:     56.38 MB used.

Virtual space:
  Non-class space:       64.00 MB reserved,      48.75 MB ( 76%) committed,  1 nodes.
      Class space:        1.00 GB reserved,       8.19 MB ( <1%) committed,  1 nodes.
             Both:        1.06 GB reserved,      56.94 MB (  5%) committed. 

Chunk freelists:
   Non-Class:  14.72 MB
       Class:  7.72 MB
        Both:  22.44 MB

MaxMetaspaceSize: unlimited
CompressedClassSpaceSize: 1.00 GB
Initial GC threshold: 21.00 MB
Current GC threshold: 89.94 MB
CDS: off
MetaspaceReclaimPolicy: balanced
 - commit_granule_bytes: 65536.
 - commit_granule_words: 8192.
 - virtual_space_node_default_size: 8388608.
 - enlarge_chunks_in_place: 1.
 - new_chunks_are_fully_committed: 0.
 - uncommit_free_chunks: 1.
 - use_allocation_guard: 0.
 - handle_deallocations: 1.


Internal statistics:

num_allocs_failed_limit: 3.
num_arena_births: 684.
num_arena_deaths: 0.
num_vsnodes_births: 2.
num_vsnodes_deaths: 0.
num_space_committed: 911.
num_space_uncommitted: 0.
num_chunks_returned_to_freelist: 3.
num_chunks_taken_from_freelist: 2571.
num_chunk_merges: 3.
num_chunk_splits: 1729.
num_chunks_enlarged: 1216.
num_inconsistent_stats: 0.

CodeHeap 'non-profiled nmethods': size=120000Kb used=3136Kb max_used=3136Kb free=116863Kb
 bounds [0x000002860f570000, 0x000002860f890000, 0x0000028616aa0000]
CodeHeap 'profiled nmethods': size=120000Kb used=9862Kb max_used=9862Kb free=110137Kb
 bounds [0x0000028607aa0000, 0x0000028608450000, 0x000002860efd0000]
CodeHeap 'non-nmethods': size=5760Kb used=2338Kb max_used=2378Kb free=3422Kb
 bounds [0x000002860efd0000, 0x000002860f240000, 0x000002860f570000]
 total_blobs=5629 nmethods=4784 adapters=757
 compilation: enabled
              stopped_count=0, restarted_count=0
 full_count=0

Compilation events (20 events):
Event: 4.412 Thread 0x000002861e5dffc0 nmethod 4776 0x000002860843da10 code [0x000002860843dba0, 0x000002860843dcf8]
Event: 4.412 Thread 0x000002861e5df5d0 4780       4       kotlin.jvm.internal.Intrinsics::checkNotNullParameter (9 bytes)
Event: 4.412 Thread 0x000002861e5dffc0 4779       3       kotlin.reflect.jvm.internal.ReflectProperties$LazySoftVal::<init> (43 bytes)
Event: 4.413 Thread 0x000002861e5dffc0 nmethod 4779 0x000002860843dd90 code [0x000002860843dfa0, 0x000002860843e788]
Event: 4.413 Thread 0x000002861e5dffc0 4777       3       kotlin.reflect.jvm.internal.ReflectProperties::lazySoft (18 bytes)
Event: 4.413 Thread 0x000002861e5df5d0 nmethod 4780 0x000002860f87ff10 code [0x000002860f880080, 0x000002860f8800f8]
Event: 4.413 Thread 0x000002861e5dffc0 nmethod 4777 0x000002860843e990 code [0x000002860843eb40, 0x000002860843ed38]
Event: 4.413 Thread 0x000002861e5dffc0 4778       3       kotlin.reflect.jvm.internal.ReflectProperties::lazySoft (14 bytes)
Event: 4.413 Thread 0x000002861e5dffc0 nmethod 4778 0x000002860843ee10 code [0x000002860843efe0, 0x000002860843f2a8]
Event: 4.419 Thread 0x000002861e5dffc0 4781       3       kotlin.reflect.jvm.internal.impl.renderer.DescriptorRendererOptionsImpl::property (20 bytes)
Event: 4.419 Thread 0x000002861e5dffc0 nmethod 4781 0x000002860843f410 code [0x000002860843f5c0, 0x000002860843f8f8]
Event: 4.419 Thread 0x000002861e5dffc0 4782       3       kotlin.reflect.jvm.internal.impl.renderer.DescriptorRendererOptionsImpl$property$$inlined$vetoable$1::<init> (11 bytes)
Event: 4.419 Thread 0x000002861e5dffc0 nmethod 4782 0x000002860843fa10 code [0x000002860843fbc0, 0x000002860843fe38]
Event: 4.433 Thread 0x000002861e5dffc0 4783       3       java.lang.String::decodeASCII (64 bytes)
Event: 4.433 Thread 0x000002861e5dffc0 nmethod 4783 0x000002860843ff10 code [0x00000286084400e0, 0x0000028608440438]
Event: 4.455 Thread 0x000002861e5dffc0 4784  s    3       java.io.ByteArrayInputStream::read (73 bytes)
Event: 4.455 Thread 0x000002861e5dffc0 nmethod 4784 0x0000028608440610 code [0x0000028608440800, 0x0000028608440df8]
Event: 4.461 Thread 0x000002861e5df5d0 4785       4       sun.net.www.protocol.jar.Handler::parseContextSpec (150 bytes)
Event: 4.462 Thread 0x000002861e5dffc0 4786       3       kotlin.reflect.jvm.internal.impl.protobuf.CodedInputStream::readRawVarint32 (233 bytes)
Event: 4.462 Thread 0x000002861e5dffc0 nmethod 4786 0x0000028608440f90 code [0x0000028608441180, 0x0000028608441868]

GC Heap History (20 events):
Event: 2.644 GC heap after
{Heap after GC invocations=13 (full 0):
 garbage-first heap   total 87040K, used 49899K [0x0000000080000000, 0x0000000100000000)
  region size 1024K, 2 young (2048K), 2 survivors (2048K)
 Metaspace       used 33746K, committed 34112K, reserved 1114112K
  class space    used 4673K, committed 4800K, reserved 1048576K
}
Event: 2.808 GC heap before
{Heap before GC invocations=13 (full 0):
 garbage-first heap   total 87040K, used 65259K [0x0000000080000000, 0x0000000100000000)
  region size 1024K, 18 young (18432K), 2 survivors (2048K)
 Metaspace       used 36236K, committed 36544K, reserved 1114112K
  class space    used 5050K, committed 5184K, reserved 1048576K
}
Event: 2.810 GC heap after
{Heap after GC invocations=14 (full 0):
 garbage-first heap   total 104448K, used 50582K [0x0000000080000000, 0x0000000100000000)
  region size 1024K, 2 young (2048K), 2 survivors (2048K)
 Metaspace       used 36236K, committed 36544K, reserved 1114112K
  class space    used 5050K, committed 5184K, reserved 1048576K
}
Event: 3.091 GC heap before
{Heap before GC invocations=15 (full 0):
 garbage-first heap   total 104448K, used 78230K [0x0000000080000000, 0x0000000100000000)
  region size 1024K, 30 young (30720K), 2 survivors (2048K)
 Metaspace       used 42428K, committed 42752K, reserved 1114112K
  class space    used 5700K, committed 5824K, reserved 1048576K
}
Event: 3.095 GC heap after
{Heap after GC invocations=16 (full 0):
 garbage-first heap   total 104448K, used 54237K [0x0000000080000000, 0x0000000100000000)
  region size 1024K, 4 young (4096K), 4 survivors (4096K)
 Metaspace       used 42428K, committed 42752K, reserved 1114112K
  class space    used 5700K, committed 5824K, reserved 1048576K
}
Event: 3.198 GC heap before
{Heap before GC invocations=16 (full 0):
 garbage-first heap   total 104448K, used 73693K [0x0000000080000000, 0x0000000100000000)
  region size 1024K, 25 young (25600K), 4 survivors (4096K)
 Metaspace       used 42940K, committed 43264K, reserved 1114112K
  class space    used 5746K, committed 5888K, reserved 1048576K
}
Event: 3.202 GC heap after
{Heap after GC invocations=17 (full 0):
 garbage-first heap   total 104448K, used 57814K [0x0000000080000000, 0x0000000100000000)
  region size 1024K, 4 young (4096K), 4 survivors (4096K)
 Metaspace       used 42940K, committed 43264K, reserved 1114112K
  class space    used 5746K, committed 5888K, reserved 1048576K
}
Event: 3.582 GC heap before
{Heap before GC invocations=18 (full 0):
 garbage-first heap   total 109568K, used 85462K [0x0000000080000000, 0x0000000100000000)
  region size 1024K, 27 young (27648K), 4 survivors (4096K)
 Metaspace       used 46464K, committed 46912K, reserved 1114112K
  class space    used 6173K, committed 6400K, reserved 1048576K
}
Event: 3.586 GC heap after
{Heap after GC invocations=19 (full 0):
 garbage-first heap   total 109568K, used 59040K [0x0000000080000000, 0x0000000100000000)
  region size 1024K, 2 young (2048K), 2 survivors (2048K)
 Metaspace       used 46464K, committed 46912K, reserved 1114112K
  class space    used 6173K, committed 6400K, reserved 1048576K
}
Event: 3.798 GC heap before
{Heap before GC invocations=19 (full 0):
 garbage-first heap   total 109568K, used 78496K [0x0000000080000000, 0x0000000100000000)
  region size 1024K, 22 young (22528K), 2 survivors (2048K)
 Metaspace       used 47992K, committed 48512K, reserved 1114112K
  class space    used 6406K, committed 6656K, reserved 1048576K
}
Event: 3.801 GC heap after
{Heap after GC invocations=20 (full 0):
 garbage-first heap   total 109568K, used 61617K [0x0000000080000000, 0x0000000100000000)
  region size 1024K, 4 young (4096K), 4 survivors (4096K)
 Metaspace       used 47992K, committed 48512K, reserved 1114112K
  class space    used 6406K, committed 6656K, reserved 1048576K
}
Event: 3.830 GC heap before
{Heap before GC invocations=21 (full 0):
 garbage-first heap   total 114688K, used 68785K [0x0000000080000000, 0x0000000100000000)
  region size 1024K, 9 young (9216K), 4 survivors (4096K)
 Metaspace       used 48316K, committed 48832K, reserved 1114112K
  class space    used 6430K, committed 6656K, reserved 1048576K
}
Event: 3.832 GC heap after
{Heap after GC invocations=22 (full 0):
 garbage-first heap   total 114688K, used 66938K [0x0000000080000000, 0x0000000100000000)
  region size 1024K, 2 young (2048K), 2 survivors (2048K)
 Metaspace       used 48316K, committed 48832K, reserved 1114112K
  class space    used 6430K, committed 6656K, reserved 1048576K
}
Event: 4.071 GC heap before
{Heap before GC invocations=23 (full 0):
 garbage-first heap   total 119808K, used 89466K [0x0000000080000000, 0x0000000100000000)
  region size 1024K, 23 young (23552K), 2 survivors (2048K)
 Metaspace       used 50778K, committed 51264K, reserved 1114112K
  class space    used 6691K, committed 6912K, reserved 1048576K
}
Event: 4.073 GC heap after
{Heap after GC invocations=24 (full 0):
 garbage-first heap   total 119808K, used 67081K [0x0000000080000000, 0x0000000100000000)
  region size 1024K, 3 young (3072K), 3 survivors (3072K)
 Metaspace       used 50778K, committed 51264K, reserved 1114112K
  class space    used 6691K, committed 6912K, reserved 1048576K
}
Event: 4.077 GC heap before
{Heap before GC invocations=24 (full 0):
 garbage-first heap   total 119808K, used 69129K [0x0000000080000000, 0x0000000100000000)
  region size 1024K, 5 young (5120K), 3 survivors (3072K)
 Metaspace       used 50778K, committed 51264K, reserved 1114112K
  class space    used 6691K, committed 6912K, reserved 1048576K
}
Event: 4.079 GC heap after
{Heap after GC invocations=25 (full 0):
 garbage-first heap   total 119808K, used 66799K [0x0000000080000000, 0x0000000100000000)
  region size 1024K, 1 young (1024K), 1 survivors (1024K)
 Metaspace       used 50778K, committed 51264K, reserved 1114112K
  class space    used 6691K, committed 6912K, reserved 1048576K
}
Event: 4.283 GC heap before
{Heap before GC invocations=25 (full 0):
 garbage-first heap   total 119808K, used 93423K [0x0000000080000000, 0x0000000100000000)
  region size 1024K, 27 young (27648K), 1 survivors (1024K)
 Metaspace       used 54360K, committed 54912K, reserved 1114112K
  class space    used 7634K, committed 7872K, reserved 1048576K
}
Event: 4.285 GC heap after
{Heap after GC invocations=26 (full 0):
 garbage-first heap   total 119808K, used 67915K [0x0000000080000000, 0x0000000100000000)
  region size 1024K, 2 young (2048K), 2 survivors (2048K)
 Metaspace       used 54360K, committed 54912K, reserved 1114112K
  class space    used 7634K, committed 7872K, reserved 1048576K
}
Event: 4.462 GC heap before
{Heap before GC invocations=27 (full 0):
 garbage-first heap   total 119808K, used 95563K [0x0000000080000000, 0x0000000100000000)
  region size 1024K, 29 young (29696K), 2 survivors (2048K)
 Metaspace       used 57730K, committed 58304K, reserved 1114112K
  class space    used 8121K, committed 8384K, reserved 1048576K
}

Dll operation events (3 events):
Event: 0.005 Loaded shared library C:\Program Files\Android\Android Studio\jbr\bin\java.dll
Event: 0.088 Loaded shared library C:\Program Files\Android\Android Studio\jbr\bin\zip.dll
Event: 0.319 Loaded shared library C:\Program Files\Android\Android Studio\jbr\bin\verify.dll

Deoptimization events (20 events):
Event: 4.333 Thread 0x00000286245c51a0 Uncommon trap: trap_request=0xffffffbe fr.pc=0x000002860f87b89c relative=0x000000000000025c
Event: 4.333 Thread 0x00000286245c51a0 Uncommon trap: reason=profile_predicate action=maybe_recompile pc=0x000002860f87b89c method=sun.instrument.TransformerManager.transform(Ljava/lang/Module;Ljava/lang/ClassLoader;Ljava/lang/String;Ljava/lang/Class;Ljava/security/ProtectionDomain;[B)[B @ 21 
Event: 4.333 Thread 0x00000286245c51a0 DEOPT PACKING pc=0x000002860f87b89c sp=0x000000fd555f1930
Event: 4.333 Thread 0x00000286245c51a0 DEOPT UNPACKING pc=0x000002860f02a1a3 sp=0x000000fd555f18b0 mode 2
Event: 4.333 Thread 0x00000286245c51a0 Uncommon trap: trap_request=0xffffffbe fr.pc=0x000002860f87b89c relative=0x000000000000025c
Event: 4.333 Thread 0x00000286245c51a0 Uncommon trap: reason=profile_predicate action=maybe_recompile pc=0x000002860f87b89c method=sun.instrument.TransformerManager.transform(Ljava/lang/Module;Ljava/lang/ClassLoader;Ljava/lang/String;Ljava/lang/Class;Ljava/security/ProtectionDomain;[B)[B @ 21 
Event: 4.333 Thread 0x00000286245c51a0 DEOPT PACKING pc=0x000002860f87b89c sp=0x000000fd555f1930
Event: 4.333 Thread 0x00000286245c51a0 DEOPT UNPACKING pc=0x000002860f02a1a3 sp=0x000000fd555f18b0 mode 2
Event: 4.334 Thread 0x00000286245c51a0 Uncommon trap: trap_request=0xffffffbe fr.pc=0x000002860f87b89c relative=0x000000000000025c
Event: 4.334 Thread 0x00000286245c51a0 Uncommon trap: reason=profile_predicate action=maybe_recompile pc=0x000002860f87b89c method=sun.instrument.TransformerManager.transform(Ljava/lang/Module;Ljava/lang/ClassLoader;Ljava/lang/String;Ljava/lang/Class;Ljava/security/ProtectionDomain;[B)[B @ 21 
Event: 4.334 Thread 0x00000286245c51a0 DEOPT PACKING pc=0x000002860f87b89c sp=0x000000fd555f53a0
Event: 4.334 Thread 0x00000286245c51a0 DEOPT UNPACKING pc=0x000002860f02a1a3 sp=0x000000fd555f5320 mode 2
Event: 4.334 Thread 0x00000286245c51a0 Uncommon trap: trap_request=0xffffffbe fr.pc=0x000002860f87b89c relative=0x000000000000025c
Event: 4.334 Thread 0x00000286245c51a0 Uncommon trap: reason=profile_predicate action=maybe_recompile pc=0x000002860f87b89c method=sun.instrument.TransformerManager.transform(Ljava/lang/Module;Ljava/lang/ClassLoader;Ljava/lang/String;Ljava/lang/Class;Ljava/security/ProtectionDomain;[B)[B @ 21 
Event: 4.334 Thread 0x00000286245c51a0 DEOPT PACKING pc=0x000002860f87b89c sp=0x000000fd555f5160
Event: 4.334 Thread 0x00000286245c51a0 DEOPT UNPACKING pc=0x000002860f02a1a3 sp=0x000000fd555f50e0 mode 2
Event: 4.363 Thread 0x00000286245c51a0 Uncommon trap: trap_request=0xffffff45 fr.pc=0x000002860f5c2f74 relative=0x0000000000000cf4
Event: 4.363 Thread 0x00000286245c51a0 Uncommon trap: reason=unstable_if action=reinterpret pc=0x000002860f5c2f74 method=java.util.jar.JarFile.getEntry(Ljava/lang/String;)Ljava/util/zip/ZipEntry; @ 15 c2
Event: 4.363 Thread 0x00000286245c51a0 DEOPT PACKING pc=0x000002860f5c2f74 sp=0x000000fd555f5910
Event: 4.363 Thread 0x00000286245c51a0 DEOPT UNPACKING pc=0x000002860f02a1a3 sp=0x000000fd555f58f8 mode 2

Classes unloaded (0 events):
No events

Classes redefined (0 events):
No events

Internal exceptions (20 events):
Event: 4.034 Thread 0x00000286245c51a0 Exception <a 'java/lang/NoSuchMethodError'{0x000000008613e758}: 'java.lang.Object java.lang.invoke.DirectMethodHandle$Holder.invokeStatic(java.lang.Object, java.lang.Object, java.lang.Object, java.lang.Object, java.lang.Object, java.lang.Object, java.lang.Object, java.lang.Object, java.lang.Object, java.lang.Object, java.lang.Object, java.lang.Object, java.lang.Object, java.lang.Object, java.lang.Object, java.lang.Object, java.lang.Object, java.lang.Object, java.lang.Object)'> (0x000000008613e758) 
thrown 
Event: 4.036 Thread 0x00000286245c51a0 Exception <a 'java/lang/NoSuchMethodError'{0x0000000086169e40}: 'java.lang.Object java.lang.invoke.DirectMethodHandle$Holder.invokeStatic(java.lang.Object, java.lang.Object, java.lang.Object, java.lang.Object, java.lang.Object, java.lang.Object, java.lang.Object, java.lang.Object, java.lang.Object, java.lang.Object, java.lang.Object, java.lang.Object, java.lang.Object, java.lang.Object, java.lang.Object, java.lang.Object, java.lang.Object, java.lang.Object, java.lang.Object, java.lang.Object)'> (0x00000000
Event: 4.038 Thread 0x00000286245c51a0 Exception <a 'java/lang/NoSuchMethodError'{0x0000000086196150}: 'java.lang.Object java.lang.invoke.DirectMethodHandle$Holder.invokeStatic(java.lang.Object, java.lang.Object, java.lang.Object, java.lang.Object, java.lang.Object, java.lang.Object, java.lang.Object, java.lang.Object, java.lang.Object, java.lang.Object, java.lang.Object, java.lang.Object, java.lang.Object, java.lang.Object, java.lang.Object, java.lang.Object, java.lang.Object, java.lang.Object, java.lang.Object, java.lang.Object, java.lang.Obj
Event: 4.040 Thread 0x00000286245c51a0 Exception <a 'java/lang/NoSuchMethodError'{0x00000000861c2ed8}: 'java.lang.Object java.lang.invoke.DirectMethodHandle$Holder.invokeStatic(java.lang.Object, java.lang.Object, java.lang.Object, java.lang.Object, java.lang.Object, java.lang.Object, java.lang.Object, java.lang.Object, java.lang.Object, java.lang.Object, java.lang.Object, java.lang.Object, java.lang.Object, java.lang.Object, java.lang.Object, java.lang.Object, java.lang.Object, java.lang.Object, java.lang.Object, java.lang.Object, java.lang.Obj
Event: 4.042 Thread 0x00000286245c51a0 Exception <a 'java/lang/NoSuchMethodError'{0x00000000861f1040}: 'java.lang.Object java.lang.invoke.DirectMethodHandle$Holder.invokeStatic(java.lang.Object, java.lang.Object, java.lang.Object, java.lang.Object, java.lang.Object, java.lang.Object, java.lang.Object, java.lang.Object, java.lang.Object, java.lang.Object, java.lang.Object, java.lang.Object, java.lang.Object, java.lang.Object, java.lang.Object, java.lang.Object, java.lang.Object, java.lang.Object, java.lang.Object, java.lang.Object, java.lang.Obj
Event: 4.044 Thread 0x00000286245c51a0 Exception <a 'java/lang/NoSuchMethodError'{0x00000000860210a0}: 'java.lang.Object java.lang.invoke.DirectMethodHandle$Holder.invokeStatic(java.lang.Object, java.lang.Object, java.lang.Object, java.lang.Object, java.lang.Object, java.lang.Object, java.lang.Object, java.lang.Object, java.lang.Object, java.lang.Object, java.lang.Object, java.lang.Object, java.lang.Object, java.lang.Object, java.lang.Object, java.lang.Object, java.lang.Object, java.lang.Object, java.lang.Object, java.lang.Object, java.lang.Obj
Event: 4.047 Thread 0x00000286245c51a0 Exception <a 'java/lang/NoSuchMethodError'{0x00000000860526c8}: 'java.lang.Object java.lang.invoke.DirectMethodHandle$Holder.invokeStatic(java.lang.Object, java.lang.Object, java.lang.Object, java.lang.Object, java.lang.Object, java.lang.Object, java.lang.Object, java.lang.Object, java.lang.Object, java.lang.Object, java.lang.Object, java.lang.Object, java.lang.Object, java.lang.Object, java.lang.Object, java.lang.Object, java.lang.Object, java.lang.Object, java.lang.Object, java.lang.Object, java.lang.Obj
Event: 4.114 Thread 0x00000286245c51a0 Exception <a 'java/lang/IncompatibleClassChangeError'{0x00000000887753e8}: Found class java.lang.Object, but interface was expected> (0x00000000887753e8) 
thrown [s\src\hotspot\share\interpreter\linkResolver.cpp, line 838]
Event: 4.144 Thread 0x00000286245c51a0 Exception <a 'java/lang/IncompatibleClassChangeError'{0x0000000086ac5478}: Found class java.lang.Object, but interface was expected> (0x0000000086ac5478) 
thrown [s\src\hotspot\share\interpreter\linkResolver.cpp, line 838]
Event: 4.151 Thread 0x00000286245c51a0 Exception <a 'java/lang/NoSuchMethodError'{0x000000008693f128}: 'void java.lang.invoke.DirectMethodHandle$Holder.invokeStatic(java.lang.Object, java.lang.Object, java.lang.Object, java.lang.Object, java.lang.Object, java.lang.Object)'> (0x000000008693f128) 
thrown [s\src\hotspot\share\interpreter\linkResolver.cpp, line 771]
Event: 4.178 Thread 0x00000286245c51a0 Exception <a 'java/lang/NoSuchMethodError'{0x0000000086601778}: 'java.lang.Object java.lang.invoke.DirectMethodHandle$Holder.invokeStaticInit(java.lang.Object, int)'> (0x0000000086601778) 
thrown [s\src\hotspot\share\interpreter\linkResolver.cpp, line 771]
Event: 4.187 Thread 0x00000286245c51a0 Exception <a 'java/lang/NoSuchMethodError'{0x0000000086559290}: 'int java.lang.invoke.DelegatingMethodHandle$Holder.reinvoke_L(java.lang.Object, java.lang.Object, java.lang.Object, long, int, int)'> (0x0000000086559290) 
thrown [s\src\hotspot\share\interpreter\linkResolver.cpp, line 771]
Event: 4.187 Thread 0x00000286245c51a0 Exception <a 'java/lang/NoSuchMethodError'{0x0000000086568e60}: 'int java.lang.invoke.DelegatingMethodHandle$Holder.reinvoke_L(java.lang.Object, java.lang.Object, java.lang.Object, long, long, long)'> (0x0000000086568e60) 
thrown [s\src\hotspot\share\interpreter\linkResolver.cpp, line 771]
Event: 4.188 Thread 0x00000286245c51a0 Exception <a 'java/lang/NoSuchMethodError'{0x0000000086578d38}: 'int java.lang.invoke.DelegatingMethodHandle$Holder.reinvoke_L(java.lang.Object, java.lang.Object, java.lang.Object, long, java.lang.Object, java.lang.Object)'> (0x0000000086578d38) 
thrown [s\src\hotspot\share\interpreter\linkResolver.cpp, line 771]
Event: 4.188 Thread 0x00000286245c51a0 Exception <a 'java/lang/NoSuchMethodError'{0x0000000086588c98}: 'void java.lang.invoke.DelegatingMethodHandle$Holder.reinvoke_L(java.lang.Object, java.lang.Object, java.lang.Object, long, java.lang.Object)'> (0x0000000086588c98) 
thrown [s\src\hotspot\share\interpreter\linkResolver.cpp, line 771]
Event: 4.189 Thread 0x00000286245c51a0 Exception <a 'java/lang/NoSuchMethodError'{0x0000000086591320}: 'java.lang.Object java.lang.invoke.DirectMethodHandle$Holder.invokeSpecial(java.lang.Object, java.lang.Object, java.lang.Object, java.lang.Object, long)'> (0x0000000086591320) 
thrown [s\src\hotspot\share\interpreter\linkResolver.cpp, line 771]
Event: 4.190 Thread 0x00000286245c51a0 Exception <a 'java/lang/NoSuchMethodError'{0x00000000865b9910}: 'long java.lang.invoke.Invokers$Holder.invoke_MT(java.lang.Object, java.lang.Object, java.lang.Object, java.lang.Object)'> (0x00000000865b9910) 
thrown [s\src\hotspot\share\interpreter\linkResolver.cpp, line 771]
Event: 4.190 Thread 0x00000286245c51a0 Exception <a 'java/lang/NoSuchMethodError'{0x00000000865c2a10}: 'int java.lang.invoke.Invokers$Holder.invoke_MT(java.lang.Object, java.lang.Object, java.lang.Object, java.lang.Object)'> (0x00000000865c2a10) 
thrown [s\src\hotspot\share\interpreter\linkResolver.cpp, line 771]
Event: 4.191 Thread 0x00000286245c51a0 Exception <a 'java/lang/NoSuchMethodError'{0x00000000865d3a58}: 'int java.lang.invoke.DelegatingMethodHandle$Holder.reinvoke_L(java.lang.Object, java.lang.Object, java.lang.Object, long, int)'> (0x00000000865d3a58) 
thrown [s\src\hotspot\share\interpreter\linkResolver.cpp, line 771]
Event: 4.192 Thread 0x00000286245c51a0 Exception <a 'java/lang/NoSuchMethodError'{0x00000000865e7e28}: 'java.lang.Object java.lang.invoke.Invokers$Holder.invokeExact_MT(java.lang.Object, java.lang.Object, long, java.lang.Object)'> (0x00000000865e7e28) 
thrown [s\src\hotspot\share\interpreter\linkResolver.cpp, line 771]

VM Operations (20 events):
Event: 4.073 Executing VM operation: G1CollectForAllocation done
Event: 4.077 Executing VM operation: G1CollectForAllocation
Event: 4.079 Executing VM operation: G1CollectForAllocation done
Event: 4.116 Executing VM operation: HandshakeAllThreads
Event: 4.116 Executing VM operation: HandshakeAllThreads done
Event: 4.175 Executing VM operation: HandshakeAllThreads
Event: 4.175 Executing VM operation: HandshakeAllThreads done
Event: 4.212 Executing VM operation: HandshakeAllThreads
Event: 4.212 Executing VM operation: HandshakeAllThreads done
Event: 4.213 Executing VM operation: HandshakeAllThreads
Event: 4.213 Executing VM operation: HandshakeAllThreads done
Event: 4.283 Executing VM operation: G1CollectForAllocation
Event: 4.285 Executing VM operation: G1CollectForAllocation done
Event: 4.286 Executing VM operation: HandshakeAllThreads
Event: 4.287 Executing VM operation: HandshakeAllThreads done
Event: 4.304 Executing VM operation: G1Concurrent
Event: 4.306 Executing VM operation: G1Concurrent done
Event: 4.316 Executing VM operation: G1Concurrent
Event: 4.316 Executing VM operation: G1Concurrent done
Event: 4.462 Executing VM operation: G1CollectForAllocation

Events (20 events):
Event: 4.037 loading class java/lang/invoke/BoundMethodHandle$Species_LLLLLLLLLLLLLLLLLL
Event: 4.037 loading class java/lang/invoke/BoundMethodHandle$Species_LLLLLLLLLLLLLLLLLL done
Event: 4.039 loading class java/lang/invoke/BoundMethodHandle$Species_LLLLLLLLLLLLLLLLLLL
Event: 4.039 loading class java/lang/invoke/BoundMethodHandle$Species_LLLLLLLLLLLLLLLLLLL done
Event: 4.041 loading class java/lang/invoke/BoundMethodHandle$Species_LLLLLLLLLLLLLLLLLLLL
Event: 4.041 loading class java/lang/invoke/BoundMethodHandle$Species_LLLLLLLLLLLLLLLLLLLL done
Event: 4.044 loading class java/lang/invoke/BoundMethodHandle$Species_LLLLLLLLLLLLLLLLLLLLL
Event: 4.044 loading class java/lang/invoke/BoundMethodHandle$Species_LLLLLLLLLLLLLLLLLLLLL done
Event: 4.046 loading class java/lang/invoke/BoundMethodHandle$Species_LLLLLLLLLLLLLLLLLLLLLL
Event: 4.046 loading class java/lang/invoke/BoundMethodHandle$Species_LLLLLLLLLLLLLLLLLLLLLL done
Event: 4.175 loading class java/util/EmptyStackException
Event: 4.175 loading class java/util/EmptyStackException done
Event: 4.275 Thread 0x0000028624993b80 Thread exited: 0x0000028624993b80
Event: 4.275 Thread 0x000002862305d560 Thread exited: 0x000002862305d560
Event: 4.345 loading class java/util/concurrent/atomic/AtomicReferenceFieldUpdater
Event: 4.345 loading class java/util/concurrent/atomic/AtomicReferenceFieldUpdater done
Event: 4.345 loading class java/util/concurrent/atomic/AtomicReferenceFieldUpdater$AtomicReferenceFieldUpdaterImpl
Event: 4.345 loading class java/util/concurrent/atomic/AtomicReferenceFieldUpdater$AtomicReferenceFieldUpdaterImpl done
Event: 4.345 loading class java/util/concurrent/atomic/AtomicReferenceFieldUpdater$AtomicReferenceFieldUpdaterImpl$1
Event: 4.345 loading class java/util/concurrent/atomic/AtomicReferenceFieldUpdater$AtomicReferenceFieldUpdaterImpl$1 done


Dynamic libraries:
0x00007ff663d30000 - 0x00007ff663d3a000 	C:\Program Files\Android\Android Studio\jbr\bin\java.exe
0x00007ffec5610000 - 0x00007ffec5808000 	C:\Windows\SYSTEM32\ntdll.dll
0x00007ffec47a0000 - 0x00007ffec485d000 	C:\Windows\System32\KERNEL32.DLL
0x00007ffec2d40000 - 0x00007ffec3036000 	C:\Windows\System32\KERNELBASE.dll
0x00007ffec00f0000 - 0x00007ffec0180000 	C:\Windows\SYSTEM32\apphelp.dll
0x00007ffec30e0000 - 0x00007ffec31e0000 	C:\Windows\System32\ucrtbase.dll
0x00007ffebf700000 - 0x00007ffebf71b000 	C:\Program Files\Android\Android Studio\jbr\bin\VCRUNTIME140.dll
0x00007ffe97930000 - 0x00007ffe97947000 	C:\Program Files\Android\Android Studio\jbr\bin\jli.dll
0x00007ffec53b0000 - 0x00007ffec554e000 	C:\Windows\System32\USER32.dll
0x00007ffec2ce0000 - 0x00007ffec2d02000 	C:\Windows\System32\win32u.dll
0x00007ffea5fa0000 - 0x00007ffea623a000 	C:\Windows\WinSxS\amd64_microsoft.windows.common-controls_6595b64144ccf1df_6.0.19041.3636_none_60b6a03d71f818d5\COMCTL32.dll
0x00007ffec3a20000 - 0x00007ffec3a4c000 	C:\Windows\System32\GDI32.dll
0x00007ffec46d0000 - 0x00007ffec476e000 	C:\Windows\System32\msvcrt.dll
0x00007ffec34f0000 - 0x00007ffec360a000 	C:\Windows\System32\gdi32full.dll
0x00007ffec3040000 - 0x00007ffec30dd000 	C:\Windows\System32\msvcp_win.dll
0x00007ffec4770000 - 0x00007ffec47a0000 	C:\Windows\System32\IMM32.DLL
0x00007ffebf730000 - 0x00007ffebf73c000 	C:\Program Files\Android\Android Studio\jbr\bin\vcruntime140_1.dll
0x00007ffea33c0000 - 0x00007ffea344d000 	C:\Program Files\Android\Android Studio\jbr\bin\msvcp140.dll
0x00007ffe63e70000 - 0x00007ffe64af0000 	C:\Program Files\Android\Android Studio\jbr\bin\server\jvm.dll
0x00007ffec3800000 - 0x00007ffec38b3000 	C:\Windows\System32\ADVAPI32.dll
0x00007ffec3970000 - 0x00007ffec3a0f000 	C:\Windows\System32\sechost.dll
0x00007ffec3c40000 - 0x00007ffec3d66000 	C:\Windows\System32\RPCRT4.dll
0x00007ffec2d10000 - 0x00007ffec2d37000 	C:\Windows\System32\bcrypt.dll
0x00007ffea7130000 - 0x00007ffea7139000 	C:\Windows\SYSTEM32\WSOCK32.dll
0x00007ffea5020000 - 0x00007ffea5047000 	C:\Windows\SYSTEM32\WINMM.dll
0x00007ffec3790000 - 0x00007ffec37fb000 	C:\Windows\System32\WS2_32.dll
0x00007ffebc5d0000 - 0x00007ffebc5da000 	C:\Windows\SYSTEM32\VERSION.dll
0x00007ffec1520000 - 0x00007ffec1532000 	C:\Windows\SYSTEM32\kernel.appcore.dll
0x00007ffebf780000 - 0x00007ffebf78a000 	C:\Program Files\Android\Android Studio\jbr\bin\jimage.dll
0x00007ffec0a70000 - 0x00007ffec0c54000 	C:\Windows\SYSTEM32\DBGHELP.DLL
0x00007ffea7b80000 - 0x00007ffea7bb4000 	C:\Windows\SYSTEM32\dbgcore.DLL
0x00007ffec31e0000 - 0x00007ffec3262000 	C:\Windows\System32\bcryptPrimitives.dll
0x00007ffea7270000 - 0x00007ffea727e000 	C:\Program Files\Android\Android Studio\jbr\bin\instrument.dll
0x00007ffea71e0000 - 0x00007ffea7205000 	C:\Program Files\Android\Android Studio\jbr\bin\java.dll
0x00007ffea71c0000 - 0x00007ffea71d8000 	C:\Program Files\Android\Android Studio\jbr\bin\zip.dll
0x00007ffec48c0000 - 0x00007ffec5005000 	C:\Windows\System32\SHELL32.dll
0x00007ffec0d70000 - 0x00007ffec150b000 	C:\Windows\SYSTEM32\windows.storage.dll
0x00007ffec4280000 - 0x00007ffec45d4000 	C:\Windows\System32\combase.dll
0x00007ffec2710000 - 0x00007ffec273d000 	C:\Windows\SYSTEM32\Wldp.dll
0x00007ffec3660000 - 0x00007ffec370d000 	C:\Windows\System32\SHCORE.dll
0x00007ffec3ab0000 - 0x00007ffec3b05000 	C:\Windows\System32\shlwapi.dll
0x00007ffec2c10000 - 0x00007ffec2c35000 	C:\Windows\SYSTEM32\profapi.dll
0x00007ffe97bf0000 - 0x00007ffe97c09000 	C:\Program Files\Android\Android Studio\jbr\bin\net.dll
0x00007ffebdc00000 - 0x00007ffebdd0a000 	C:\Windows\SYSTEM32\WINHTTP.dll
0x00007ffec2470000 - 0x00007ffec24da000 	C:\Windows\system32\mswsock.dll
0x00007ffe97bd0000 - 0x00007ffe97be6000 	C:\Program Files\Android\Android Studio\jbr\bin\nio.dll
0x00007ffebe430000 - 0x00007ffebe440000 	C:\Program Files\Android\Android Studio\jbr\bin\verify.dll
0x00007ffe97d30000 - 0x00007ffe97d57000 	C:\Users\Anas\.gradle\native\68d5fa5c4cc2d200863cafc0d521ce42e7d3e7ee720ec0a83991735586a16f82\windows-amd64\native-platform.dll
0x00007ffe83a90000 - 0x00007ffe83bd4000 	C:\Users\Anas\.gradle\native\e376f236ea51e6404a007f0833ffe2c6e607c4080706a723a18a27aeea778392\windows-amd64\native-platform-file-events.dll
0x00007ffea7670000 - 0x00007ffea7679000 	C:\Program Files\Android\Android Studio\jbr\bin\management.dll
0x00007ffea71b0000 - 0x00007ffea71bb000 	C:\Program Files\Android\Android Studio\jbr\bin\management_ext.dll
0x00007ffec46c0000 - 0x00007ffec46c8000 	C:\Windows\System32\PSAPI.DLL
0x00007ffec2660000 - 0x00007ffec2678000 	C:\Windows\SYSTEM32\CRYPTSP.dll
0x00007ffec1d30000 - 0x00007ffec1d64000 	C:\Windows\system32\rsaenh.dll
0x00007ffec2bd0000 - 0x00007ffec2bfe000 	C:\Windows\SYSTEM32\USERENV.dll
0x00007ffec2680000 - 0x00007ffec268c000 	C:\Windows\SYSTEM32\CRYPTBASE.dll
0x00007ffec2110000 - 0x00007ffec214b000 	C:\Windows\SYSTEM32\IPHLPAPI.DLL
0x00007ffec3a10000 - 0x00007ffec3a18000 	C:\Windows\System32\NSI.dll
0x00007ffebc3e0000 - 0x00007ffebc3f7000 	C:\Windows\SYSTEM32\dhcpcsvc6.DLL
0x00007ffebc420000 - 0x00007ffebc43d000 	C:\Windows\SYSTEM32\dhcpcsvc.DLL
0x00007ffec2150000 - 0x00007ffec221a000 	C:\Windows\SYSTEM32\DNSAPI.dll
0x00007ffea78d0000 - 0x00007ffea78d7000 	C:\Windows\system32\wshunix.dll

dbghelp: loaded successfully - version: 4.0.5 - missing functions: none
symbol engine: initialized successfully - sym options: 0x614 - pdb path: .;C:\Program Files\Android\Android Studio\jbr\bin;C:\Windows\SYSTEM32;C:\Windows\WinSxS\amd64_microsoft.windows.common-controls_6595b64144ccf1df_6.0.19041.3636_none_60b6a03d71f818d5;C:\Program Files\Android\Android Studio\jbr\bin\server;C:\Users\Anas\.gradle\native\68d5fa5c4cc2d200863cafc0d521ce42e7d3e7ee720ec0a83991735586a16f82\windows-amd64;C:\Users\Anas\.gradle\native\e376f236ea51e6404a007f0833ffe2c6e607c4080706a723a18a27aeea778392\windows-amd64

VM Arguments:
jvm_args: --add-opens=java.base/java.util=ALL-UNNAMED --add-opens=java.base/java.lang=ALL-UNNAMED --add-opens=java.base/java.lang.invoke=ALL-UNNAMED --add-opens=java.prefs/java.util.prefs=ALL-UNNAMED --add-opens=java.base/java.nio.charset=ALL-UNNAMED --add-opens=java.base/java.net=ALL-UNNAMED --add-opens=java.base/java.util.concurrent.atomic=ALL-UNNAMED -Xmx2048m -Dfile.encoding=UTF-8 -Duser.country=US -Duser.language=en -Duser.variant -javaagent:C:\Users\Anas\.gradle\wrapper\dists\gradle-8.2-bin\bbg7u40eoinfdyxsxr3z4i7ta\gradle-8.2\lib\agents\gradle-instrumentation-agent-8.2.jar 
java_command: org.gradle.launcher.daemon.bootstrap.GradleDaemon 8.2
java_class_path (initial): C:\Users\Anas\.gradle\wrapper\dists\gradle-8.2-bin\bbg7u40eoinfdyxsxr3z4i7ta\gradle-8.2\lib\gradle-launcher-8.2.jar
Launcher Type: SUN_STANDARD

[Global flags]
     intx CICompilerCount                          = 4                                         {product} {ergonomic}
     uint ConcGCThreads                            = 2                                         {product} {ergonomic}
     uint G1ConcRefinementThreads                  = 8                                         {product} {ergonomic}
   size_t G1HeapRegionSize                         = 1048576                                   {product} {ergonomic}
    uintx GCDrainStackTargetSize                   = 64                                        {product} {ergonomic}
   size_t InitialHeapSize                          = 197132288                                 {product} {ergonomic}
   size_t MarkStackSize                            = 4194304                                   {product} {ergonomic}
   size_t MaxHeapSize                              = 2147483648                                {product} {command line}
   size_t MaxNewSize                               = 1287651328                                {product} {ergonomic}
   size_t MinHeapDeltaBytes                        = 1048576                                   {product} {ergonomic}
   size_t MinHeapSize                              = 8388608                                   {product} {ergonomic}
    uintx NonNMethodCodeHeapSize                   = 5839372                                {pd product} {ergonomic}
    uintx NonProfiledCodeHeapSize                  = 122909434                              {pd product} {ergonomic}
    uintx ProfiledCodeHeapSize                     = 122909434                              {pd product} {ergonomic}
    uintx ReservedCodeCacheSize                    = 251658240                              {pd product} {ergonomic}
     bool SegmentedCodeCache                       = true                                      {product} {ergonomic}
   size_t SoftMaxHeapSize                          = 2147483648                             {manageable} {ergonomic}
     bool UseCompressedClassPointers               = true                           {product lp64_product} {ergonomic}
     bool UseCompressedOops                        = true                           {product lp64_product} {ergonomic}
     bool UseG1GC                                  = true                                      {product} {ergonomic}
     bool UseLargePagesIndividualAllocation        = false                                  {pd product} {ergonomic}

Logging:
Log output configuration:
 #0: stdout all=warning uptime,level,tags
 #1: stderr all=off uptime,level,tags

Environment Variables:
PATH=C:\Program Files\Microsoft MPI\Bin\;C:\Program Files\Common Files\Oracle\Java\javapath;C:\Windows\system32;C:\Windows;C:\Windows\System32\Wbem;C:\Windows\System32\WindowsPowerShell\v1.0\;C:\Windows\System32\OpenSSH\;C:\Program Files\nodejs\;C:\Program Files\Git\cmd;C:\Program Files\Cloudflare\Cloudflare WARP\;C:\Program Files\PostgreSQL\15\bin;C:\Program Files (x86)\Microsoft SQL Server\160\Tools\Binn\;C:\Program Files\Microsoft SQL Server\160\Tools\Binn\;C:\Program Files\Microsoft SQL Server\Client SDK\ODBC\170\Tools\Binn\;C:\Program Files\Microsoft SQL Server\160\DTS\Binn\;C:\Program Files (x86)\Microsoft SQL Server\160\DTS\Binn\;C:\Users\Anas\AppData\Local\Microsoft\WindowsApps;C:\Users\Anas\AppData\Local\Programs\Microsoft VS Code\bin;C:\Users\Anas\AppData\Local\GitHubDesktop\bin;C:\Users\Anas\AppData\Roaming\npm;C:\Users\Anas\AppData\Local\Android\Sdk\platform-tools\;C:\Program Files\PostgreSQL\15\bin;
USERNAME=Anas
OS=Windows_NT
PROCESSOR_IDENTIFIER=Intel64 Family 6 Model 140 Stepping 1, GenuineIntel
TMP=C:\Users\Anas\AppData\Local\Temp
TEMP=C:\Users\Anas\AppData\Local\Temp


JNI global refs:
JNI global refs: 25, weak refs: 0

JNI global refs memory usage: 843, weak refs: 841

OOME stack traces (most recent first):
Classloader memory used:
Loader org.gradle.internal.classloader.VisitableURLClassLoader                         : 3856K
Loader bootstrap                                                                       : 2414K
Loader org.gradle.initialization.MixInLegacyTypesClassLoader                           : 686K
Loader org.gradle.internal.classloader.VisitableURLClassLoader$InstrumentingVisitableURLClassLoader: 75739B
Loader jdk.internal.loader.ClassLoaders$PlatformClassLoader                            : 65470B
Loader org.gradle.internal.classloader.VisitableURLClassLoader                         : 52146B
Loader jdk.internal.loader.ClassLoaders$AppClassLoader                                 : 28080B
Loader jdk.internal.reflect.DelegatingClassLoader                                      : 25833B
Loader org.gradle.groovy.scripts.internal.DefaultScriptCompilationHandler$ScriptClassLoader: 11502B
Loader org.codehaus.groovy.runtime.callsite.CallSiteClassLoader                        : 6353B

Classes loaded by more than one classloader:
Class org.gradle.api.GradleException                                                  : loaded 3 times (x 80B)
Class org.gradle.util.GradleVersion                                                   : loaded 2 times (x 81B)
Class org.jetbrains.plugins.gradle.model.MavenRepositoryModel                         : loaded 2 times (x 68B)
Class org.gradle.internal.classpath.ClassPath                                         : loaded 2 times (x 68B)
Class org.gradle.api.internal.classpath.DefaultModuleRegistry                         : loaded 2 times (x 84B)
Class com.intellij.openapi.externalSystem.model.ExternalSystemException               : loaded 2 times (x 84B)
Class org.gradle.api.Action                                                           : loaded 2 times (x 68B)
Class org.jetbrains.plugins.gradle.model.ExternalProject                              : loaded 2 times (x 68B)
Class org.gradle.api.internal.DefaultClassPathProvider                                : loaded 2 times (x 74B)
Class org.gradle.internal.installation.GradleInstallation$1                           : loaded 2 times (x 73B)
Class org.gradle.internal.exceptions.DefaultMultiCauseException                       : loaded 2 times (x 85B)
Class org.gradle.internal.time.MonotonicClock                                         : loaded 2 times (x 75B)
Class org.gradle.internal.classloader.FilteringClassLoader                            : loaded 2 times (x 102B)
Class org.gradle.tooling.model.Model                                                  : loaded 2 times (x 68B)
Class org.gradle.internal.classpath.DefaultClassPath$ImmutableUniqueList$Builder      : loaded 2 times (x 73B)
Class org.gradle.internal.classloader.ClassLoaderVisitor                              : loaded 2 times (x 74B)
Class org.gradle.internal.time.DefaultCountdownTimer                                  : loaded 2 times (x 86B)
Class org.gradle.internal.service.DefaultServiceLocator                               : loaded 2 times (x 81B)
Class org.gradle.internal.service.UnknownServiceException                             : loaded 2 times (x 81B)
Class org.gradle.internal.classloader.DefaultClassLoaderFactory                       : loaded 2 times (x 80B)
Class org.gradle.internal.classloader.VisitableURLClassLoader$Spec                    : loaded 2 times (x 72B)
Class org.gradle.tooling.model.ProjectModel                                           : loaded 2 times (x 68B)
Class org.gradle.internal.installation.GradleInstallation                             : loaded 2 times (x 73B)
Class org.gradle.api.internal.classpath.ModuleRegistry                                : loaded 2 times (x 68B)
Class org.jetbrains.plugins.gradle.model.RepositoriesModel                            : loaded 2 times (x 68B)
Class kotlin.jvm.internal.markers.KMappedMarker                                       : loaded 2 times (x 68B)
Class org.gradle.api.internal.ClassPathProvider                                       : loaded 2 times (x 68B)
Class org.gradle.internal.classloader.ClasspathUtil$1                                 : loaded 2 times (x 74B)
Class org.gradle.internal.classloader.ClassLoaderFactory                              : loaded 2 times (x 68B)
Class org.gradle.api.internal.classpath.ManifestUtil                                  : loaded 2 times (x 69B)
Class org.gradle.api.specs.Spec                                                       : loaded 2 times (x 68B)
Class org.gradle.internal.IoActions                                                   : loaded 2 times (x 69B)
Class org.gradle.api.internal.classpath.EffectiveClassPath                            : loaded 2 times (x 88B)
Class kotlin.jvm.internal.DefaultConstructorMarker                                    : loaded 2 times (x 69B)
Class org.gradle.internal.installation.CurrentGradleInstallation                      : loaded 2 times (x 71B)
Class org.gradle.internal.agents.InstrumentingClassLoader                             : loaded 2 times (x 68B)
Class org.gradle.internal.installation.CurrentGradleInstallationLocator               : loaded 2 times (x 69B)
Class org.gradle.api.internal.classpath.Module                                        : loaded 2 times (x 68B)
Class org.gradle.internal.service.CachingServiceLocator                               : loaded 2 times (x 80B)
Class org.gradle.internal.time.Timer                                                  : loaded 2 times (x 68B)
Class org.gradle.internal.classpath.DefaultClassPath                                  : loaded 2 times (x 88B)
Class kotlin.jvm.functions.Function1                                                  : loaded 2 times (x 68B)
Class org.gradle.internal.time.Time                                                   : loaded 2 times (x 69B)
Class org.gradle.internal.time.TimeSource$1                                           : loaded 2 times (x 75B)
Class org.gradle.internal.classloader.SystemClassLoaderSpec                           : loaded 2 times (x 69B)
Class sync_studio_tooling2_7sd9psnqe5gbeuvu7q32xkp5u$_run_closure1                    : loaded 2 times (x 134B)
Class kotlin.Function                                                                 : loaded 2 times (x 68B)
Class org.gradle.api.UncheckedIOException                                             : loaded 2 times (x 80B)
Class ijinit_58egk6e5rx62o8nuu1sqzvksc                                                : loaded 2 times (x 177B)
Class org.gradle.internal.time.CountdownTimer                                         : loaded 2 times (x 68B)
Class org.gradle.internal.time.Clock                                                  : loaded 2 times (x 68B)
Class org.gradle.internal.classloader.ClasspathUtil                                   : loaded 2 times (x 69B)
Class org.gradle.api.internal.DefaultClassPathRegistry                                : loaded 2 times (x 74B)
Class org.gradle.api.internal.classpath.DefaultModuleRegistry$DefaultModule           : loaded 2 times (x 84B)
Class org.gradle.internal.time.TimeSource                                             : loaded 2 times (x 68B)
Class org.gradle.api.internal.classpath.UnknownModuleException                        : loaded 2 times (x 80B)
Class org.gradle.internal.service.ServiceLookupException                              : loaded 2 times (x 80B)
Class org.gradle.cache.GlobalCache                                                    : loaded 2 times (x 68B)
Class [Lorg.gradle.api.internal.ClassPathProvider;                                    : loaded 2 times (x 67B)
Class org.gradle.internal.operations.MultipleBuildOperationFailures                   : loaded 2 times (x 85B)
Class org.gradle.util.internal.GUtil                                                  : loaded 2 times (x 69B)
Class org.gradle.internal.classloader.ClassLoaderSpec                                 : loaded 2 times (x 69B)
Class sync_studio_tooling2_7sd9psnqe5gbeuvu7q32xkp5u                                  : loaded 2 times (x 177B)
Class org.gradle.internal.classloader.VisitableURLClassLoader                         : loaded 2 times (x 114B)
Class org.gradle.internal.Cast                                                        : loaded 2 times (x 69B)
Class org.gradle.api.internal.ClassPathRegistry                                       : loaded 2 times (x 68B)
Class org.gradle.internal.classloader.VisitableURLClassLoader$InstrumentingVisitableURLClassLoader: loaded 2 times (x 120B)
Class org.gradle.internal.classloader.ClassLoaderHierarchy                            : loaded 2 times (x 68B)
Class org.gradle.internal.exceptions.MultiCauseException                              : loaded 2 times (x 68B)
Class org.gradle.internal.InternalTransformer                                         : loaded 2 times (x 68B)
Class org.gradle.internal.service.ServiceLocator                                      : loaded 2 times (x 68B)
Class org.gradle.internal.classpath.DefaultClassPath$ImmutableUniqueList              : loaded 2 times (x 159B)
Class org.gradle.internal.time.DefaultTimer                                           : loaded 2 times (x 78B)
Class org.gradle.internal.classpath.TransformedClassPath                              : loaded 2 times (x 94B)


---------------  S Y S T E M  ---------------

OS:
 Windows 10 , 64 bit Build 19041 (10.0.19041.3636)
OS uptime: 0 days 1:24 hours

CPU: total 8 (initial active 8) (4 cores per cpu, 2 threads per core) family 6 model 140 stepping 1 microcode 0xa6, cx8, cmov, fxsr, ht, mmx, 3dnowpref, sse, sse2, sse3, ssse3, sse4.1, sse4.2, popcnt, lzcnt, tsc, tscinvbit, avx, avx2, aes, erms, clmul, bmi1, bmi2, adx, avx512f, avx512dq, avx512cd, avx512bw, avx512vl, sha, fma, vzeroupper, avx512_vpopcntdq, avx512_vpclmulqdq, avx512_vaes, avx512_vnni, clflush, clflushopt, clwb, avx512_vbmi2, avx512_vbmi

Memory: 4k page, system-wide physical 11930M (1865M free)
TotalPageFile size 13978M (AvailPageFile size 26M)
current process WorkingSet (physical memory assigned to process): 298M, peak: 307M
current process commit charge ("private bytes"): 405M, peak: 432M

vm_info: OpenJDK 64-Bit Server VM (17.0.7+0-b2043.56-10550314) for windows-amd64 JRE (17.0.7+0-b2043.56-10550314), built on Jul 24 2023 18:27:45 by "androidbuild" with MS VC++ 16.10 / 16.11 (VS2019)

END.
